Watching for file changes with StatReloader
Waiting for apps ready_event.
Apps ready_event triggered. Sending autoreload_started signal.
Watching dir C:\Users\gaabs\Dropbox\all_e-learing\e-learning\e_learning\templates with glob **/*.
Watching dir C:\Users\gaabs\Dropbox\all_e-learing\e-learning\e_learning\locale with glob **/*.mo.
Watching dir C:\Users\gaabs\Dropbox\all_e-learing\e-learning\e_learning\account_app\locale with glob **/*.mo.
Watching dir C:\Users\gaabs\Dropbox\all_e-learing\e-learning\e_learning\home_page_app\locale with glob **/*.mo.
Watching dir C:\Users\gaabs\Dropbox\all_e-learing\e-learning\e_learning\admin_page_app\locale with glob **/*.mo.
File C:\Users\gaabs\AppData\Roaming\Python\Python311\site-packages\django\conf\global_settings.py first seen with mtime 1697813543.5114615
File C:\Program Files\Python311\Lib\importlib\__init__.py first seen with mtime 1686106818.0
File C:\Users\gaabs\AppData\Roaming\Python\Python311\site-packages\colorama\ansi.py first seen with mtime 1694862497.1840014
File C:\Program Files\Python311\Lib\socket.py first seen with mtime 1686106818.0
File C:\Users\gaabs\AppData\Roaming\Python\Python311\site-packages\django\contrib\auth\checks.py first seen with mtime 1697813545.3103812
File C:\Users\gaabs\AppData\Roaming\Python\Python311\site-packages\django\db\__init__.py first seen with mtime 1697813550.2025628
File C:\Users\gaabs\AppData\Roaming\Python\Python311\site-packages\django\contrib\staticfiles\handlers.py first seen with mtime 1697813549.969933
File C:\Program Files\Python311\Lib\email\_parseaddr.py first seen with mtime 1686106818.0
File C:\Program Files\Python311\Lib\encodings\aliases.py first seen with mtime 1686106818.0
File C:\Users\gaabs\AppData\Roaming\Python\Python311\site-packages\django\__init__.py first seen with mtime 1697813543.5014722
File C:\Program Files\Python311\Lib\heapq.py first seen with mtime 1686106818.0
File C:\Users\gaabs\AppData\Roaming\Python\Python311\site-packages\sqlparse\filters\others.py first seen with mtime 1692159506.1524053
File C:\Program Files\Python311\Lib\unittest\runner.py first seen with mtime 1686106818.0
File C:\Users\gaabs\AppData\Roaming\Python\Python311\site-packages\django\contrib\sitemaps\__init__.py first seen with mtime 1697813549.5797105
File C:\Users\gaabs\AppData\Roaming\Python\Python311\site-packages\django\apps\registry.py first seen with mtime 1697813543.5084374
File C:\Users\gaabs\AppData\Roaming\Python\Python311\site-packages\asgiref\current_thread_executor.py first seen with mtime 1692159506.31769
File C:\Users\gaabs\AppData\Roaming\Python\Python311\site-packages\django\core\files\__init__.py first seen with mtime 1697813550.0744717
File C:\Users\gaabs\AppData\Roaming\Python\Python311\site-packages\django\db\backends\base\base.py first seen with mtime 1697813550.2165623
File C:\Program Files\Python311\Lib\functools.py first seen with mtime 1686106818.0
File C:\Users\gaabs\AppData\Roaming\Python\Python311\site-packages\django\urls\base.py first seen with mtime 1697813550.7223423
File C:\Users\gaabs\AppData\Roaming\Python\Python311\site-packages\django\template\backends\__init__.py first seen with mtime 1697813550.6677985
File C:\Users\gaabs\Dropbox\all_e-learing\e-learning\e_learning\e_learning\settings.py first seen with mtime 1722404158.85257
File C:\Users\gaabs\AppData\Roaming\Python\Python311\site-packages\django\utils\decorators.py first seen with mtime 1697813550.7653499
File C:\Users\gaabs\AppData\Roaming\Python\Python311\site-packages\django\contrib\auth\apps.py first seen with mtime 1697813545.304378
File C:\Program Files\Python311\Lib\wsgiref\headers.py first seen with mtime 1686106818.0
File C:\Program Files\Python311\DLLs\_ssl.pyd first seen with mtime 1686106894.0
File C:\Program Files\Python311\Lib\email\header.py first seen with mtime 1686106818.0
File C:\Users\gaabs\AppData\Roaming\Python\Python311\site-packages\django\core\mail\__init__.py first seen with mtime 1697813550.1080058
File C:\Program Files\Python311\Lib\gettext.py first seen with mtime 1686106818.0
File C:\Program Files\Python311\Lib\logging\__init__.py first seen with mtime 1686106818.0
File C:\Users\gaabs\AppData\Roaming\Python\Python311\site-packages\django\utils\http.py first seen with mtime 1697813550.7859058
File C:\Users\gaabs\AppData\Roaming\Python\Python311\site-packages\django\db\backends\base\schema.py first seen with mtime 1697813550.227568
File C:\Users\gaabs\AppData\Roaming\Python\Python311\site-packages\django\contrib\admin\views\autocomplete.py first seen with mtime 1697813544.8376267
File C:\Program Files\Python311\Lib\email\encoders.py first seen with mtime 1686106818.0
File C:\Program Files\Python311\Lib\ctypes\__init__.py first seen with mtime 1686106818.0
File C:\Program Files\Python311\Lib\dataclasses.py first seen with mtime 1686106818.0
File C:\Users\gaabs\AppData\Roaming\Python\Python311\site-packages\django\contrib\admin\exceptions.py first seen with mtime 1697813543.9960284
File C:\Users\gaabs\AppData\Roaming\Python\Python311\site-packages\django\template\loader_tags.py first seen with mtime 1697813550.6597993
File C:\Users\gaabs\AppData\Roaming\Python\Python311\site-packages\django\core\files\storage.py first seen with mtime 1697813550.0900102
File C:\Users\gaabs\AppData\Roaming\Python\Python311\site-packages\django\urls\exceptions.py first seen with mtime 1697813550.7283447
File C:\Users\gaabs\AppData\Roaming\Python\Python311\site-packages\django\core\checks\__init__.py first seen with mtime 1697813550.0434523
File C:\Users\gaabs\AppData\Roaming\Python\Python311\site-packages\django\db\models\query.py first seen with mtime 1697813550.3721387
File C:\Program Files\Python311\Lib\asyncio\events.py first seen with mtime 1686106818.0
File C:\Users\gaabs\AppData\Roaming\Python\Python311\site-packages\whitenoise\media_types.py first seen with mtime 1697800485.3894944
File C:\Program Files\Python311\Lib\re\_constants.py first seen with mtime 1686106818.0
File C:\Users\gaabs\AppData\Roaming\Python\Python311\site-packages\django\utils\tree.py first seen with mtime 1697813550.8228989
File C:\Users\gaabs\AppData\Roaming\Python\Python311\site-packages\django\views\defaults.py first seen with mtime 1697813550.8449054
File C:\Users\gaabs\AppData\Roaming\Python\Python311\site-packages\django\db\backends\base\client.py first seen with mtime 1697813550.218559
File C:\Program Files\Python311\Lib\asyncio\staggered.py first seen with mtime 1686106818.0
File C:\Users\gaabs\AppData\Roaming\Python\Python311\site-packages\django\utils\asyncio.py first seen with mtime 1697813550.740344
File C:\Program Files\Python311\Lib\asyncio\base_events.py first seen with mtime 1686106818.0
File C:\Users\gaabs\AppData\Roaming\Python\Python311\site-packages\django\db\models\aggregates.py first seen with mtime 1697813550.3461144
File C:\Users\gaabs\AppData\Roaming\Python\Python311\site-packages\sqlparse\__init__.py first seen with mtime 1692159506.1394675
File C:\Users\gaabs\AppData\Roaming\Python\Python311\site-packages\django\contrib\auth\password_validation.py first seen with mtime 1697813545.3283813
File C:\Users\gaabs\AppData\Roaming\Python\Python311\site-packages\django\contrib\sitemaps\views.py first seen with mtime 1697813549.582709
File C:\Users\gaabs\AppData\Roaming\Python\Python311\site-packages\sqlparse\filters\tokens.py first seen with mtime 1692159506.155903
File C:\Users\gaabs\Dropbox\all_e-learing\e-learning\e_learning\admin_page_app\admin.py first seen with mtime 1721373106.9239905
File C:\Users\gaabs\AppData\Roaming\Python\Python311\site-packages\sqlparse\lexer.py first seen with mtime 1692159506.1444316
File C:\Users\gaabs\AppData\Roaming\Python\Python311\site-packages\django\template\autoreload.py first seen with mtime 1697813550.6407988
File C:\Program Files\Python311\Lib\operator.py first seen with mtime 1686106818.0
File C:\Users\gaabs\AppData\Roaming\Python\Python311\site-packages\MySQLdb\converters.py first seen with mtime 1694887692.1446183
File C:\Users\gaabs\AppData\Roaming\Python\Python311\site-packages\django\db\backends\mysql\introspection.py first seen with mtime 1697813550.2475605
File C:\Program Files\Python311\Lib\fnmatch.py first seen with mtime 1686106818.0
File C:\Users\gaabs\Dropbox\all_e-learing\e-learning\e_learning\home_page_app\__init__.py first seen with mtime 1721373093.2569911
File C:\Users\gaabs\AppData\Roaming\Python\Python311\site-packages\django\http\cookie.py first seen with mtime 1697813550.612799
File C:\Users\gaabs\AppData\Roaming\Python\Python311\site-packages\sqlparse\filters\__init__.py first seen with mtime 1692159506.1514096
File C:\Program Files\Python311\Lib\concurrent\futures\__init__.py first seen with mtime 1686106818.0
File C:\Program Files\Python311\Lib\unittest\result.py first seen with mtime 1686106818.0
File C:\Program Files\Python311\Lib\email\headerregistry.py first seen with mtime 1686106818.0
File C:\Users\gaabs\AppData\Roaming\Python\Python311\site-packages\django\contrib\admin\templatetags\admin_list.py first seen with mtime 1697813544.8266313
File C:\Users\gaabs\AppData\Roaming\Python\Python311\site-packages\django\views\generic\dates.py first seen with mtime 1697813550.8739262
File C:\Program Files\Python311\Lib\pprint.py first seen with mtime 1686106818.0
File C:\Users\gaabs\AppData\Roaming\Python\Python311\site-packages\django\core\checks\security\csrf.py first seen with mtime 1697813550.071478
File C:\Program Files\Python311\Lib\calendar.py first seen with mtime 1686106818.0
File C:\Program Files\Python311\Lib\asyncio\log.py first seen with mtime 1686106818.0
File C:\Program Files\Python311\Lib\json\encoder.py first seen with mtime 1686106818.0
File C:\Program Files\Python311\Lib\asyncio\trsock.py first seen with mtime 1686106818.0
File C:\Program Files\Python311\Lib\email\base64mime.py first seen with mtime 1686106818.0
File C:\Users\gaabs\AppData\Roaming\Python\Python311\site-packages\django\db\migrations\exceptions.py first seen with mtime 1697813550.3121119
File C:\Users\gaabs\AppData\Roaming\Python\Python311\site-packages\sqlparse\engine\grouping.py first seen with mtime 1692159506.1494155
File C:\Users\gaabs\AppData\Roaming\Python\Python311\site-packages\whitenoise\base.py first seen with mtime 1697800485.3764975
File C:\Program Files\Python311\Lib\mimetypes.py first seen with mtime 1686106818.0
File C:\Program Files\Python311\Lib\typing.py first seen with mtime 1686106818.0
File C:\Users\gaabs\AppData\Roaming\Python\Python311\site-packages\django\contrib\admin\models.py first seen with mtime 1697813544.0020504
File C:\Users\gaabs\Dropbox\all_e-learing\e-learning\e_learning\account_app\views.py first seen with mtime 1722403974.060369
File C:\Users\gaabs\AppData\Roaming\Python\Python311\site-packages\MySQLdb\times.py first seen with mtime 1694887692.1489599
File C:\Users\gaabs\AppData\Roaming\Python\Python311\site-packages\django\core\checks\security\__init__.py first seen with mtime 1697813550.0684533
File C:\Users\gaabs\AppData\Roaming\Python\Python311\site-packages\django\db\backends\base\creation.py first seen with mtime 1697813550.219561
File C:\Users\gaabs\AppData\Roaming\Python\Python311\site-packages\django\middleware\csrf.py first seen with mtime 1697813550.6288042
File C:\Users\gaabs\AppData\Roaming\Python\Python311\site-packages\django\views\decorators\common.py first seen with mtime 1697813550.8579047
File C:\Program Files\Python311\DLLs\_zoneinfo.pyd first seen with mtime 1686106896.0
File C:\Users\gaabs\AppData\Roaming\Python\Python311\site-packages\django\contrib\admin\helpers.py first seen with mtime 1697813544.0000217
File C:\Users\gaabs\AppData\Roaming\Python\Python311\site-packages\django\core\cache\utils.py first seen with mtime 1697813550.0274584
File C:\Program Files\Python311\Lib\shutil.py first seen with mtime 1686106818.0
File C:\Users\gaabs\AppData\Roaming\Python\Python311\site-packages\django\http\multipartparser.py first seen with mtime 1697813550.6147976
File C:\Users\gaabs\AppData\Roaming\Python\Python311\site-packages\django\template\loaders\__init__.py first seen with mtime 1697813550.6778147
File C:\Users\gaabs\AppData\Roaming\Python\Python311\site-packages\django\contrib\__init__.py first seen with mtime 1697813543.9870255
File C:\Users\gaabs\AppData\Roaming\Python\Python311\site-packages\django\template\loaders\app_directories.py first seen with mtime 1697813550.6808195
File C:\Users\gaabs\AppData\Roaming\Python\Python311\site-packages\django\contrib\admin\utils.py first seen with mtime 1697813544.0070224
File C:\Users\gaabs\AppData\Roaming\Python\Python311\site-packages\django\contrib\auth\admin.py first seen with mtime 1697813545.3023758
File C:\Program Files\Python311\Lib\asyncio\subprocess.py first seen with mtime 1686106818.0
File C:\Users\gaabs\AppData\Roaming\Python\Python311\site-packages\django\core\checks\database.py first seen with mtime 1697813550.0494561
File C:\Users\gaabs\AppData\Roaming\Python\Python311\site-packages\django\db\models\functions\comparison.py first seen with mtime 1697813550.4006834
File C:\Users\gaabs\AppData\Roaming\Python\Python311\site-packages\django\forms\forms.py first seen with mtime 1697813550.4396796
File C:\Users\gaabs\AppData\Roaming\Python\Python311\site-packages\django\utils\dates.py first seen with mtime 1697813550.759346
File C:\Users\gaabs\Dropbox\all_e-learing\e-learning\e_learning\home_page_app\views.py first seen with mtime 1722364668.6570642
File C:\Users\gaabs\AppData\Roaming\Python\Python311\site-packages\django\contrib\sessions\models.py first seen with mtime 1697813549.0659268
File C:\Users\gaabs\AppData\Roaming\Python\Python311\site-packages\django\views\decorators\csrf.py first seen with mtime 1697813550.859903
File C:\Program Files\Python311\Lib\difflib.py first seen with mtime 1686106818.0
File C:\Program Files\Python311\Lib\urllib\error.py first seen with mtime 1686106818.0
File C:\Program Files\Python311\Lib\reprlib.py first seen with mtime 1686106818.0
File C:\Users\gaabs\AppData\Roaming\Python\Python311\site-packages\django\db\models\fields\reverse_related.py first seen with mtime 1697813550.3966768
File C:\Users\gaabs\AppData\Roaming\Python\Python311\site-packages\MySQLdb\constants\CLIENT.py first seen with mtime 1694887692.1499593
File C:\Users\gaabs\AppData\Roaming\Python\Python311\site-packages\django\core\files\images.py first seen with mtime 1697813550.0849898
File C:\Program Files\Python311\Lib\_markupbase.py first seen with mtime 1686106818.0
File C:\Users\gaabs\AppData\Roaming\Python\Python311\site-packages\django\core\management\color.py first seen with mtime 1697813550.1340141
File C:\Users\gaabs\Dropbox\all_e-learing\e-learning\e_learning\account_app\utils.py first seen with mtime 1722376169.6306317
File C:\Users\gaabs\AppData\Roaming\Python\Python311\site-packages\django\core\cache\backends\locmem.py first seen with mtime 1697813550.0384521
File C:\Users\gaabs\Dropbox\all_e-learing\e-learning\e_learning\e_learning\sitemaps.py first seen with mtime 1721673075.2653022
File C:\Users\gaabs\AppData\Roaming\Python\Python311\site-packages\django\db\models\sql\datastructures.py first seen with mtime 1697813550.4186804
File C:\Users\gaabs\AppData\Roaming\Python\Python311\site-packages\django\db\models\fields\related_lookups.py first seen with mtime 1697813550.3946788
File C:\Users\gaabs\AppData\Roaming\Python\Python311\site-packages\django\template\backends\django.py first seen with mtime 1697813550.6718135
File C:\Users\gaabs\AppData\Roaming\Python\Python311\site-packages\django\db\models\manager.py first seen with mtime 1697813550.366113
File C:\Users\gaabs\AppData\Roaming\Python\Python311\site-packages\sqlparse\sql.py first seen with mtime 1692159506.1454284
File C:\Users\gaabs\AppData\Roaming\Python\Python311\site-packages\sqlparse\utils.py first seen with mtime 1692159506.146425
File C:\Users\gaabs\AppData\Roaming\Python\Python311\site-packages\django\contrib\contenttypes\forms.py first seen with mtime 1697813545.8441453
File C:\Users\gaabs\AppData\Roaming\Python\Python311\site-packages\django\utils\termcolors.py first seen with mtime 1697813550.8119032
File C:\Users\gaabs\AppData\Roaming\Python\Python311\site-packages\django\template\utils.py first seen with mtime 1697813550.6667974
File C:\Users\gaabs\AppData\Roaming\Python\Python311\site-packages\django\db\backends\mysql\operations.py first seen with mtime 1697813550.249564
File C:\Users\gaabs\AppData\Roaming\Python\Python311\site-packages\django\utils\topological_sort.py first seen with mtime 1697813550.8209002
File C:\Users\gaabs\AppData\Roaming\Python\Python311\site-packages\django\contrib\staticfiles\management\commands\runserver.py first seen with mtime 1697813550.0024533
File C:\Program Files\Python311\Lib\json\scanner.py first seen with mtime 1686106818.0
File C:\Program Files\Python311\Lib\selectors.py first seen with mtime 1686106818.0
File C:\Users\gaabs\AppData\Roaming\Python\Python311\site-packages\django\db\models\fields\proxy.py first seen with mtime 1697813550.3886793
File C:\Program Files\Python311\Lib\site-packages\_distutils_hack\__init__.py first seen with mtime 1692175319.165682
File C:\Users\gaabs\Dropbox\all_e-learing\e-learning\e_learning\e_learning\__init__.py first seen with mtime 1721112795.0665264
File C:\Users\gaabs\AppData\Roaming\Python\Python311\site-packages\django\views\decorators\__init__.py first seen with mtime 1697813550.8509028
File C:\Program Files\Python311\Lib\re\_parser.py first seen with mtime 1686106818.0
File C:\Users\gaabs\AppData\Roaming\Python\Python311\site-packages\django\contrib\auth\base_user.py first seen with mtime 1697813545.3083766
File C:\Users\gaabs\AppData\Roaming\Python\Python311\site-packages\django\utils\timesince.py first seen with mtime 1697813550.8169043
File C:\Program Files\Python311\Lib\types.py first seen with mtime 1686106818.0
File C:\Users\gaabs\AppData\Roaming\Python\Python311\site-packages\django\contrib\contenttypes\checks.py first seen with mtime 1697813545.8401475
File C:\Users\gaabs\AppData\Roaming\Python\Python311\site-packages\sqlparse\formatter.py first seen with mtime 1692159506.1434352
File C:\Users\gaabs\AppData\Roaming\Python\Python311\site-packages\django\core\checks\caches.py first seen with mtime 1697813550.0474524
File C:\Users\gaabs\AppData\Roaming\Python\Python311\site-packages\django\contrib\messages\apps.py first seen with mtime 1697813548.162914
File C:\Users\gaabs\AppData\Roaming\Python\Python311\site-packages\django\contrib\messages\constants.py first seen with mtime 1697813548.1649158
File C:\Users\gaabs\AppData\Roaming\Python\Python311\site-packages\django\core\management\__init__.py first seen with mtime 1697813550.1310143
File C:\Users\gaabs\AppData\Roaming\Python\Python311\site-packages\sqlparse\filters\right_margin.py first seen with mtime 1692159506.1543982
File C:\Program Files\Python311\Lib\asyncio\base_subprocess.py first seen with mtime 1686106818.0
File C:\Users\gaabs\AppData\Roaming\Python\Python311\site-packages\django\templatetags\i18n.py first seen with mtime 1697813550.6943414
File C:\Program Files\Python311\Lib\asyncio\constants.py first seen with mtime 1686106818.0
File C:\Users\gaabs\AppData\Roaming\Python\Python311\site-packages\django\contrib\contenttypes\apps.py first seen with mtime 1697813545.839146
File C:\Users\gaabs\AppData\Roaming\Python\Python311\site-packages\django\views\generic\__init__.py first seen with mtime 1697813550.868904
File C:\Users\gaabs\AppData\Roaming\Python\Python311\site-packages\django\conf\urls\static.py first seen with mtime 1697813543.9850245
File C:\Users\gaabs\AppData\Roaming\Python\Python311\site-packages\django\db\backends\__init__.py first seen with mtime 1697813550.2075617
File C:\Users\gaabs\AppData\Roaming\Python\Python311\site-packages\django\utils\deconstruct.py first seen with mtime 1697813550.7633479
File C:\Users\gaabs\AppData\Roaming\Python\Python311\site-packages\django\db\backends\mysql\__init__.py first seen with mtime 1697813550.2365596
File C:\Program Files\Python311\Lib\logging\handlers.py first seen with mtime 1686106818.0
File C:\Users\gaabs\AppData\Roaming\Python\Python311\site-packages\django\core\files\temp.py first seen with mtime 1697813550.0920143
File C:\Users\gaabs\AppData\Roaming\Python\Python311\site-packages\django\contrib\admin\templatetags\admin_modify.py first seen with mtime 1697813544.8286312
File C:\Users\gaabs\AppData\Roaming\Python\Python311\site-packages\django\forms\fields.py first seen with mtime 1697813550.437683
File C:\Program Files\Python311\Lib\encodings\cp1252.py first seen with mtime 1686106818.0
File C:\Users\gaabs\AppData\Roaming\Python\Python311\site-packages\django\contrib\staticfiles\checks.py first seen with mtime 1697813549.956929
File C:\Users\gaabs\AppData\Roaming\Python\Python311\site-packages\django\db\models\constants.py first seen with mtime 1697813550.3501134
File C:\Users\gaabs\AppData\Roaming\Python\Python311\site-packages\django\db\backends\base\introspection.py first seen with mtime 1697813550.2235582
File C:\Program Files\Python311\Lib\email\mime\multipart.py first seen with mtime 1686106818.0
File C:\Users\gaabs\AppData\Roaming\Python\Python311\site-packages\django\contrib\contenttypes\models.py first seen with mtime 1697813545.8461475
File C:\Program Files\Python311\Lib\numbers.py first seen with mtime 1686106818.0
File C:\Users\gaabs\AppData\Roaming\Python\Python311\site-packages\django\contrib\admin\templatetags\log.py first seen with mtime 1697813544.8346293
File C:\Users\gaabs\AppData\Roaming\Python\Python311\site-packages\django\core\checks\translation.py first seen with mtime 1697813550.0604565
File C:\Users\gaabs\AppData\Roaming\Python\Python311\site-packages\sqlparse\filters\output.py first seen with mtime 1692159506.1534019
File C:\Users\gaabs\AppData\Roaming\Python\Python311\site-packages\django\utils\inspect.py first seen with mtime 1697813550.7908983
File C:\Users\gaabs\AppData\Roaming\Python\Python311\site-packages\django\db\models\constraints.py first seen with mtime 1697813550.353119
File C:\Users\gaabs\AppData\Roaming\Python\Python311\site-packages\django\contrib\staticfiles\apps.py first seen with mtime 1697813549.9559298
File C:\Users\gaabs\AppData\Roaming\Python\Python311\site-packages\sqlparse\filters\reindent.py first seen with mtime 1692159506.1534019
File C:\Users\gaabs\AppData\Roaming\Python\Python311\site-packages\django\utils\__init__.py first seen with mtime 1697813550.7343485
File C:\Users\gaabs\AppData\Roaming\Python\Python311\site-packages\django\contrib\contenttypes\fields.py first seen with mtime 1697813545.8411462
File C:\Program Files\Python311\Lib\subprocess.py first seen with mtime 1686106818.0
File C:\Users\gaabs\AppData\Roaming\Python\Python311\site-packages\django\core\checks\registry.py first seen with mtime 1697813550.057454
File C:\Program Files\Python311\DLLs\_overlapped.pyd first seen with mtime 1686106894.0
File C:\Program Files\Python311\Lib\copy.py first seen with mtime 1686106818.0
File C:\Users\gaabs\AppData\Roaming\Python\Python311\site-packages\django\utils\connection.py first seen with mtime 1697813550.7493434
File C:\Users\gaabs\AppData\Roaming\Python\Python311\site-packages\django\core\files\locks.py first seen with mtime 1697813550.0870118
File C:\Program Files\Python311\Lib\email\iterators.py first seen with mtime 1686106818.0
File C:\Program Files\Python311\Lib\collections\__init__.py first seen with mtime 1686106818.0
File C:\Users\gaabs\AppData\Roaming\Python\Python311\site-packages\django\db\migrations\migration.py first seen with mtime 1697813550.3211107
File C:\Program Files\Python311\Lib\asyncio\selector_events.py first seen with mtime 1686106818.0
File C:\Users\gaabs\AppData\Roaming\Python\Python311\site-packages\MySQLdb\release.py first seen with mtime 1694887692.1479464
File C:\Users\gaabs\AppData\Roaming\Python\Python311\site-packages\django\db\models\utils.py first seen with mtime 1697813550.3781412
File C:\Users\gaabs\AppData\Roaming\Python\Python311\site-packages\django\db\models\fields\json.py first seen with mtime 1697813550.3846607
File C:\Users\gaabs\AppData\Roaming\Python\Python311\site-packages\django\contrib\messages\storage\__init__.py first seen with mtime 1697813548.1739402
File C:\Program Files\Python311\DLLs\_bz2.pyd first seen with mtime 1686106896.0
File C:\Users\gaabs\AppData\Roaming\Python\Python311\site-packages\django\db\migrations\state.py first seen with mtime 1697813550.3301146
File C:\Program Files\Python311\Lib\locale.py first seen with mtime 1686106818.0
File C:\Users\gaabs\AppData\Roaming\Python\Python311\site-packages\django\http\response.py first seen with mtime 1697813550.6188004
File C:\Program Files\Python311\Lib\hashlib.py first seen with mtime 1686106818.0
File C:\Users\gaabs\AppData\Roaming\Python\Python311\site-packages\django\http\__init__.py first seen with mtime 1697813550.610798
File C:\Users\gaabs\AppData\Roaming\Python\Python311\site-packages\django\core\cache\backends\base.py first seen with mtime 1697813550.0304515
File C:\Users\gaabs\AppData\Roaming\Python\Python311\site-packages\django\utils\dateparse.py first seen with mtime 1697813550.757349
File C:\Users\gaabs\AppData\Roaming\Python\Python311\site-packages\django\contrib\sessions\base_session.py first seen with mtime 1697813549.0599294
File C:\Program Files\Python311\Lib\ctypes\wintypes.py first seen with mtime 1686106818.0
File C:\Users\gaabs\AppData\Roaming\Python\Python311\site-packages\django\utils\encoding.py first seen with mtime 1697813550.7713623
File C:\Program Files\Python311\Lib\concurrent\__init__.py first seen with mtime 1686106818.0
File C:\Users\gaabs\Dropbox\all_e-learing\e-learning\e_learning\admin_page_app\views.py first seen with mtime 1722361858.0781577
File C:\Users\gaabs\AppData\Roaming\Python\Python311\site-packages\django\contrib\admin\templatetags\__init__.py first seen with mtime 1697813544.8246284
File C:\Users\gaabs\AppData\Roaming\Python\Python311\site-packages\django\contrib\contenttypes\admin.py first seen with mtime 1697813545.8371482
File C:\Users\gaabs\AppData\Roaming\Python\Python311\site-packages\django\templatetags\l10n.py first seen with mtime 1697813550.6973443
File C:\Users\gaabs\AppData\Roaming\Python\Python311\site-packages\django\views\debug.py first seen with mtime 1697813550.8429043
File C:\Users\gaabs\Dropbox\all_e-learing\e-learning\e_learning\account_app\urls.py first seen with mtime 1722404031.0786502
File C:\Program Files\Python311\Lib\copyreg.py first seen with mtime 1686106818.0
File C:\Users\gaabs\AppData\Roaming\Python\Python311\site-packages\django\db\backends\base\operations.py first seen with mtime 1697813550.2255616
File C:\Users\gaabs\AppData\Roaming\Python\Python311\site-packages\sqlparse\keywords.py first seen with mtime 1692159506.1434352
File C:\Program Files\Python311\Lib\asyncio\format_helpers.py first seen with mtime 1686106818.0
File C:\Program Files\Python311\Lib\email\message.py first seen with mtime 1686106818.0
File C:\Users\gaabs\Dropbox\all_e-learing\e-learning\e_learning\home_page_app\urls.py first seen with mtime 1722364681.716217
File C:\Program Files\Python311\Lib\glob.py first seen with mtime 1686106818.0
File C:\Users\gaabs\AppData\Roaming\Python\Python311\site-packages\django\utils\ipv6.py first seen with mtime 1697813550.7929065
File C:\Users\gaabs\AppData\Roaming\Python\Python311\site-packages\django\db\migrations\operations\base.py first seen with mtime 1697813550.3371162
File C:\Users\gaabs\AppData\Roaming\Python\Python311\site-packages\django\utils\hashable.py first seen with mtime 1697813550.7803667
File C:\Users\gaabs\AppData\Roaming\Python\Python311\site-packages\django\shortcuts.py first seen with mtime 1697813543.503479
File C:\Users\gaabs\Dropbox\all_e-learing\e-learning\e_learning\admin_page_app\utils.py first seen with mtime 1722361824.944145
File C:\Program Files\Python311\Lib\encodings\__init__.py first seen with mtime 1686106818.0
File C:\Program Files\Python311\Lib\concurrent\futures\_base.py first seen with mtime 1686106818.0
File C:\Users\gaabs\AppData\Roaming\Python\Python311\site-packages\sqlparse\filters\aligned_indent.py first seen with mtime 1692159506.1514096
File C:\Users\gaabs\AppData\Roaming\Python\Python311\site-packages\django\core\cache\__init__.py first seen with mtime 1697813550.0254514
File C:\Users\gaabs\AppData\Roaming\Python\Python311\site-packages\django\core\__init__.py first seen with mtime 1697813550.0104544
File C:\Users\gaabs\AppData\Roaming\Python\Python311\site-packages\django\templatetags\static.py first seen with mtime 1697813550.699345
File C:\Program Files\Python311\Lib\random.py first seen with mtime 1686106818.0
File C:\Users\gaabs\AppData\Roaming\Python\Python311\site-packages\django\forms\widgets.py first seen with mtime 1697813550.4496982
File C:\Program Files\Python311\Lib\zoneinfo\_common.py first seen with mtime 1686106818.0
File C:\Users\gaabs\AppData\Roaming\Python\Python311\site-packages\django\contrib\admin\__init__.py first seen with mtime 1697813543.9880466
File C:\Users\gaabs\AppData\Roaming\Python\Python311\site-packages\django\db\models\functions\window.py first seen with mtime 1697813550.410683
File C:\Users\gaabs\AppData\Roaming\Python\Python311\site-packages\django\db\backends\base\__init__.py first seen with mtime 1697813550.2145598
File C:\Users\gaabs\AppData\Roaming\Python\Python311\site-packages\django\urls\__init__.py first seen with mtime 1697813550.7203455
File C:\Users\gaabs\AppData\Roaming\Python\Python311\site-packages\django\core\checks\templates.py first seen with mtime 1697813550.0594537
File C:\Users\gaabs\AppData\Roaming\Python\Python311\site-packages\django\utils\text.py first seen with mtime 1697813550.8139062
File C:\Program Files\Python311\Lib\http\server.py first seen with mtime 1686106818.0
File C:\Users\gaabs\AppData\Roaming\Python\Python311\site-packages\MySQLdb\_mysql.cp311-win_amd64.pyd first seen with mtime 1694887692.139469
File C:\Program Files\Python311\Lib\asyncio\mixins.py first seen with mtime 1686106818.0
File C:\Program Files\Python311\DLLs\_lzma.pyd first seen with mtime 1686106894.0
File C:\Users\gaabs\AppData\Roaming\Python\Python311\site-packages\django\core\files\base.py first seen with mtime 1697813550.076472
File C:\Users\gaabs\AppData\Roaming\Python\Python311\site-packages\django\forms\formsets.py first seen with mtime 1697813550.4416814
File C:\Program Files\Python311\Lib\email\policy.py first seen with mtime 1686106818.0
File C:\Users\gaabs\AppData\Roaming\Python\Python311\site-packages\django\template\backends\base.py first seen with mtime 1697813550.669796
File C:\Users\gaabs\AppData\Roaming\Python\Python311\site-packages\django\contrib\auth\models.py first seen with mtime 1697813545.3263824
File C:\Users\gaabs\AppData\Roaming\Python\Python311\site-packages\django\urls\resolvers.py first seen with mtime 1697813550.7313428
File C:\Program Files\Python311\Lib\email\contentmanager.py first seen with mtime 1686106818.0
File C:\Users\gaabs\AppData\Roaming\Python\Python311\site-packages\sqlparse\tokens.py first seen with mtime 1692159506.146425
File C:\Users\gaabs\Dropbox\all_e-learing\e-learning\e_learning\account_app\__init__.py first seen with mtime 1721373079.9679918
File C:\Users\gaabs\AppData\Roaming\Python\Python311\site-packages\colorama\win32.py first seen with mtime 1694862497.1880305
File C:\Program Files\Python311\Lib\email\mime\nonmultipart.py first seen with mtime 1686106818.0
File C:\Users\gaabs\AppData\Roaming\Python\Python311\site-packages\django\contrib\sessions\__init__.py first seen with mtime 1697813549.0559247
File C:\Users\gaabs\AppData\Roaming\Python\Python311\site-packages\django\template\response.py first seen with mtime 1697813550.6618035
File C:\Program Files\Python311\Lib\_compression.py first seen with mtime 1686106818.0
File C:\Users\gaabs\AppData\Roaming\Python\Python311\site-packages\django\template\__init__.py first seen with mtime 1697813550.6377988
File C:\Program Files\Python311\Lib\datetime.py first seen with mtime 1686106818.0
File C:\Program Files\Python311\Lib\socketserver.py first seen with mtime 1686106818.0
File C:\Program Files\Python311\Lib\json\decoder.py first seen with mtime 1686106818.0
File C:\Program Files\Python311\Lib\uuid.py first seen with mtime 1686106818.0
File C:\Users\gaabs\AppData\Roaming\Python\Python311\site-packages\django\db\models\functions\mixins.py first seen with mtime 1697813550.4066885
File C:\Users\gaabs\Dropbox\all_e-learing\e-learning\e_learning\manage.py first seen with mtime 1721112794.9649448
File C:\Program Files\Python311\Lib\bisect.py first seen with mtime 1686106818.0
File C:\Users\gaabs\AppData\Roaming\Python\Python311\site-packages\django\template\library.py first seen with mtime 1697813550.6568005
File C:\Users\gaabs\AppData\Roaming\Python\Python311\site-packages\django\utils\functional.py first seen with mtime 1697813550.7773626
File C:\Users\gaabs\AppData\Roaming\Python\Python311\site-packages\django\core\cache\backends\filebased.py first seen with mtime 1697813550.036458
File C:\Program Files\Python311\Lib\_weakrefset.py first seen with mtime 1686106818.0
File C:\Users\gaabs\AppData\Roaming\Python\Python311\site-packages\django\contrib\staticfiles\management\__init__.py first seen with mtime 1697813549.995453
File C:\Users\gaabs\AppData\Roaming\Python\Python311\site-packages\django\db\backends\ddl_references.py first seen with mtime 1697813550.2095616
File C:\Program Files\Python311\Lib\traceback.py first seen with mtime 1686106818.0
File C:\Users\gaabs\AppData\Roaming\Python\Python311\site-packages\django\contrib\auth\backends.py first seen with mtime 1697813545.3063793
File C:\Users\gaabs\Dropbox\all_e-learing\e-learning\e_learning\e_learning\urls.py first seen with mtime 1722401835.9468157
File C:\Users\gaabs\AppData\Roaming\Python\Python311\site-packages\django\templatetags\tz.py first seen with mtime 1697813550.7013426
File C:\Users\gaabs\AppData\Roaming\Python\Python311\site-packages\django\db\migrations\operations\models.py first seen with mtime 1697813550.341112
File C:\Users\gaabs\AppData\Roaming\Python\Python311\site-packages\django\template\loader.py first seen with mtime 1697813550.6578016
File C:\Users\gaabs\AppData\Roaming\Python\Python311\site-packages\asgiref\local.py first seen with mtime 1692159506.3196757
File C:\Program Files\Python311\Lib\asyncio\streams.py first seen with mtime 1686106818.0
File C:\Users\gaabs\AppData\Roaming\Python\Python311\site-packages\asgiref\__init__.py first seen with mtime 1692159506.31271
File C:\Program Files\Python311\Lib\logging\config.py first seen with mtime 1686106818.0
File C:\Users\gaabs\AppData\Roaming\Python\Python311\site-packages\django\contrib\sitemaps\apps.py first seen with mtime 1697813549.5807097
File C:\Program Files\Python311\Lib\tempfile.py first seen with mtime 1686106818.0
File C:\Program Files\Python311\Lib\email\utils.py first seen with mtime 1686106818.0
File C:\Users\gaabs\AppData\Roaming\Python\Python311\site-packages\django\core\handlers\base.py first seen with mtime 1697813550.1030066
File C:\Program Files\Python311\Lib\asyncio\transports.py first seen with mtime 1686106818.0
File C:\Users\gaabs\AppData\Roaming\Python\Python311\site-packages\django\db\models\sql\where.py first seen with mtime 1697813550.4246812
File C:\Program Files\Python311\DLLs\_ctypes.pyd first seen with mtime 1686106896.0
File C:\Users\gaabs\AppData\Roaming\Python\Python311\site-packages\MySQLdb\constants\__init__.py first seen with mtime 1694887692.1585033
File C:\Users\gaabs\AppData\Roaming\Python\Python311\site-packages\django\db\migrations\operations\fields.py first seen with mtime 1697813550.339116
File C:\Users\gaabs\AppData\Roaming\Python\Python311\site-packages\django\core\checks\async_checks.py first seen with mtime 1697813550.0454543
File C:\Program Files\Python311\Lib\unittest\suite.py first seen with mtime 1686106818.0
File C:\Program Files\Python311\Lib\signal.py first seen with mtime 1686106818.0
File C:\Users\gaabs\AppData\Roaming\Python\Python311\site-packages\django\http\request.py first seen with mtime 1697813550.6168022
File C:\Users\gaabs\AppData\Roaming\Python\Python311\site-packages\django\templatetags\__init__.py first seen with mtime 1697813550.6903455
File C:\Users\gaabs\AppData\Roaming\Python\Python311\site-packages\django\db\models\lookups.py first seen with mtime 1697813550.3641212
File C:\Program Files\Python311\Lib\unittest\util.py first seen with mtime 1686106818.0
File C:\Users\gaabs\AppData\Roaming\Python\Python311\site-packages\django\contrib\admin\decorators.py first seen with mtime 1697813543.995031
File C:\Users\gaabs\AppData\Roaming\Python\Python311\site-packages\django\urls\utils.py first seen with mtime 1697813550.732344
File C:\Program Files\Python311\Lib\ssl.py first seen with mtime 1686106818.0
File C:\Program Files\Python311\Lib\email\feedparser.py first seen with mtime 1686106818.0
File C:\Program Files\Python311\Lib\nturl2path.py first seen with mtime 1686106818.0
File C:\Users\gaabs\AppData\Roaming\Python\Python311\site-packages\django\contrib\admin\sites.py first seen with mtime 1697813544.005026
File C:\Users\gaabs\AppData\Roaming\Python\Python311\site-packages\django\core\checks\compatibility\__init__.py first seen with mtime 1697813550.0644612
File C:\Users\gaabs\AppData\Roaming\Python\Python311\site-packages\django\views\generic\list.py first seen with mtime 1697813550.8809268
File C:\Program Files\Python311\Lib\ctypes\_endian.py first seen with mtime 1686106818.0
File C:\Users\gaabs\AppData\Roaming\Python\Python311\site-packages\django\db\models\sql\__init__.py first seen with mtime 1697813550.4126835
File C:\Program Files\Python311\Lib\string.py first seen with mtime 1686106818.0
File C:\Users\gaabs\AppData\Roaming\Python\Python311\site-packages\django\middleware\__init__.py first seen with mtime 1697813550.6207993
File C:\Program Files\Python311\Lib\queue.py first seen with mtime 1686106818.0
File C:\Users\gaabs\AppData\Roaming\Python\Python311\site-packages\django\conf\locale\__init__.py first seen with mtime 1697813543.5196812
File C:\Users\gaabs\AppData\Roaming\Python\Python311\site-packages\django\utils\formats.py first seen with mtime 1697813550.77536
File C:\Program Files\Python311\Lib\asyncio\__init__.py first seen with mtime 1686106818.0
File C:\Users\gaabs\AppData\Roaming\Python\Python311\site-packages\django\template\loaders\base.py first seen with mtime 1697813550.6828144
File C:\Users\gaabs\AppData\Roaming\Python\Python311\site-packages\django\contrib\sites\__init__.py first seen with mtime 1697813549.591248
File C:\Users\gaabs\AppData\Roaming\Python\Python311\site-packages\django\utils\module_loading.py first seen with mtime 1697813550.8038995
File C:\Users\gaabs\AppData\Roaming\Python\Python311\site-packages\django\urls\converters.py first seen with mtime 1697813550.7263422
File C:\Program Files\Python311\DLLs\select.pyd first seen with mtime 1686106894.0
File C:\Users\gaabs\AppData\Roaming\Python\Python311\site-packages\django\views\generic\edit.py first seen with mtime 1697813550.8779294
File C:\Users\gaabs\AppData\Roaming\Python\Python311\site-packages\django\db\backends\signals.py first seen with mtime 1697813550.2115622
File C:\Program Files\Python311\DLLs\_socket.pyd first seen with mtime 1686106894.0
File C:\Users\gaabs\Dropbox\all_e-learing\e-learning\e_learning\home_page_app\apps.py first seen with mtime 1721373093.247008
File C:\Users\gaabs\AppData\Roaming\Python\Python311\site-packages\django\core\paginator.py first seen with mtime 1697813550.0154524
File C:\Users\gaabs\AppData\Roaming\Python\Python311\site-packages\colorama\ansitowin32.py first seen with mtime 1694862497.1850212
File C:\Users\gaabs\AppData\Roaming\Python\Python311\site-packages\django\core\files\uploadedfile.py first seen with mtime 1697813550.09401
File C:\Users\gaabs\AppData\Roaming\Python\Python311\site-packages\MySQLdb\constants\FLAG.py first seen with mtime 1694887692.1564944
File C:\Users\gaabs\Dropbox\all_e-learing\e-learning\e_learning\admin_page_app\urls.py first seen with mtime 1722361863.6958616
File C:\Users\gaabs\AppData\Roaming\Python\Python311\site-packages\django\db\migrations\utils.py first seen with mtime 1697813550.33211
File C:\Users\gaabs\AppData\Roaming\Python\Python311\site-packages\django\db\models\__init__.py first seen with mtime 1697813550.3451145
File C:\Program Files\Python311\Lib\secrets.py first seen with mtime 1686106818.0
File C:\Users\gaabs\AppData\Roaming\Python\Python311\site-packages\django\apps\__init__.py first seen with mtime 1697813543.5044513
File C:\Users\gaabs\AppData\Roaming\Python\Python311\site-packages\django\db\models\functions\__init__.py first seen with mtime 1697813550.3986835
File C:\Program Files\Python311\Lib\email\mime\base.py first seen with mtime 1686106818.0
File C:\Program Files\Python311\Lib\_compat_pickle.py first seen with mtime 1686106818.0
File C:\Users\gaabs\AppData\Roaming\Python\Python311\site-packages\django\db\models\fields\mixins.py first seen with mtime 1697813550.3866787
File C:\Users\gaabs\AppData\Roaming\Python\Python311\site-packages\django\forms\models.py first seen with mtime 1697813550.443678
File C:\Program Files\Python311\Lib\json\__init__.py first seen with mtime 1686106818.0
File C:\Users\gaabs\AppData\Roaming\Python\Python311\site-packages\django\db\models\indexes.py first seen with mtime 1697813550.3611157
File C:\Program Files\Python311\DLLs\_uuid.pyd first seen with mtime 1686106894.0
File C:\Program Files\Python311\Lib\asyncio\windows_utils.py first seen with mtime 1686106818.0
File C:\Program Files\Python311\Lib\unittest\case.py first seen with mtime 1686106818.0
File C:\Program Files\Python311\Lib\email\parser.py first seen with mtime 1686106818.0
File C:\Program Files\Python311\Lib\encodings\utf_8.py first seen with mtime 1686106818.0
File C:\Users\gaabs\AppData\Roaming\Python\Python311\site-packages\django\contrib\contenttypes\views.py first seen with mtime 1697813545.848146
File C:\Users\gaabs\AppData\Roaming\Python\Python311\site-packages\django\core\management\base.py first seen with mtime 1697813550.1320152
File C:\Users\gaabs\AppData\Roaming\Python\Python311\site-packages\django\forms\utils.py first seen with mtime 1697813550.4476843
File C:\Users\gaabs\AppData\Roaming\Python\Python311\site-packages\sqlparse\engine\statement_splitter.py first seen with mtime 1692159506.1494155
File C:\Program Files\Python311\Lib\asyncio\taskgroups.py first seen with mtime 1686106818.0
File C:\Users\gaabs\AppData\Roaming\Python\Python311\site-packages\django\db\models\query_utils.py first seen with mtime 1697813550.374149
File C:\Users\gaabs\AppData\Roaming\Python\Python311\site-packages\asgiref\sync.py first seen with mtime 1692159506.331642
File C:\Program Files\Python311\DLLs\_decimal.pyd first seen with mtime 1686106894.0
File C:\Program Files\Python311\DLLs\_queue.pyd first seen with mtime 1686106894.0
File C:\Users\gaabs\AppData\Roaming\Python\Python311\site-packages\django\views\generic\base.py first seen with mtime 1697813550.8719187
File C:\Program Files\Python311\Lib\cgi.py first seen with mtime 1686106818.0
File C:\Program Files\Python311\Lib\asyncio\sslproto.py first seen with mtime 1686106818.0
File C:\Program Files\Python311\Lib\dis.py first seen with mtime 1686106818.0
File C:\Users\gaabs\AppData\Roaming\Python\Python311\site-packages\django\core\serializers\__init__.py first seen with mtime 1697813550.1855586
File C:\Users\gaabs\AppData\Roaming\Python\Python311\site-packages\django\db\backends\mysql\features.py first seen with mtime 1697813550.2455597
File C:\Users\gaabs\AppData\Roaming\Python\Python311\site-packages\django\db\transaction.py first seen with mtime 1697813550.2045605
File C:\Program Files\Python311\Lib\concurrent\futures\thread.py first seen with mtime 1686106818.0
File C:\Program Files\Python311\Lib\zoneinfo\__init__.py first seen with mtime 1686106818.0
File C:\Program Files\Python311\Lib\hmac.py first seen with mtime 1686106818.0
File C:\Users\gaabs\AppData\Roaming\Python\Python311\site-packages\django\db\backends\mysql\base.py first seen with mtime 1697813550.2385604
File C:\Program Files\Python311\Lib\email\_policybase.py first seen with mtime 1686106818.0
File C:\Users\gaabs\Dropbox\all_e-learing\e-learning\e_learning\admin_page_app\__init__.py first seen with mtime 1721373106.9483385
File C:\Users\gaabs\AppData\Roaming\Python\Python311\site-packages\django\contrib\messages\api.py first seen with mtime 1697813548.1619177
File C:\Program Files\Python311\Lib\argparse.py first seen with mtime 1686106818.0
File C:\Users\gaabs\AppData\Roaming\Python\Python311\site-packages\django\db\backends\mysql\schema.py first seen with mtime 1697813550.2515612
File C:\Users\gaabs\AppData\Roaming\Python\Python311\site-packages\django\utils\itercompat.py first seen with mtime 1697813550.7959063
File C:\Users\gaabs\AppData\Roaming\Python\Python311\site-packages\django\contrib\auth\signals.py first seen with mtime 1697813545.330379
File C:\Users\gaabs\AppData\Roaming\Python\Python311\site-packages\django\core\handlers\asgi.py first seen with mtime 1697813550.1010106
File C:\Program Files\Python311\Lib\wsgiref\__init__.py first seen with mtime 1686106818.0
File C:\Program Files\Python311\Lib\importlib\_abc.py first seen with mtime 1686106818.0
File C:\Program Files\Python311\Lib\quopri.py first seen with mtime 1686106818.0
File C:\Users\gaabs\AppData\Roaming\Python\Python311\site-packages\django\contrib\admin\views\__init__.py first seen with mtime 1697813544.8356318
File C:\Program Files\Python311\Lib\contextvars.py first seen with mtime 1686106818.0
File C:\Program Files\Python311\Lib\inspect.py first seen with mtime 1686106818.0
File C:\Program Files\Python311\Lib\enum.py first seen with mtime 1686106818.0
File C:\Users\gaabs\AppData\Roaming\Python\Python311\site-packages\django\contrib\staticfiles\management\commands\__init__.py first seen with mtime 1697813549.9974542
File C:\Users\gaabs\AppData\Roaming\Python\Python311\site-packages\django\contrib\auth\middleware.py first seen with mtime 1697813545.3223825
File C:\Program Files\Python311\Lib\pickle.py first seen with mtime 1686106818.0
File C:\Users\gaabs\AppData\Roaming\Python\Python311\site-packages\django\utils\dateformat.py first seen with mtime 1697813550.7553444
File C:\Program Files\Python311\Lib\http\client.py first seen with mtime 1686106818.0
File C:\Program Files\Python311\Lib\bz2.py first seen with mtime 1686106818.0
File C:\Program Files\Python311\DLLs\unicodedata.pyd first seen with mtime 1686106896.0
File C:\Program Files\Python311\Lib\asyncio\base_tasks.py first seen with mtime 1686106818.0
File C:\Users\gaabs\AppData\Roaming\Python\Python311\site-packages\django\db\models\fields\related.py first seen with mtime 1697813550.3896823
File C:\Users\gaabs\AppData\Roaming\Python\Python311\site-packages\django\views\i18n.py first seen with mtime 1697813550.846902
File C:\Users\gaabs\AppData\Roaming\Python\Python311\site-packages\django\contrib\staticfiles\utils.py first seen with mtime 1697813549.992456
File C:\Users\gaabs\AppData\Roaming\Python\Python311\site-packages\django\utils\regex_helper.py first seen with mtime 1697813550.8079023
File C:\Users\gaabs\AppData\Roaming\Python\Python311\site-packages\django\core\validators.py first seen with mtime 1697813550.0214548
File C:\Users\gaabs\AppData\Roaming\Python\Python311\site-packages\django\contrib\auth\tokens.py first seen with mtime 1697813545.3323786
File C:\Users\gaabs\AppData\Roaming\Python\Python311\site-packages\django\db\models\fields\__init__.py first seen with mtime 1697813550.3811395
File C:\Users\gaabs\AppData\Roaming\Python\Python311\site-packages\django\core\cache\backends\__init__.py first seen with mtime 1697813550.0284564
File C:\Users\gaabs\AppData\Roaming\Python\Python311\site-packages\django\db\models\functions\text.py first seen with mtime 1697813550.408681
File C:\Program Files\Python311\Lib\token.py first seen with mtime 1686106818.0
File C:\Users\gaabs\AppData\Roaming\Python\Python311\site-packages\django\contrib\auth\__init__.py first seen with mtime 1697813545.3013785
File C:\Users\gaabs\AppData\Roaming\Python\Python311\site-packages\django\core\files\move.py first seen with mtime 1697813550.0880136
File C:\Program Files\Python311\Lib\unittest\signals.py first seen with mtime 1686106818.0
File C:\Users\gaabs\AppData\Roaming\Python\Python311\site-packages\django\template\engine.py first seen with mtime 1697813550.6528046
File C:\Users\gaabs\AppData\Roaming\Python\Python311\site-packages\django\template\defaultfilters.py first seen with mtime 1697813550.6488054
File C:\Program Files\Python311\Lib\email\generator.py first seen with mtime 1686106818.0
File C:\Users\gaabs\AppData\Roaming\Python\Python311\site-packages\django\core\signals.py first seen with mtime 1697813550.0174532
File C:\Program Files\Python311\Lib\zoneinfo\_tzpath.py first seen with mtime 1686106818.0
File C:\Program Files\Python311\Lib\asyncio\threads.py first seen with mtime 1686106818.0
File C:\Program Files\Python311\Lib\contextlib.py first seen with mtime 1686106818.0
File C:\Program Files\Python311\Lib\urllib\parse.py first seen with mtime 1686106818.0
File C:\Users\gaabs\AppData\Roaming\Python\Python311\site-packages\django\template\loaders\filesystem.py first seen with mtime 1697813550.6863391
File C:\Program Files\Python311\Lib\email\__init__.py first seen with mtime 1686106818.0
File C:\Users\gaabs\AppData\Roaming\Python\Python311\site-packages\django\contrib\admin\actions.py first seen with mtime 1697813543.9900503
File C:\Program Files\Python311\Lib\asyncio\protocols.py first seen with mtime 1686106818.0
File C:\Users\gaabs\AppData\Roaming\Python\Python311\site-packages\django\forms\boundfield.py first seen with mtime 1697813550.4356842
File C:\Users\gaabs\AppData\Roaming\Python\Python311\site-packages\django\utils\translation\reloader.py first seen with mtime 1697813550.830901
File C:\Users\gaabs\AppData\Roaming\Python\Python311\site-packages\django\templatetags\cache.py first seen with mtime 1697813550.692343
File C:\Program Files\Python311\Lib\unittest\__init__.py first seen with mtime 1686106818.0
File C:\Program Files\Python311\Lib\email\_encoded_words.py first seen with mtime 1686106818.0
File C:\Users\gaabs\AppData\Roaming\Python\Python311\site-packages\MySQLdb\_exceptions.py first seen with mtime 1694887692.132451
File C:\Users\gaabs\AppData\Roaming\Python\Python311\site-packages\django\utils\lorem_ipsum.py first seen with mtime 1697813550.8019
File C:\Users\gaabs\AppData\Roaming\Python\Python311\site-packages\django\db\migrations\operations\__init__.py first seen with mtime 1697813550.3361168
File C:\Program Files\Python311\Lib\asyncio\timeouts.py first seen with mtime 1686106818.0
File C:\Users\gaabs\AppData\Roaming\Python\Python311\site-packages\colorama\__init__.py first seen with mtime 1694862497.1820421
File C:\Program Files\Python311\Lib\wsgiref\util.py first seen with mtime 1686106818.0
File C:\Program Files\Python311\Lib\decimal.py first seen with mtime 1686106818.0
File C:\Program Files\Python311\Lib\asyncio\windows_events.py first seen with mtime 1686106818.0
File C:\Program Files\Python311\Lib\email\charset.py first seen with mtime 1686106818.0
File C:\Users\gaabs\AppData\Roaming\Python\Python311\site-packages\django\middleware\cache.py first seen with mtime 1697813550.6227984
File C:\Program Files\Python311\Lib\http\cookies.py first seen with mtime 1686106818.0
File C:\Program Files\Python311\Lib\unittest\loader.py first seen with mtime 1686106818.0
File C:\Program Files\Python311\Lib\html\__init__.py first seen with mtime 1686106818.0
File C:\Users\gaabs\AppData\Roaming\Python\Python311\site-packages\django\core\mail\message.py first seen with mtime 1697813550.110005
File C:\Users\gaabs\AppData\Roaming\Python\Python311\site-packages\django\core\servers\__init__.py first seen with mtime 1697813550.198561
File C:\Users\gaabs\AppData\Roaming\Python\Python311\site-packages\django\db\backends\base\features.py first seen with mtime 1697813550.2215636
File C:\Users\gaabs\AppData\Roaming\Python\Python311\site-packages\django\db\models\expressions.py first seen with mtime 1697813550.359113
File C:\Users\gaabs\AppData\Roaming\Python\Python311\site-packages\django\views\decorators\cache.py first seen with mtime 1697813550.8529048
File C:\Program Files\Python311\Lib\urllib\response.py first seen with mtime 1686106818.0
File C:\Users\gaabs\AppData\Roaming\Python\Python311\site-packages\django\core\files\uploadhandler.py first seen with mtime 1697813550.0960064
File C:\Users\gaabs\AppData\Roaming\Python\Python311\site-packages\django\db\models\sql\query.py first seen with mtime 1697813550.421684
File C:\Program Files\Python311\Lib\urllib\__init__.py first seen with mtime 1686106818.0
File C:\Users\gaabs\AppData\Roaming\Python\Python311\site-packages\django\db\backends\mysql\validation.py first seen with mtime 1697813550.2535622
File C:\Program Files\Python311\Lib\__future__.py first seen with mtime 1686106818.0
File C:\Program Files\Python311\Lib\asyncio\locks.py first seen with mtime 1686106818.0
File C:\Program Files\Python311\Lib\base64.py first seen with mtime 1686106818.0
File C:\Users\gaabs\AppData\Roaming\Python\Python311\site-packages\django\conf\__init__.py first seen with mtime 1697813543.5094447
File C:\Users\gaabs\AppData\Roaming\Python\Python311\site-packages\django\db\migrations\__init__.py first seen with mtime 1697813550.308115
File C:\Program Files\Python311\Lib\asyncio\base_futures.py first seen with mtime 1686106818.0
File C:\Users\gaabs\AppData\Roaming\Python\Python311\site-packages\django\contrib\auth\hashers.py first seen with mtime 1697813545.321379
File C:\Users\gaabs\AppData\Roaming\Python\Python311\site-packages\django\core\exceptions.py first seen with mtime 1697813550.0134528
File C:\Users\gaabs\AppData\Roaming\Python\Python311\site-packages\django\core\handlers\wsgi.py first seen with mtime 1697813550.106008
File C:\Users\gaabs\AppData\Roaming\Python\Python311\site-packages\django\template\base.py first seen with mtime 1697813550.6428018
File C:\Program Files\Python311\Lib\tokenize.py first seen with mtime 1686106818.0
File C:\Users\gaabs\AppData\Roaming\Python\Python311\site-packages\django\contrib\admin\checks.py first seen with mtime 1697813543.992022
File C:\Users\gaabs\AppData\Roaming\Python\Python311\site-packages\django\views\generic\detail.py first seen with mtime 1697813550.8759277
File C:\Users\gaabs\AppData\Roaming\Python\Python311\site-packages\django\core\checks\compatibility\django_4_0.py first seen with mtime 1697813550.0674548
File C:\Users\gaabs\AppData\Roaming\Python\Python311\site-packages\django\utils\_os.py first seen with mtime 1697813550.7363436
File C:\Users\gaabs\AppData\Roaming\Python\Python311\site-packages\django\db\models\fields\files.py first seen with mtime 1697813550.383142
File C:\Users\gaabs\AppData\Roaming\Python\Python311\site-packages\whitenoise\__init__.py first seen with mtime 1697800485.3704903
File C:\Users\gaabs\AppData\Roaming\Python\Python311\site-packages\django\db\models\fields\related_descriptors.py first seen with mtime 1697813550.3926842
File C:\Users\gaabs\AppData\Roaming\Python\Python311\site-packages\django\utils\crypto.py first seen with mtime 1697813550.7513442
File C:\Program Files\Python311\Lib\wsgiref\handlers.py first seen with mtime 1686106818.0
File C:\Users\gaabs\AppData\Roaming\Python\Python311\site-packages\django\forms\__init__.py first seen with mtime 1697813550.432681
File C:\Users\gaabs\AppData\Roaming\Python\Python311\site-packages\django\core\checks\messages.py first seen with mtime 1697813550.05346
File C:\Users\gaabs\AppData\Roaming\Python\Python311\site-packages\django\views\static.py first seen with mtime 1697813550.8489027
File C:\Users\gaabs\AppData\Roaming\Python\Python311\site-packages\django\contrib\admin\apps.py first seen with mtime 1697813543.9910207
File C:\Users\gaabs\AppData\Roaming\Python\Python311\site-packages\sqlparse\exceptions.py first seen with mtime 1692159506.1424756
File C:\Program Files\Python311\Lib\struct.py first seen with mtime 1686106818.0
File C:\Program Files\Python311\Lib\textwrap.py first seen with mtime 1686106818.0
File C:\Users\gaabs\AppData\Roaming\Python\Python311\site-packages\django\template\exceptions.py first seen with mtime 1697813550.653798
File C:\Program Files\Python311\Lib\weakref.py first seen with mtime 1686106818.0
File C:\Program Files\Python311\Lib\email\_header_value_parser.py first seen with mtime 1686106818.0
File C:\Users\gaabs\AppData\Roaming\Python\Python311\site-packages\django\template\defaulttags.py first seen with mtime 1697813550.650797
File C:\Users\gaabs\AppData\Roaming\Python\Python311\site-packages\django\core\handlers\__init__.py first seen with mtime 1697813550.099007
File C:\Program Files\Python311\Lib\asyncio\futures.py first seen with mtime 1686106818.0
File C:\Program Files\Python311\DLLs\_asyncio.pyd first seen with mtime 1686106918.0
File C:\Users\gaabs\AppData\Roaming\Python\Python311\site-packages\django\db\models\signals.py first seen with mtime 1697813550.3761392
File C:\Users\gaabs\AppData\Roaming\Python\Python311\site-packages\django\contrib\messages\__init__.py first seen with mtime 1697813548.1599226
File C:\Users\gaabs\AppData\Roaming\Python\Python311\site-packages\django\template\smartif.py first seen with mtime 1697813550.6648026
File C:\Program Files\Python311\Lib\lzma.py first seen with mtime 1686106818.0
File C:\Users\gaabs\AppData\Roaming\Python\Python311\site-packages\django\utils\cache.py first seen with mtime 1697813550.7473483
File C:\Users\gaabs\AppData\Roaming\Python\Python311\site-packages\django\contrib\admin\options.py first seen with mtime 1697813544.0030272
File C:\Users\gaabs\AppData\Roaming\Python\Python311\site-packages\django\core\checks\security\base.py first seen with mtime 1697813550.070477
File C:\Users\gaabs\AppData\Roaming\Python\Python311\site-packages\django\db\utils.py first seen with mtime 1697813550.206568
File C:\Users\gaabs\Dropbox\all_e-learing\e-learning\e_learning\account_app\apps.py first seen with mtime 1721373079.9134514
File C:\Users\gaabs\AppData\Roaming\Python\Python311\site-packages\django\template\context.py first seen with mtime 1697813550.643798
File C:\Users\gaabs\AppData\Roaming\Python\Python311\site-packages\django\urls\conf.py first seen with mtime 1697813550.7243412
File C:\Users\gaabs\AppData\Roaming\Python\Python311\site-packages\django\contrib\sessions\apps.py first seen with mtime 1697813549.057928
File C:\Users\gaabs\AppData\Roaming\Python\Python311\site-packages\django\contrib\contenttypes\__init__.py first seen with mtime 1697813545.835145
File C:\Program Files\Python311\Lib\pathlib.py first seen with mtime 1686106818.0
File C:\Users\gaabs\AppData\Roaming\Python\Python311\site-packages\django\contrib\contenttypes\management\__init__.py first seen with mtime 1697813546.327912
File C:\Program Files\Python311\Lib\ipaddress.py first seen with mtime 1686106818.0
File C:\Users\gaabs\AppData\Roaming\Python\Python311\site-packages\django\core\files\utils.py first seen with mtime 1697813550.0980067
File C:\Users\gaabs\AppData\Roaming\Python\Python311\site-packages\django\contrib\staticfiles\finders.py first seen with mtime 1697813549.96192
File C:\Users\gaabs\AppData\Roaming\Python\Python311\site-packages\django\contrib\sites\shortcuts.py first seen with mtime 1697813549.6102457
File C:\Users\gaabs\AppData\Roaming\Python\Python311\site-packages\django\db\models\deletion.py first seen with mtime 1697813550.356115
File C:\Users\gaabs\AppData\Roaming\Python\Python311\site-packages\sqlparse\cli.py first seen with mtime 1692159506.1414845
File C:\Users\gaabs\AppData\Roaming\Python\Python311\site-packages\django\core\management\commands\runserver.py first seen with mtime 1697813550.1660092
File C:\Users\gaabs\AppData\Roaming\Python\Python311\site-packages\django\core\mail\utils.py first seen with mtime 1697813550.11201
File C:\Program Files\Python311\Lib\pkgutil.py first seen with mtime 1686106818.0
File C:\Users\gaabs\Dropbox\all_e-learing\e-learning\e_learning\account_app\models.py first seen with mtime 1722325445.678068
File C:\Users\gaabs\AppData\Roaming\Python\Python311\site-packages\django\core\handlers\exception.py first seen with mtime 1697813550.1040065
File C:\Program Files\Python311\Lib\email\mime\message.py first seen with mtime 1686106818.0
File C:\Program Files\Python311\Lib\email\errors.py first seen with mtime 1686106818.0
File C:\Users\gaabs\AppData\Roaming\Python\Python311\site-packages\django\db\migrations\operations\special.py first seen with mtime 1697813550.343112
File C:\Program Files\Python311\Lib\wsgiref\simple_server.py first seen with mtime 1686106818.0
File C:\Users\gaabs\Dropbox\all_e-learing\e-learning\e_learning\home_page_app\models.py first seen with mtime 1722261117.5915484
File C:\Users\gaabs\AppData\Roaming\Python\Python311\site-packages\django\contrib\staticfiles\__init__.py first seen with mtime 1697813549.9549272
File C:\Program Files\Python311\Lib\asyncio\tasks.py first seen with mtime 1686106818.0
File C:\Users\gaabs\AppData\Roaming\Python\Python311\site-packages\django\forms\renderers.py first seen with mtime 1697813550.4456806
File C:\Program Files\Python311\Lib\opcode.py first seen with mtime 1686106818.0
File C:\Program Files\Python311\Lib\email\mime\__init__.py first seen with mtime 1686106818.0
File C:\Users\gaabs\AppData\Roaming\Python\Python311\site-packages\django\db\models\base.py first seen with mtime 1697813550.3491135
File C:\Program Files\Python311\Lib\email\quoprimime.py first seen with mtime 1686106818.0
File C:\Program Files\Python311\Lib\asyncio\exceptions.py first seen with mtime 1686106818.0
File C:\Program Files\Python311\DLLs\_hashlib.pyd first seen with mtime 1686106894.0
File C:\Users\gaabs\AppData\Roaming\Python\Python311\site-packages\sqlparse\engine\__init__.py first seen with mtime 1692159506.1474216
File C:\Users\gaabs\AppData\Roaming\Python\Python311\site-packages\django\views\__init__.py first seen with mtime 1697813550.838899
File C:\Users\gaabs\AppData\Roaming\Python\Python311\site-packages\django\contrib\admin\views\main.py first seen with mtime 1697813544.8416343
File C:\Users\gaabs\AppData\Roaming\Python\Python311\site-packages\django\db\backends\base\validation.py first seen with mtime 1697813550.22956
File C:\Users\gaabs\AppData\Roaming\Python\Python311\site-packages\django\utils\log.py first seen with mtime 1697813550.799905
File C:\Users\gaabs\AppData\Roaming\Python\Python311\site-packages\django\utils\timezone.py first seen with mtime 1697813550.8188994
File C:\Program Files\Python311\Lib\asyncio\runners.py first seen with mtime 1686106818.0
File C:\Users\gaabs\AppData\Roaming\Python\Python311\site-packages\django\db\models\enums.py first seen with mtime 1697813550.3581164
File C:\Users\gaabs\AppData\Roaming\Python\Python311\site-packages\django\contrib\auth\management\__init__.py first seen with mtime 1697813545.8021414
File C:\Users\gaabs\AppData\Roaming\Python\Python311\site-packages\django\db\models\sql\constants.py first seen with mtime 1697813550.4166853
File C:\Users\gaabs\AppData\Roaming\Python\Python311\site-packages\django\core\checks\files.py first seen with mtime 1697813550.0514576
File C:\Users\gaabs\AppData\Roaming\Python\Python311\site-packages\django\core\serializers\python.py first seen with mtime 1697813550.193569
File C:\Program Files\Python311\Lib\urllib\request.py first seen with mtime 1686106818.0
File C:\Users\gaabs\AppData\Roaming\Python\Python311\site-packages\django\contrib\admin\templatetags\admin_urls.py first seen with mtime 1697813544.8306308
File C:\Users\gaabs\AppData\Roaming\Python\Python311\site-packages\django\contrib\auth\validators.py first seen with mtime 1697813545.3353784
File C:\Program Files\Python311\Lib\html\parser.py first seen with mtime 1686106818.0
File C:\Users\gaabs\Dropbox\all_e-learing\e-learning\e_learning\account_app\admin.py first seen with mtime 1721373079.896433
File C:\Users\gaabs\AppData\Roaming\Python\Python311\site-packages\django\apps\config.py first seen with mtime 1697813543.5065608
File C:\Users\gaabs\AppData\Roaming\Python\Python311\site-packages\django\contrib\staticfiles\views.py first seen with mtime 1697813549.9934585
File C:\Users\gaabs\AppData\Roaming\Python\Python311\site-packages\colorama\winterm.py first seen with mtime 1694862497.1889954
File C:\Program Files\Python311\Lib\linecache.py first seen with mtime 1686106818.0
File C:\Program Files\Python311\Lib\http\__init__.py first seen with mtime 1686106818.0
File C:\Program Files\Python311\Lib\ast.py first seen with mtime 1686106818.0
File C:\Users\gaabs\AppData\Roaming\Python\Python311\site-packages\django\core\serializers\json.py first seen with mtime 1697813550.1895607
File C:\Users\gaabs\AppData\Roaming\Python\Python311\site-packages\django\utils\translation\trans_real.py first seen with mtime 1697813550.8369007
File C:\Program Files\Python311\Lib\getpass.py first seen with mtime 1686106818.0
File C:\Users\gaabs\AppData\Roaming\Python\Python311\site-packages\django\core\serializers\base.py first seen with mtime 1697813550.1875606
File C:\Users\gaabs\AppData\Roaming\Python\Python311\site-packages\django\core\servers\basehttp.py first seen with mtime 1697813550.200564
File C:\Users\gaabs\AppData\Roaming\Python\Python311\site-packages\colorama\initialise.py first seen with mtime 1694862497.1869998
File C:\Users\gaabs\Dropbox\all_e-learing\e-learning\e_learning\home_page_app\admin.py first seen with mtime 1721373093.2419877
File C:\Program Files\Python311\Lib\asyncio\coroutines.py first seen with mtime 1686106818.0
File C:\Program Files\Python311\Lib\threading.py first seen with mtime 1686106818.0
File C:\Users\gaabs\AppData\Roaming\Python\Python311\site-packages\django\utils\numberformat.py first seen with mtime 1697813550.8058977
File C:\Program Files\Python311\Lib\collections\abc.py first seen with mtime 1686106818.0
File C:\Users\gaabs\AppData\Roaming\Python\Python311\site-packages\django\utils\translation\__init__.py first seen with mtime 1697813550.828905
File C:\Program Files\Python311\Lib\asyncio\proactor_events.py first seen with mtime 1686106818.0
File C:\Users\gaabs\AppData\Roaming\Python\Python311\site-packages\django\core\management\commands\__init__.py first seen with mtime 1697813550.1410108
File C:\Users\gaabs\AppData\Roaming\Python\Python311\site-packages\django\db\models\sql\subqueries.py first seen with mtime 1697813550.4236805
File C:\Users\gaabs\AppData\Roaming\Python\Python311\site-packages\django\db\backends\mysql\client.py first seen with mtime 1697813550.2405603
File C:\Program Files\Python311\Lib\html\entities.py first seen with mtime 1686106818.0
File C:\Program Files\Python311\Lib\warnings.py first seen with mtime 1686106818.0
File C:\Users\gaabs\AppData\Roaming\Python\Python311\site-packages\django\utils\deprecation.py first seen with mtime 1697813550.7673426
File C:\Users\gaabs\AppData\Roaming\Python\Python311\site-packages\django\db\models\options.py first seen with mtime 1697813550.3691192
File C:\Program Files\Python311\Lib\gzip.py first seen with mtime 1686106818.0
File C:\Program Files\Python311\Lib\platform.py first seen with mtime 1686106818.0
File C:\Program Files\Python311\Lib\re\__init__.py first seen with mtime 1686106818.0
File C:\Users\gaabs\AppData\Roaming\Python\Python311\site-packages\django\core\checks\security\sessions.py first seen with mtime 1697813550.0734756
File C:\Users\gaabs\AppData\Roaming\Python\Python311\site-packages\django\contrib\admin\filters.py first seen with mtime 1697813543.9980428
File C:\Users\gaabs\AppData\Roaming\Python\Python311\site-packages\django\utils\autoreload.py first seen with mtime 1697813550.742344
File C:\Program Files\Python311\Lib\keyword.py first seen with mtime 1686106818.0
File C:\Users\gaabs\AppData\Roaming\Python\Python311\site-packages\django\views\decorators\debug.py first seen with mtime 1697813550.8619044
File C:\Program Files\Python311\Lib\unittest\main.py first seen with mtime 1686106818.0
File C:\Users\gaabs\AppData\Roaming\Python\Python311\site-packages\django\utils\datastructures.py first seen with mtime 1697813550.7533462
File C:\Users\gaabs\AppData\Roaming\Python\Python311\site-packages\MySQLdb\constants\FIELD_TYPE.py first seen with mtime 1694887692.1554866
File C:\Users\gaabs\AppData\Roaming\Python\Python311\site-packages\django\contrib\admin\widgets.py first seen with mtime 1697813544.008048
File C:\Users\gaabs\AppData\Roaming\Python\Python311\site-packages\django\utils\html.py first seen with mtime 1697813550.7823646
File C:\Users\gaabs\AppData\Roaming\Python\Python311\site-packages\django\db\models\functions\math.py first seen with mtime 1697813550.4046836
File C:\Program Files\Python311\Lib\asyncio\queues.py first seen with mtime 1686106818.0
File C:\Users\gaabs\AppData\Roaming\Python\Python311\site-packages\django\utils\safestring.py first seen with mtime 1697813550.8099036
File C:\Program Files\Python311\Lib\email\mime\text.py first seen with mtime 1686106818.0
File C:\Users\gaabs\AppData\Roaming\Python\Python311\site-packages\MySQLdb\__init__.py first seen with mtime 1694887692.1309247
File C:\Users\gaabs\AppData\Roaming\Python\Python311\site-packages\django\contrib\admin\templatetags\base.py first seen with mtime 1697813544.8326395
File C:\Users\gaabs\AppData\Roaming\Python\Python311\site-packages\django\core\signing.py first seen with mtime 1697813550.0184553
File C:\Users\gaabs\AppData\Roaming\Python\Python311\site-packages\sqlparse\engine\filter_stack.py first seen with mtime 1692159506.1484184
File C:\Users\gaabs\Dropbox\all_e-learing\e-learning\e_learning\admin_page_app\apps.py first seen with mtime 1721373106.9289904
File C:\Users\gaabs\AppData\Roaming\Python\Python311\site-packages\django\db\backends\mysql\creation.py first seen with mtime 1697813550.2445588
File C:\Users\gaabs\AppData\Roaming\Python\Python311\site-packages\django\dispatch\__init__.py first seen with mtime 1697813550.4266782
File C:\Program Files\Python311\Lib\re\_compiler.py first seen with mtime 1686106818.0
File C:\Users\gaabs\AppData\Roaming\Python\Python311\site-packages\django\db\models\functions\datetime.py first seen with mtime 1697813550.402683
File C:\Users\gaabs\AppData\Roaming\Python\Python311\site-packages\django\db\backends\utils.py first seen with mtime 1697813550.2125604
File C:\Users\gaabs\AppData\Roaming\Python\Python311\site-packages\django\conf\urls\__init__.py first seen with mtime 1697813543.9830523
File C:\Users\gaabs\AppData\Roaming\Python\Python311\site-packages\django\core\checks\urls.py first seen with mtime 1697813550.0634604
File C:\Users\gaabs\AppData\Roaming\Python\Python311\site-packages\django\utils\duration.py first seen with mtime 1697813550.769343
File C:\Users\gaabs\AppData\Roaming\Python\Python311\site-packages\django\contrib\auth\forms.py first seen with mtime 1697813545.3183804
File C:\Users\gaabs\AppData\Roaming\Python\Python311\site-packages\django\template\loaders\cached.py first seen with mtime 1697813550.684811
File C:\Program Files\Python311\Lib\re\_casefix.py first seen with mtime 1686106818.0
File C:\Users\gaabs\AppData\Roaming\Python\Python311\site-packages\django\utils\version.py first seen with mtime 1697813550.824899
File C:\Users\gaabs\AppData\Roaming\Python\Python311\site-packages\django\core\checks\model_checks.py first seen with mtime 1697813550.0554576
File C:\Users\gaabs\Dropbox\all_e-learing\e-learning\e_learning\admin_page_app\models.py first seen with mtime 1722261109.5956647
File C:\Users\gaabs\AppData\Roaming\Python\Python311\site-packages\django\core\wsgi.py first seen with mtime 1697813550.0224545
File C:\Program Files\Python311\Lib\sysconfig.py first seen with mtime 1686106818.0
File C:\Users\gaabs\AppData\Roaming\Python\Python311\site-packages\django\dispatch\dispatcher.py first seen with mtime 1697813550.4286814
File C:\Users\gaabs\Dropbox\all_e-learing\e-learning\e_learning\templates\404.html first seen with mtime 1721466763.2651827
File C:\Users\gaabs\Dropbox\all_e-learing\e-learning\e_learning\templates\500.html first seen with mtime 1721506795.398866
File C:\Users\gaabs\Dropbox\all_e-learing\e-learning\e_learning\templates\account_app first seen with mtime 1722362777.8096242
File C:\Users\gaabs\Dropbox\all_e-learing\e-learning\e_learning\templates\account_app_partials first seen with mtime 1722355580.4427972
File C:\Users\gaabs\Dropbox\all_e-learing\e-learning\e_learning\templates\admin_base.html first seen with mtime 1722282304.5120864
File C:\Users\gaabs\Dropbox\all_e-learing\e-learning\e_learning\templates\admin_page_app first seen with mtime 1722331332.9747968
File C:\Users\gaabs\Dropbox\all_e-learing\e-learning\e_learning\templates\admin_page_partials first seen with mtime 1721734652.052119
File C:\Users\gaabs\Dropbox\all_e-learing\e-learning\e_learning\templates\dashboard_base.html first seen with mtime 1722372780.5116954
File C:\Users\gaabs\Dropbox\all_e-learing\e-learning\e_learning\templates\home_base.html first seen with mtime 1722349419.2016425
File C:\Users\gaabs\Dropbox\all_e-learing\e-learning\e_learning\templates\home_page_app first seen with mtime 1721678752.1491592
File C:\Users\gaabs\Dropbox\all_e-learing\e-learning\e_learning\templates\home_page_partials first seen with mtime 1722331409.8859622
File C:\Users\gaabs\Dropbox\all_e-learing\e-learning\e_learning\templates\account_app\admin_student_register.html first seen with mtime 1722341724.020506
File C:\Users\gaabs\Dropbox\all_e-learing\e-learning\e_learning\templates\account_app\admin_student_update.html first seen with mtime 1722371489.8480031
File C:\Users\gaabs\Dropbox\all_e-learing\e-learning\e_learning\templates\account_app\slider_student_register.html first seen with mtime 1722348727.6117232
File C:\Users\gaabs\Dropbox\all_e-learing\e-learning\e_learning\templates\account_app\user_student_update.html first seen with mtime 1722404086.365387
File C:\Users\gaabs\Dropbox\all_e-learing\e-learning\e_learning\templates\account_app_partials\alert_message.html first seen with mtime 1722355582.775422
File C:\Users\gaabs\Dropbox\all_e-learing\e-learning\e_learning\templates\account_app_partials\login_student.html first seen with mtime 1722376394.339614
File C:\Users\gaabs\Dropbox\all_e-learing\e-learning\e_learning\templates\account_app_partials\register_student_by_user.html first seen with mtime 1722340595.8972778
File C:\Users\gaabs\Dropbox\all_e-learing\e-learning\e_learning\templates\admin_page_app\admin_dashboard.html first seen with mtime 1722242901.3817656
File C:\Users\gaabs\Dropbox\all_e-learing\e-learning\e_learning\templates\admin_page_app\view_students.html first seen with mtime 1722337224.9682105
File C:\Users\gaabs\Dropbox\all_e-learing\e-learning\e_learning\templates\admin_page_partials\footer.html first seen with mtime 1721734831.9764435
File C:\Users\gaabs\Dropbox\all_e-learing\e-learning\e_learning\templates\admin_page_partials\footer_alt.html first seen with mtime 1721734807.3254294
File C:\Users\gaabs\Dropbox\all_e-learing\e-learning\e_learning\templates\admin_page_partials\left_sidebar.html first seen with mtime 1722334198.8397918
File C:\Users\gaabs\Dropbox\all_e-learing\e-learning\e_learning\templates\admin_page_partials\right_sidebar.html first seen with mtime 1722240736.5570066
File C:\Users\gaabs\Dropbox\all_e-learing\e-learning\e_learning\templates\admin_page_partials\topbar.html first seen with mtime 1722240745.3336449
File C:\Users\gaabs\Dropbox\all_e-learing\e-learning\e_learning\templates\home_page_app\about.html first seen with mtime 1721502893.426226
File C:\Users\gaabs\Dropbox\all_e-learing\e-learning\e_learning\templates\home_page_app\checkout.html first seen with mtime 1721639964.5704737
File C:\Users\gaabs\Dropbox\all_e-learing\e-learning\e_learning\templates\home_page_app\contact.html first seen with mtime 1721502958.1114285
File C:\Users\gaabs\Dropbox\all_e-learing\e-learning\e_learning\templates\home_page_app\course_category.html first seen with mtime 1721564119.7844317
File C:\Users\gaabs\Dropbox\all_e-learing\e-learning\e_learning\templates\home_page_app\course_detail.html first seen with mtime 1721638046.1969638
File C:\Users\gaabs\Dropbox\all_e-learing\e-learning\e_learning\templates\home_page_app\course_list.html first seen with mtime 1721569872.2459056
File C:\Users\gaabs\Dropbox\all_e-learing\e-learning\e_learning\templates\home_page_app\dashboard_certificates.html first seen with mtime 1721680595.5301392
File C:\Users\gaabs\Dropbox\all_e-learing\e-learning\e_learning\templates\home_page_app\dashboard_enrolled_courses.html first seen with mtime 1721658922.2321174
File C:\Users\gaabs\Dropbox\all_e-learing\e-learning\e_learning\templates\home_page_app\dashboard_purchase_history.html first seen with mtime 1721680547.6421351
File C:\Users\gaabs\Dropbox\all_e-learing\e-learning\e_learning\templates\home_page_app\dashboard_quiz_attempts.html first seen with mtime 1721661284.4799812
File C:\Users\gaabs\Dropbox\all_e-learing\e-learning\e_learning\templates\home_page_app\dashboard_quiz_attempt_detail.html first seen with mtime 1721661166.773607
File C:\Users\gaabs\Dropbox\all_e-learing\e-learning\e_learning\templates\home_page_app\dashboard_review.html first seen with mtime 1721660633.6677346
File C:\Users\gaabs\Dropbox\all_e-learing\e-learning\e_learning\templates\home_page_app\dashboard_student_dashboard.html first seen with mtime 1722359163.6247182
File C:\Users\gaabs\Dropbox\all_e-learing\e-learning\e_learning\templates\home_page_app\dashboard_student_profile.html first seen with mtime 1722359698.5053954
File C:\Users\gaabs\Dropbox\all_e-learing\e-learning\e_learning\templates\home_page_app\dashboard_wish_list.html first seen with mtime 1721656965.6775057
File C:\Users\gaabs\Dropbox\all_e-learing\e-learning\e_learning\templates\home_page_app\event_detail.html first seen with mtime 1721540875.058208
File C:\Users\gaabs\Dropbox\all_e-learing\e-learning\e_learning\templates\home_page_app\event_list.html first seen with mtime 1721541102.2365272
File C:\Users\gaabs\Dropbox\all_e-learing\e-learning\e_learning\templates\home_page_app\FAQs.html first seen with mtime 1721503943.189368
File C:\Users\gaabs\Dropbox\all_e-learing\e-learning\e_learning\templates\home_page_app\index.html first seen with mtime 1722347523.3759573
File C:\Users\gaabs\Dropbox\all_e-learing\e-learning\e_learning\templates\home_page_app\instructor_list.html first seen with mtime 1721584146.4564228
File C:\Users\gaabs\Dropbox\all_e-learing\e-learning\e_learning\templates\home_page_app\intructor_details.html first seen with mtime 1721583930.9023638
File C:\Users\gaabs\Dropbox\all_e-learing\e-learning\e_learning\templates\home_page_app\Membership_plans.html first seen with mtime 1721503543.2003312
File C:\Users\gaabs\Dropbox\all_e-learing\e-learning\e_learning\templates\home_page_app\purchase.html first seen with mtime 1721600098.035717
File C:\Users\gaabs\Dropbox\all_e-learing\e-learning\e_learning\templates\home_page_app\zoom_meeting_detail.html first seen with mtime 1721543559.3908243
File C:\Users\gaabs\Dropbox\all_e-learing\e-learning\e_learning\templates\home_page_app\zoom_meeting_list.html first seen with mtime 1721543485.2867947
File C:\Users\gaabs\Dropbox\all_e-learing\e-learning\e_learning\templates\home_page_partials\arrow_up_down.html first seen with mtime 1721476452.5130842
File C:\Users\gaabs\Dropbox\all_e-learing\e-learning\e_learning\templates\home_page_partials\main_footer.html first seen with mtime 1721672964.5774796
File C:\Users\gaabs\Dropbox\all_e-learing\e-learning\e_learning\templates\home_page_partials\main_header.html first seen with mtime 1722372807.9990008
File C:\Users\gaabs\Dropbox\all_e-learing\e-learning\e_learning\templates\home_page_partials\offcanvas.html first seen with mtime 1722372815.5449755
File C:\Users\gaabs\AppData\Roaming\Python\Python311\site-packages\MySQLdb\connections.py first seen with mtime 1694887692.1416042
File C:\Users\gaabs\Dropbox\all_e-learing\e-learning\e_learning\admin_page_app\migrations\0001_initial.py first seen with mtime 1722326007.7927742
File C:\Users\gaabs\AppData\Roaming\Python\Python311\site-packages\django\contrib\auth\migrations\0008_alter_user_username_max_length.py first seen with mtime 1697813545.821143
File C:\Users\gaabs\AppData\Roaming\Python\Python311\site-packages\django\contrib\admin\migrations\0003_logentry_add_action_flag_choices.py first seen with mtime 1697813544.5249705
File C:\Users\gaabs\AppData\Roaming\Python\Python311\site-packages\django\contrib\auth\migrations\0002_alter_permission_name_max_length.py first seen with mtime 1697813545.8111498
File C:\Users\gaabs\AppData\Roaming\Python\Python311\site-packages\django\contrib\sessions\exceptions.py first seen with mtime 1697813549.0619247
File C:\Users\gaabs\AppData\Roaming\Python\Python311\site-packages\django\middleware\security.py first seen with mtime 1697813550.6358025
File C:\Users\gaabs\AppData\Roaming\Python\Python311\site-packages\django\db\migrations\executor.py first seen with mtime 1697813550.3151064
File C:\Users\gaabs\AppData\Roaming\Python\Python311\site-packages\django\db\migrations\recorder.py first seen with mtime 1697813550.3261113
File C:\Users\gaabs\AppData\Roaming\Python\Python311\site-packages\django\contrib\admin\migrations\0002_logentry_remove_auto_add.py first seen with mtime 1697813544.5219686
File C:\Users\gaabs\AppData\Roaming\Python\Python311\site-packages\django\contrib\auth\migrations\0010_alter_group_name_max_length.py first seen with mtime 1697813545.8251505
File C:\Users\gaabs\AppData\Roaming\Python\Python311\site-packages\django\contrib\auth\migrations\0003_alter_user_email_max_length.py first seen with mtime 1697813545.8131428
File C:\Users\gaabs\Dropbox\all_e-learing\e-learning\e_learning\home_page_app\migrations\__init__.py first seen with mtime 1721373093.260989
File C:\Users\gaabs\AppData\Roaming\Python\Python311\site-packages\django\contrib\sessions\backends\__init__.py first seen with mtime 1697813549.0689244
File C:\Users\gaabs\AppData\Roaming\Python\Python311\site-packages\django\middleware\common.py first seen with mtime 1697813550.6257985
File C:\Users\gaabs\AppData\Roaming\Python\Python311\site-packages\whitenoise\responders.py first seen with mtime 1697800485.400489
File C:\Users\gaabs\Dropbox\all_e-learing\e-learning\e_learning\account_app\migrations\__init__.py first seen with mtime 1721373079.9749951
File C:\Users\gaabs\AppData\Roaming\Python\Python311\site-packages\django\contrib\auth\migrations\0009_alter_user_last_name_max_length.py first seen with mtime 1697813545.8231442
File C:\Users\gaabs\AppData\Roaming\Python\Python311\site-packages\django\contrib\auth\migrations\0006_require_contenttypes_0002.py first seen with mtime 1697813545.8181462
File C:\Users\gaabs\AppData\Roaming\Python\Python311\site-packages\django\views\csrf.py first seen with mtime 1697813550.8409057
File C:\Users\gaabs\AppData\Roaming\Python\Python311\site-packages\django\contrib\auth\migrations\0005_alter_user_last_login_null.py first seen with mtime 1697813545.8161466
File C:\Users\gaabs\AppData\Roaming\Python\Python311\site-packages\django\contrib\sessions\migrations\__init__.py first seen with mtime 1697813549.5777078
File C:\Users\gaabs\AppData\Roaming\Python\Python311\site-packages\django\contrib\auth\migrations\0012_alter_user_first_name_max_length.py first seen with mtime 1697813545.8281457
File C:\Users\gaabs\AppData\Roaming\Python\Python311\site-packages\django\db\migrations\graph.py first seen with mtime 1697813550.3161087
File C:\Users\gaabs\Dropbox\all_e-learing\e-learning\e_learning\account_app\migrations\0001_initial.py first seen with mtime 1722326007.7467685
File C:\Users\gaabs\AppData\Roaming\Python\Python311\site-packages\django\contrib\sessions\middleware.py first seen with mtime 1697813549.0639193
File C:\Users\gaabs\AppData\Roaming\Python\Python311\site-packages\django\contrib\contenttypes\migrations\__init__.py first seen with mtime 1697813546.3389118
File C:\Users\gaabs\AppData\Roaming\Python\Python311\site-packages\django\contrib\auth\migrations\__init__.py first seen with mtime 1697813545.8301475
File C:\Users\gaabs\AppData\Roaming\Python\Python311\site-packages\MySQLdb\cursors.py first seen with mtime 1694887692.1466172
File C:\Users\gaabs\AppData\Roaming\Python\Python311\site-packages\django\contrib\auth\migrations\0004_alter_user_username_opts.py first seen with mtime 1697813545.8141456
File C:\Users\gaabs\AppData\Roaming\Python\Python311\site-packages\django\contrib\admin\migrations\__init__.py first seen with mtime 1697813544.52697
File C:\Users\gaabs\AppData\Roaming\Python\Python311\site-packages\django\contrib\auth\migrations\0007_alter_validators_add_error_messages.py first seen with mtime 1697813545.8201447
File C:\Users\gaabs\AppData\Roaming\Python\Python311\site-packages\whitenoise\middleware.py first seen with mtime 1697800485.3935058
File C:\Users\gaabs\AppData\Roaming\Python\Python311\site-packages\django\contrib\messages\middleware.py first seen with mtime 1697813548.168941
File C:\Users\gaabs\AppData\Roaming\Python\Python311\site-packages\django\contrib\sessions\backends\base.py first seen with mtime 1697813549.0729413
File C:\Users\gaabs\AppData\Roaming\Python\Python311\site-packages\django\db\migrations\loader.py first seen with mtime 1697813550.3191078
File C:\Users\gaabs\AppData\Roaming\Python\Python311\site-packages\whitenoise\string_utils.py first seen with mtime 1697800485.406488
File C:\Users\gaabs\AppData\Roaming\Python\Python311\site-packages\django\contrib\contenttypes\migrations\0002_remove_content_type_name.py first seen with mtime 1697813546.3369071
File C:\Users\gaabs\AppData\Roaming\Python\Python311\site-packages\django\contrib\sessions\migrations\0001_initial.py first seen with mtime 1697813549.5757158
File C:\Users\gaabs\AppData\Roaming\Python\Python311\site-packages\django\contrib\auth\migrations\0011_update_proxy_permissions.py first seen with mtime 1697813545.827149
File C:\Users\gaabs\Dropbox\all_e-learing\e-learning\e_learning\admin_page_app\migrations\__init__.py first seen with mtime 1721373106.9519007
File C:\Users\gaabs\AppData\Roaming\Python\Python311\site-packages\django\contrib\staticfiles\storage.py first seen with mtime 1697813549.9749324
File C:\Users\gaabs\AppData\Roaming\Python\Python311\site-packages\django\contrib\contenttypes\migrations\0001_initial.py first seen with mtime 1697813546.334905
File C:\Users\gaabs\AppData\Roaming\Python\Python311\site-packages\django\contrib\auth\migrations\0001_initial.py first seen with mtime 1697813545.8091457
File C:\Users\gaabs\AppData\Roaming\Python\Python311\site-packages\django\contrib\admin\migrations\0001_initial.py first seen with mtime 1697813544.5199707
File C:\Users\gaabs\AppData\Roaming\Python\Python311\site-packages\django\middleware\clickjacking.py first seen with mtime 1697813550.6247973
File C:\Users\gaabs\AppData\Roaming\Python\Python311\site-packages\whitenoise\compress.py first seen with mtime 1697800485.3834891
File C:\Program Files\Python311\Lib\stringprep.py first seen with mtime 1686106818.0
File C:\Users\gaabs\AppData\Roaming\Python\Python311\site-packages\django\db\models\sql\compiler.py first seen with mtime 1697813550.4156816
File C:\Users\gaabs\AppData\Roaming\Python\Python311\site-packages\django\db\backends\mysql\compiler.py first seen with mtime 1697813550.242562
File C:\Users\gaabs\AppData\Roaming\Python\Python311\site-packages\django\contrib\sessions\backends\db.py first seen with mtime 1697813549.0789416
File C:\Users\gaabs\AppData\Roaming\Python\Python311\site-packages\whitenoise\storage.py first seen with mtime 1697800485.4034836
File C:\Users\gaabs\Dropbox\all_e-learing\e-learning\e_learning\e_learning\wsgi.py first seen with mtime 1722071268.8336875
File C:\Program Files\Python311\Lib\encodings\idna.py first seen with mtime 1686106818.0
File C:\Users\gaabs\AppData\Roaming\Python\Python311\site-packages\django\contrib\messages\storage\cookie.py first seen with mtime 1697813548.1779363
File C:\Users\gaabs\AppData\Roaming\Python\Python311\site-packages\django\contrib\messages\storage\session.py first seen with mtime 1697813548.181939
File C:\Users\gaabs\AppData\Roaming\Python\Python311\site-packages\django\template\context_processors.py first seen with mtime 1697813550.646797
Session data corrupted
File C:\Users\gaabs\AppData\Roaming\Python\Python311\site-packages\django\contrib\messages\storage\fallback.py first seen with mtime 1697813548.1799383
File C:\Users\gaabs\AppData\Roaming\Python\Python311\site-packages\django\contrib\messages\utils.py first seen with mtime 1697813548.1699405
File C:\Users\gaabs\AppData\Roaming\Python\Python311\site-packages\django\contrib\sessions\serializers.py first seen with mtime 1697813549.0669255
File C:\Users\gaabs\AppData\Roaming\Python\Python311\site-packages\django\contrib\messages\storage\base.py first seen with mtime 1697813548.175938
Exception while resolving variable 'errors' in template 'home_page_app/index.html'.
Traceback (most recent call last):
  File "C:\Users\gaabs\AppData\Roaming\Python\Python311\site-packages\django\template\base.py", line 875, in _resolve_lookup
    current = current[bit]
              ~~~~~~~^^^^^
  File "C:\Users\gaabs\AppData\Roaming\Python\Python311\site-packages\django\template\context.py", line 83, in __getitem__
    raise KeyError(key)
KeyError: 'errors'

During handling of the above exception, another exception occurred:

Traceback (most recent call last):
  File "C:\Users\gaabs\AppData\Roaming\Python\Python311\site-packages\django\template\base.py", line 881, in _resolve_lookup
    if isinstance(current, BaseContext) and getattr(
                                            ^^^^^^^^
AttributeError: type object 'RequestContext' has no attribute 'errors'

During handling of the above exception, another exception occurred:

Traceback (most recent call last):
  File "C:\Users\gaabs\AppData\Roaming\Python\Python311\site-packages\django\template\base.py", line 891, in _resolve_lookup
    current = current[int(bit)]
                      ^^^^^^^^
ValueError: invalid literal for int() with base 10: 'errors'

During handling of the above exception, another exception occurred:

Traceback (most recent call last):
  File "C:\Users\gaabs\AppData\Roaming\Python\Python311\site-packages\django\template\base.py", line 898, in _resolve_lookup
    raise VariableDoesNotExist(
django.template.base.VariableDoesNotExist: Failed lookup for key [errors] in [{'True': True, 'False': False, 'None': None}, {'csrf_token': <SimpleLazyObject: 'eIs9tiOO1gSvDXzcGMhe9wpzYS0OI5NmGpdRJ4F00eWvXI7PojlIsWBMZ4W0JuSx'>, 'request': <WSGIRequest: GET '/'>, 'user': <SimpleLazyObject: <django.contrib.auth.models.AnonymousUser object at 0x000002234A2CFC50>>, 'perms': PermWrapper(<SimpleLazyObject: <django.contrib.auth.models.AnonymousUser object at 0x000002234A2CFC50>>), 'messages': <FallbackStorage: request=<WSGIRequest: GET '/'>>, 'DEFAULT_MESSAGE_LEVELS': {'DEBUG': 10, 'INFO': 20, 'SUCCESS': 25, 'WARNING': 30, 'ERROR': 40}}, {}, {}]
"GET / HTTP/1.1" 200 205806
File C:\Users\gaabs\AppData\Roaming\Python\Python311\site-packages\tzdata\zoneinfo\__init__.py first seen with mtime 1692159504.8854668
File C:\Program Files\Python311\Lib\importlib\resources\_legacy.py first seen with mtime 1686106818.0
File C:\Users\gaabs\AppData\Roaming\Python\Python311\site-packages\django\contrib\messages\context_processors.py first seen with mtime 1697813548.1669154
File C:\Program Files\Python311\Lib\importlib\resources\readers.py first seen with mtime 1686106818.0
File C:\Users\gaabs\AppData\Roaming\Python\Python311\site-packages\django\conf\locale\en\formats.py first seen with mtime 1697813543.6022205
File C:\Program Files\Python311\Lib\importlib\readers.py first seen with mtime 1686106818.0
File C:\Program Files\Python311\Lib\importlib\resources\_adapters.py first seen with mtime 1686106818.0
File C:\Program Files\Python311\Lib\importlib\resources\abc.py first seen with mtime 1686106818.0
"GET /static/home_page_app/css/vendor/fontawesome-all.min.1fce5f76b349.css HTTP/1.1" 200 12872
File C:\Program Files\Python311\Lib\importlib\resources\_common.py first seen with mtime 1686106818.0
File C:\Program Files\Python311\Lib\importlib\resources\_itertools.py first seen with mtime 1686106818.0
"GET /static/home_page_app/css/vendor/edumall-icon.cea6a8519d8a.css HTTP/1.1" 200 662
File C:\Program Files\Python311\Lib\zipfile.py first seen with mtime 1686106818.0
File C:\Program Files\Python311\Lib\importlib\resources\__init__.py first seen with mtime 1686106818.0
File C:\Users\gaabs\AppData\Roaming\Python\Python311\site-packages\tzdata\__init__.py first seen with mtime 1692159504.7491505
File C:\Users\gaabs\AppData\Roaming\Python\Python311\site-packages\django\contrib\auth\context_processors.py first seen with mtime 1697813545.3143773
File C:\Users\gaabs\AppData\Roaming\Python\Python311\site-packages\django\conf\locale\en\__init__.py first seen with mtime 1697813543.6002567
- Broken pipe from ('127.0.0.1', 57348)

"GET /static/home_page_app/css/plugins/aos.72429fd5ad7d.css HTTP/1.1" 200 2196
"GET /static/home_page_app/css/plugins/swiper-bundle.min.bc962e7a8c5d.css HTTP/1.1" 200 4438
"GET /static/home_page_app/css/plugins/perfect-scrollbar.6f36b1309fbb.css HTTP/1.1" 200 652
"GET /static/home_page_app/css/plugins/jquery.powertip.min.87abca6feb94.css HTTP/1.1" 200 501
"GET /static/home_page_app/css/plugins/glightbox.min.d5e0b3e55dd9.css HTTP/1.1" 200 2546
- Broken pipe from ('127.0.0.1', 57355)

- Broken pipe from ('127.0.0.1', 57357)

- Broken pipe from ('127.0.0.1', 57358)

- Broken pipe from ('127.0.0.1', 57361)

"GET /static/home_page_app/images/courses/courses-25.9e1738865849.jpg HTTP/1.1" 200 9544
- Broken pipe from ('127.0.0.1', 57364)

"GET /static/home_page_app/images/courses/courses-27.65dea0b0fe6c.jpg HTTP/1.1" 200 9086
- Broken pipe from ('127.0.0.1', 57366)

- Broken pipe from ('127.0.0.1', 57367)

- Broken pipe from ('127.0.0.1', 57368)

- Broken pipe from ('127.0.0.1', 57369)

"GET /static/home_page_app/images/category/category-5.1956c19a63b1.jpg HTTP/1.1" 200 15402
- Broken pipe from ('127.0.0.1', 57370)

- Broken pipe from ('127.0.0.1', 57371)

- Broken pipe from ('127.0.0.1', 57372)

- Broken pipe from ('127.0.0.1', 57373)

- Broken pipe from ('127.0.0.1', 57374)

"GET /static/home_page_app/images/avatar/avatar-01.eebac1735749.jpg HTTP/1.1" 200 3074
"GET /static/home_page_app/images/avatar/avatar-02.965df870bc24.jpg HTTP/1.1" 200 3513
"GET /static/home_page_app/images/partners-logo/client-logo-02.c8f95f70bc34.jpg HTTP/1.1" 200 3189
"GET /static/home_page_app/images/partners-logo/client-logo-03.a560b72fa052.jpg HTTP/1.1" 200 4114
Session data corrupted
Exception while resolving variable 'errors' in template 'home_page_app/index.html'.
Traceback (most recent call last):
  File "C:\Users\gaabs\AppData\Roaming\Python\Python311\site-packages\django\template\base.py", line 875, in _resolve_lookup
    current = current[bit]
              ~~~~~~~^^^^^
  File "C:\Users\gaabs\AppData\Roaming\Python\Python311\site-packages\django\template\context.py", line 83, in __getitem__
    raise KeyError(key)
KeyError: 'errors'

During handling of the above exception, another exception occurred:

Traceback (most recent call last):
  File "C:\Users\gaabs\AppData\Roaming\Python\Python311\site-packages\django\template\base.py", line 881, in _resolve_lookup
    if isinstance(current, BaseContext) and getattr(
                                            ^^^^^^^^
AttributeError: type object 'RequestContext' has no attribute 'errors'

During handling of the above exception, another exception occurred:

Traceback (most recent call last):
  File "C:\Users\gaabs\AppData\Roaming\Python\Python311\site-packages\django\template\base.py", line 891, in _resolve_lookup
    current = current[int(bit)]
                      ^^^^^^^^
ValueError: invalid literal for int() with base 10: 'errors'

During handling of the above exception, another exception occurred:

Traceback (most recent call last):
  File "C:\Users\gaabs\AppData\Roaming\Python\Python311\site-packages\django\template\base.py", line 898, in _resolve_lookup
    raise VariableDoesNotExist(
django.template.base.VariableDoesNotExist: Failed lookup for key [errors] in [{'True': True, 'False': False, 'None': None}, {'csrf_token': <SimpleLazyObject: 'jlZsNK2SGrPglaZZYz2q2XGz6Qi2WLPXL2Ka3wT4FpTgFVxCG66UlnSM72eeXaU8'>, 'request': <WSGIRequest: GET '/'>, 'user': <SimpleLazyObject: <django.contrib.auth.models.AnonymousUser object at 0x000002234A2F3110>>, 'perms': PermWrapper(<SimpleLazyObject: <django.contrib.auth.models.AnonymousUser object at 0x000002234A2F3110>>), 'messages': <FallbackStorage: request=<WSGIRequest: GET '/'>>, 'DEFAULT_MESSAGE_LEVELS': {'DEBUG': 10, 'INFO': 20, 'SUCCESS': 25, 'WARNING': 30, 'ERROR': 40}}, {}, {}]
"GET / HTTP/1.1" 200 205806
Session data corrupted
"POST /account/login/ HTTP/1.1" 302 0
"GET /dashboard/ HTTP/1.1" 200 15997
- Broken pipe from ('127.0.0.1', 57403)

Internal Server Error: /account/students/update/by_user/
Traceback (most recent call last):
  File "C:\Users\gaabs\AppData\Roaming\Python\Python311\site-packages\django\core\handlers\exception.py", line 55, in inner
    response = get_response(request)
               ^^^^^^^^^^^^^^^^^^^^^
  File "C:\Users\gaabs\AppData\Roaming\Python\Python311\site-packages\django\core\handlers\base.py", line 197, in _get_response
    response = wrapped_callback(request, *callback_args, **callback_kwargs)
               ^^^^^^^^^^^^^^^^^^^^^^^^^^^^^^^^^^^^^^^^^^^^^^^^^^^^^^^^^^^^
  File "C:\Users\gaabs\Dropbox\all_e-learing\e-learning\e_learning\account_app\views.py", line 214, in update_student_and_profile_by_user
    return render(request, 'account_app/user_student_update.html', {'student': student, 'profile': profile, 'profile_picture_url': profile_picture_url})
           ^^^^^^^^^^^^^^^^^^^^^^^^^^^^^^^^^^^^^^^^^^^^^^^^^^^^^^^^^^^^^^^^^^^^^^^^^^^^^^^^^^^^^^^^^^^^^^^^^^^^^^^^^^^^^^^^^^^^^^^^^^^^^^^^^^^^^^^^^^^^^
  File "C:\Users\gaabs\AppData\Roaming\Python\Python311\site-packages\django\shortcuts.py", line 24, in render
    content = loader.render_to_string(template_name, context, request, using=using)
              ^^^^^^^^^^^^^^^^^^^^^^^^^^^^^^^^^^^^^^^^^^^^^^^^^^^^^^^^^^^^^^^^^^^^^
  File "C:\Users\gaabs\AppData\Roaming\Python\Python311\site-packages\django\template\loader.py", line 62, in render_to_string
    return template.render(context, request)
           ^^^^^^^^^^^^^^^^^^^^^^^^^^^^^^^^^
  File "C:\Users\gaabs\AppData\Roaming\Python\Python311\site-packages\django\template\backends\django.py", line 62, in render
    return self.template.render(context)
           ^^^^^^^^^^^^^^^^^^^^^^^^^^^^^
  File "C:\Users\gaabs\AppData\Roaming\Python\Python311\site-packages\django\template\base.py", line 175, in render
    return self._render(context)
           ^^^^^^^^^^^^^^^^^^^^^
  File "C:\Users\gaabs\AppData\Roaming\Python\Python311\site-packages\django\template\base.py", line 167, in _render
    return self.nodelist.render(context)
           ^^^^^^^^^^^^^^^^^^^^^^^^^^^^^
  File "C:\Users\gaabs\AppData\Roaming\Python\Python311\site-packages\django\template\base.py", line 1000, in render
    return SafeString("".join([node.render_annotated(context) for node in self]))
                              ^^^^^^^^^^^^^^^^^^^^^^^^^^^^^^^^^^^^^^^^^^^^^^^^^
  File "C:\Users\gaabs\AppData\Roaming\Python\Python311\site-packages\django\template\base.py", line 1000, in <listcomp>
    return SafeString("".join([node.render_annotated(context) for node in self]))
                               ^^^^^^^^^^^^^^^^^^^^^^^^^^^^^^
  File "C:\Users\gaabs\AppData\Roaming\Python\Python311\site-packages\django\template\base.py", line 958, in render_annotated
    return self.render(context)
           ^^^^^^^^^^^^^^^^^^^^
  File "C:\Users\gaabs\AppData\Roaming\Python\Python311\site-packages\django\template\loader_tags.py", line 157, in render
    return compiled_parent._render(context)
           ^^^^^^^^^^^^^^^^^^^^^^^^^^^^^^^^
  File "C:\Users\gaabs\AppData\Roaming\Python\Python311\site-packages\django\template\base.py", line 167, in _render
    return self.nodelist.render(context)
           ^^^^^^^^^^^^^^^^^^^^^^^^^^^^^
  File "C:\Users\gaabs\AppData\Roaming\Python\Python311\site-packages\django\template\base.py", line 1000, in render
    return SafeString("".join([node.render_annotated(context) for node in self]))
                              ^^^^^^^^^^^^^^^^^^^^^^^^^^^^^^^^^^^^^^^^^^^^^^^^^
  File "C:\Users\gaabs\AppData\Roaming\Python\Python311\site-packages\django\template\base.py", line 1000, in <listcomp>
    return SafeString("".join([node.render_annotated(context) for node in self]))
                               ^^^^^^^^^^^^^^^^^^^^^^^^^^^^^^
  File "C:\Users\gaabs\AppData\Roaming\Python\Python311\site-packages\django\template\base.py", line 958, in render_annotated
    return self.render(context)
           ^^^^^^^^^^^^^^^^^^^^
  File "C:\Users\gaabs\AppData\Roaming\Python\Python311\site-packages\django\template\loader_tags.py", line 63, in render
    result = block.nodelist.render(context)
             ^^^^^^^^^^^^^^^^^^^^^^^^^^^^^^
  File "C:\Users\gaabs\AppData\Roaming\Python\Python311\site-packages\django\template\base.py", line 1000, in render
    return SafeString("".join([node.render_annotated(context) for node in self]))
                              ^^^^^^^^^^^^^^^^^^^^^^^^^^^^^^^^^^^^^^^^^^^^^^^^^
  File "C:\Users\gaabs\AppData\Roaming\Python\Python311\site-packages\django\template\base.py", line 1000, in <listcomp>
    return SafeString("".join([node.render_annotated(context) for node in self]))
                               ^^^^^^^^^^^^^^^^^^^^^^^^^^^^^^
  File "C:\Users\gaabs\AppData\Roaming\Python\Python311\site-packages\django\template\base.py", line 958, in render_annotated
    return self.render(context)
           ^^^^^^^^^^^^^^^^^^^^
  File "C:\Users\gaabs\AppData\Roaming\Python\Python311\site-packages\django\template\defaulttags.py", line 472, in render
    url = reverse(view_name, args=args, kwargs=kwargs, current_app=current_app)
          ^^^^^^^^^^^^^^^^^^^^^^^^^^^^^^^^^^^^^^^^^^^^^^^^^^^^^^^^^^^^^^^^^^^^^
  File "C:\Users\gaabs\AppData\Roaming\Python\Python311\site-packages\django\urls\base.py", line 88, in reverse
    return resolver._reverse_with_prefix(view, prefix, *args, **kwargs)
           ^^^^^^^^^^^^^^^^^^^^^^^^^^^^^^^^^^^^^^^^^^^^^^^^^^^^^^^^^^^^
  File "C:\Users\gaabs\AppData\Roaming\Python\Python311\site-packages\django\urls\resolvers.py", line 802, in _reverse_with_prefix
    raise NoReverseMatch(msg)
django.urls.exceptions.NoReverseMatch: Reverse for 'upload_profile_picture' not found. 'upload_profile_picture' is not a valid view function or pattern name.
"GET /account/students/update/by_user/ HTTP/1.1" 500 9856
"GET /static/home_page_app/fonts/webfonts/fa-regular-400.b91d376b8d76.woff2 HTTP/1.1" 200 13224
File C:\Users\gaabs\Dropbox\all_e-learing\e-learning\e_learning\templates\account_app\user_student_update.html previous mtime: 1722404086.365387, current mtime: 1722404300.4806302
C:\Users\gaabs\Dropbox\all_e-learing\e-learning\e_learning\templates\account_app\user_student_update.html notified as changed. Signal results: [(<function template_changed at 0x0000022348FB5D00>, True), (<function translation_file_changed at 0x0000022349F032E0>, None)].
File C:\Users\gaabs\Dropbox\all_e-learing\e-learning\e_learning\templates\account_app\user_student_update.html previous mtime: 1722404300.4806302, current mtime: 1722404302.6999464
C:\Users\gaabs\Dropbox\all_e-learing\e-learning\e_learning\templates\account_app\user_student_update.html notified as changed. Signal results: [(<function template_changed at 0x0000022348FB5D00>, True), (<function translation_file_changed at 0x0000022349F032E0>, None)].
"GET /account/students/update/by_user/ HTTP/1.1" 200 28151
- Broken pipe from ('127.0.0.1', 57441)

"GET /static/home_page_app/images/avatar-placeholder.jpg HTTP/1.1" 200 8333
"POST /account/upload_profile_picture/ HTTP/1.1" 200 63
Not Found: /media/profile_images/avatar_man.png
"GET /media/profile_images/avatar_man.png HTTP/1.1" 404 9851
File C:\Users\gaabs\Dropbox\all_e-learing\e-learning\e_learning\templates\home_page_partials\main_header.html previous mtime: 1722372807.9990008, current mtime: 1722404497.969362
C:\Users\gaabs\Dropbox\all_e-learing\e-learning\e_learning\templates\home_page_partials\main_header.html notified as changed. Signal results: [(<function template_changed at 0x0000022348FB5D00>, True), (<function translation_file_changed at 0x0000022349F032E0>, None)].
Exception while resolving variable 'student' in template 'home_page_app/index.html'.
Traceback (most recent call last):
  File "C:\Users\gaabs\AppData\Roaming\Python\Python311\site-packages\django\template\base.py", line 875, in _resolve_lookup
    current = current[bit]
              ~~~~~~~^^^^^
  File "C:\Users\gaabs\AppData\Roaming\Python\Python311\site-packages\django\template\context.py", line 83, in __getitem__
    raise KeyError(key)
KeyError: 'student'

During handling of the above exception, another exception occurred:

Traceback (most recent call last):
  File "C:\Users\gaabs\AppData\Roaming\Python\Python311\site-packages\django\template\base.py", line 881, in _resolve_lookup
    if isinstance(current, BaseContext) and getattr(
                                            ^^^^^^^^
AttributeError: type object 'RequestContext' has no attribute 'student'

During handling of the above exception, another exception occurred:

Traceback (most recent call last):
  File "C:\Users\gaabs\AppData\Roaming\Python\Python311\site-packages\django\template\base.py", line 891, in _resolve_lookup
    current = current[int(bit)]
                      ^^^^^^^^
ValueError: invalid literal for int() with base 10: 'student'

During handling of the above exception, another exception occurred:

Traceback (most recent call last):
  File "C:\Users\gaabs\AppData\Roaming\Python\Python311\site-packages\django\template\base.py", line 898, in _resolve_lookup
    raise VariableDoesNotExist(
django.template.base.VariableDoesNotExist: Failed lookup for key [student] in [{'True': True, 'False': False, 'None': None}, {'csrf_token': <SimpleLazyObject: <function csrf.<locals>._get_val at 0x000002234A36F9C0>>, 'request': <WSGIRequest: GET '/'>, 'user': <SimpleLazyObject: <django.contrib.auth.models.AnonymousUser object at 0x000002234A8AE410>>, 'perms': PermWrapper(<SimpleLazyObject: <django.contrib.auth.models.AnonymousUser object at 0x000002234A8AE410>>), 'messages': <FallbackStorage: request=<WSGIRequest: GET '/'>>, 'DEFAULT_MESSAGE_LEVELS': {'DEBUG': 10, 'INFO': 20, 'SUCCESS': 25, 'WARNING': 30, 'ERROR': 40}}, {}, {'block': <Block Node: main. Contents: [<TextNode: '\n\n<main class="main-wrapp'>, <Block Node: header. Contents: [<TextNode: '\n    '>, <IncludeNode: template=<FilterExpression "'home_page_partials/main_header.html'">>, <TextNode: '\n    '>]>, <TextNode: '\n    <!-- Header End -->\n'>, <Block Node: slider. Contents: [<TextNode: '\n    <div class="slider-s'>, StaticNode(varname=None, path=<FilterExpression '"home_page_app/images/home-01-hero-image.png"'>), <TextNode: ' " alt="Hero Image" width'>, StaticNode(varname=None, path=<FilterExpression '"home_page_app/images/shape/edumall-shape-grid-dots.png"'>), <TextNode: ' " alt="Shape" width="417'>, StaticNode(varname=None, path=<FilterExpression '"home_page_app/images/shape/edumall-shape-01.png"'>), <TextNode: ' " alt="Shape" width="179'>]>, <TextNode: '\n    <!-- slider End -->\n'>, <Block Node: offcanvas. Contents: [<TextNode: '\n    '>, <IncludeNode: template=<FilterExpression '"home_page_partials/offcanvas.html"'>>, <TextNode: '\n    '>]>, <TextNode: '\n    <!-- Offcanvas End -'>, <Block Node: features. Contents: [<TextNode: '\n      <div class="featur'>]>, <TextNode: '\n     <!-- Features Secti'>, <Block Node: course. Contents: [<TextNode: '\n      \n        <div clas'>, <URLNode view_name='"home_page_app:course_detail"' args=[<FilterExpression '1'>] kwargs={} as=None>, <TextNode: '"><img src="'>, StaticNode(varname=None, path=<FilterExpression '"home_page_app/images/courses/courses-1.jpg"'>), <TextNode: '" alt="courses" width="25'>, <URLNode view_name='"home_page_app:course_detail"' args=[<FilterExpression '1'>] kwargs={} as=None>, <TextNode: '">Successful Negotiation:'>, <URLNode view_name='"home_page_app:course_detail"' args=[<FilterExpression '2'>] kwargs={} as=None>, <TextNode: '"><img src="'>, StaticNode(varname=None, path=<FilterExpression '"home_page_app/images/courses/courses-2.jpg"'>), <TextNode: '" alt="courses" width="25'>, <URLNode view_name='"home_page_app:course_detail"' args=[<FilterExpression '2'>] kwargs={} as=None>, <TextNode: '">Time Management Mastery'>, <URLNode view_name='"home_page_app:course_detail"' args=[<FilterExpression '3'>] kwargs={} as=None>, <TextNode: '"><img src="'>, StaticNode(varname=None, path=<FilterExpression '"home_page_app/images/courses/courses-3.jpg"'>), <TextNode: '" alt="courses" width="25'>, <URLNode view_name='"home_page_app:course_detail"' args=[<FilterExpression '3'>] kwargs={} as=None>, <TextNode: '">Angular  The Complete '>, <URLNode view_name='"home_page_app:course_detail"' args=[<FilterExpression '4'>] kwargs={} as=None>, <TextNode: '"><img src="'>, StaticNode(varname=None, path=<FilterExpression '"home_page_app/images/courses/courses-4.jpg"'>), <TextNode: '" alt="courses" width="25'>, <URLNode view_name='"home_page_app:course_detail"' args=[<FilterExpression '4'>] kwargs={} as=None>, <TextNode: '">Consulting Approach to '>, <URLNode view_name='"home_page_app:course_detail"' args=[<FilterExpression '5'>] kwargs={} as=None>, <TextNode: '"><img src="'>, StaticNode(varname=None, path=<FilterExpression '"home_page_app/images/courses/courses-5.jpg"'>), <TextNode: '" alt="courses" width="25'>, <URLNode view_name='"home_page_app:course_detail"' args=[<FilterExpression '5'>] kwargs={} as=None>, <TextNode: '">The Business Intelligen'>, <URLNode view_name='"home_page_app:course_detail"' args=[<FilterExpression '6'>] kwargs={} as=None>, <TextNode: '"><img src="'>, StaticNode(varname=None, path=<FilterExpression '"home_page_app/images/courses/courses-6.jpg"'>), <TextNode: '" alt="courses" width="25'>, <URLNode view_name='"home_page_app:course_detail"' args=[<FilterExpression '6'>] kwargs={} as=None>, <TextNode: '">Become a Product Manage'>, <URLNode view_name='"home_page_app:course_detail"' args=[<FilterExpression '7'>] kwargs={} as=None>, <TextNode: '"><img src="'>, StaticNode(varname=None, path=<FilterExpression '"home_page_app/images/courses/courses-7.jpg"'>), <TextNode: '" alt="courses" width="25'>, <URLNode view_name='"home_page_app:course_detail"' args=[<FilterExpression '7'>] kwargs={} as=None>, <TextNode: '">Mechanical Engineering '>, <URLNode view_name='"home_page_app:course_detail"' args=[<FilterExpression '8'>] kwargs={} as=None>, <TextNode: '"><img src="'>, StaticNode(varname=None, path=<FilterExpression '"home_page_app/images/courses/courses-8.jpg"'>), <TextNode: '" alt="courses" width="25'>, <URLNode view_name='"home_page_app:course_detail"' args=[<FilterExpression '8'>] kwargs={} as=None>, <TextNode: '">Learn Algebra The Easy '>, <URLNode view_name='"home_page_app:course_detail"' args=[<FilterExpression '9'>] kwargs={} as=None>, <TextNode: '"><img src="'>, StaticNode(varname=None, path=<FilterExpression '"home_page_app/images/courses/courses-9.jpg"'>), <TextNode: '" alt="courses" width="25'>, <URLNode view_name='"home_page_app:course_detail"' args=[<FilterExpression '9'>] kwargs={} as=None>, <TextNode: '">Essential Digital Tools'>, <URLNode view_name='"home_page_app:course_detail"' args=[<FilterExpression '10'>] kwargs={} as=None>, <TextNode: '"><img src="'>, StaticNode(varname=None, path=<FilterExpression '"home_page_app/images/courses/courses-10.jpg"'>), <TextNode: '" alt="courses" width="25'>, <URLNode view_name='"home_page_app:course_detail"' args=[<FilterExpression '10'>] kwargs={} as=None>, <TextNode: '">Adobe Lightroom For Beg'>, <URLNode view_name='"home_page_app:course_detail"' args=[<FilterExpression '11'>] kwargs={} as=None>, <TextNode: '"><img src="'>, StaticNode(varname=None, path=<FilterExpression '"home_page_app/images/courses/courses-11.jpg"'>), <TextNode: '" alt="courses" width="25'>, <URLNode view_name='"home_page_app:course_detail"' args=[<FilterExpression '11'>] kwargs={} as=None>, <TextNode: '">Mastering Data Modeling'>, <URLNode view_name='"home_page_app:course_detail"' args=[<FilterExpression '12'>] kwargs={} as=None>, <TextNode: '"><img src="'>, StaticNode(varname=None, path=<FilterExpression '"home_page_app/images/courses/courses-12.jpg"'>), <TextNode: '" alt="courses" width="25'>, <URLNode view_name='"home_page_app:course_detail"' args=[<FilterExpression '12'>] kwargs={} as=None>, <TextNode: '">Fundamentals of Account'>, <URLNode view_name='"home_page_app:course_detail"' args=[<FilterExpression '13'>] kwargs={} as=None>, <TextNode: '"><img src="'>, StaticNode(varname=None, path=<FilterExpression '"home_page_app/images/courses/courses-1.jpg"'>), <TextNode: '" alt="courses" width="25'>, <URLNode view_name='"home_page_app:course_detail"' args=[<FilterExpression '13'>] kwargs={} as=None>, <TextNode: '">Successful Negotiation:'>, <URLNode view_name='"home_page_app:course_detail"' args=[<FilterExpression '14'>] kwargs={} as=None>, <TextNode: '"><img src="'>, StaticNode(varname=None, path=<FilterExpression '"home_page_app/images/courses/courses-2.jpg"'>), <TextNode: '" alt="courses" width="25'>, <URLNode view_name='"home_page_app:course_detail"' args=[<FilterExpression '14'>] kwargs={} as=None>, <TextNode: '">Time Management Mastery'>, <URLNode view_name='"home_page_app:course_detail"' args=[<FilterExpression '15'>] kwargs={} as=None>, <TextNode: '"><img src="'>, StaticNode(varname=None, path=<FilterExpression '"home_page_app/images/courses/courses-13.jpg"'>), <TextNode: '" alt="courses" width="25'>, <URLNode view_name='"home_page_app:course_detail"' args=[<FilterExpression '15'>] kwargs={} as=None>, <TextNode: '">Adobe Illustrator CC  '>, <URLNode view_name='"home_page_app:course_detail"' args=[<FilterExpression '16'>] kwargs={} as=None>, <TextNode: '"><img src="'>, StaticNode(varname=None, path=<FilterExpression '"home_page_app/images/courses/courses-6.jpg"'>), <TextNode: '" alt="courses" width="25'>, <URLNode view_name='"home_page_app:course_detail"' args=[<FilterExpression '16'>] kwargs={} as=None>, <TextNode: '">Consulting Approach to '>, <URLNode view_name='"home_page_app:course_detail"' args=[<FilterExpression '17'>] kwargs={} as=None>, <TextNode: '"><img src="'>, StaticNode(varname=None, path=<FilterExpression '"home_page_app/images/courses/courses-3.jpg"'>), <TextNode: '" alt="courses" width="25'>, <URLNode view_name='"home_page_app:course_detail"' args=[<FilterExpression '17'>] kwargs={} as=None>, <TextNode: '">Angular  The Complete '>, <URLNode view_name='"home_page_app:course_detail"' args=[<FilterExpression '18'>] kwargs={} as=None>, <TextNode: '"><img src="'>, StaticNode(varname=None, path=<FilterExpression '"home_page_app/images/courses/courses-5.jpg"'>), <TextNode: '" alt="courses" width="25'>, <URLNode view_name='"home_page_app:course_detail"' args=[<FilterExpression '18'>] kwargs={} as=None>, <TextNode: '">The Business Intelligen'>, <URLNode view_name='"home_page_app:course_detail"' args=[<FilterExpression '19'>] kwargs={} as=None>, <TextNode: '"><img src="'>, StaticNode(varname=None, path=<FilterExpression '"home_page_app/images/courses/courses-6.jpg"'>), <TextNode: '" alt="courses" width="25'>, <URLNode view_name='"home_page_app:course_detail"' args=[<FilterExpression '19'>] kwargs={} as=None>, <TextNode: '">Become a Product Manage'>, <URLNode view_name='"home_page_app:course_detail"' args=[<FilterExpression '20'>] kwargs={} as=None>, <TextNode: '"><img src="'>, StaticNode(varname=None, path=<FilterExpression '"home_page_app/images/courses/courses-7.jpg"'>), <TextNode: '" alt="courses" width="25'>, <URLNode view_name='"home_page_app:course_detail"' args=[<FilterExpression '20'>] kwargs={} as=None>, <TextNode: '">Mechanical Engineering '>, <URLNode view_name='"home_page_app:course_detail"' args=[<FilterExpression '21'>] kwargs={} as=None>, <TextNode: '"><img src="'>, StaticNode(varname=None, path=<FilterExpression '"home_page_app/images/courses/courses-13.jpg"'>), <TextNode: '" alt="courses" width="25'>, <URLNode view_name='"home_page_app:course_detail"' args=[<FilterExpression '21'>] kwargs={} as=None>, <TextNode: '">Diloma in computer base'>, <URLNode view_name='"home_page_app:course_detail"' args=[<FilterExpression '22'>] kwargs={} as=None>, <TextNode: '"><img src="'>, StaticNode(varname=None, path=<FilterExpression '"home_page_app/images/courses/courses-4.jpg"'>), <TextNode: '" alt="courses" width="25'>, <URLNode view_name='"home_page_app:course_detail"' args=[<FilterExpression '22'>] kwargs={} as=None>, <TextNode: '">Consulting Approach to '>, <URLNode view_name='"home_page_app:course_detail"' args=[<FilterExpression '23'>] kwargs={} as=None>, <TextNode: '"><img src="'>, StaticNode(varname=None, path=<FilterExpression '"home_page_app/images/courses/courses-14.jpg"'>), <TextNode: '" alt="courses" width="25'>, <URLNode view_name='"home_page_app:course_detail"' args=[<FilterExpression '23'>] kwargs={} as=None>, <TextNode: '">Time Management for Pro'>, <URLNode view_name='"home_page_app:course_detail"' args=[<FilterExpression '24'>] kwargs={} as=None>, <TextNode: '"><img src="'>, StaticNode(varname=None, path=<FilterExpression '"home_page_app/images/courses/courses-9.jpg"'>), <TextNode: '" alt="courses" width="25'>, <URLNode view_name='"home_page_app:course_detail"' args=[<FilterExpression '24'>] kwargs={} as=None>, <TextNode: '">Essential Digital Tools'>, <URLNode view_name='"home_page_app:course_detail"' args=[<FilterExpression '25'>] kwargs={} as=None>, <TextNode: '"><img src="'>, StaticNode(varname=None, path=<FilterExpression '"home_page_app/images/courses/courses-8.jpg"'>), <TextNode: '" alt="courses" width="25'>, <URLNode view_name='"home_page_app:course_detail"' args=[<FilterExpression '25'>] kwargs={} as=None>, <TextNode: '">The Business Intelligen'>, <URLNode view_name='"home_page_app:course_detail"' args=[<FilterExpression '26'>] kwargs={} as=None>, <TextNode: '"><img src="'>, StaticNode(varname=None, path=<FilterExpression '"home_page_app/images/courses/courses-15.jpg"'>), <TextNode: '" alt="courses" width="25'>, <URLNode view_name='"home_page_app:course_detail"' args=[<FilterExpression '26'>] kwargs={} as=None>, <TextNode: '">Become a Product Manage'>, <URLNode view_name='"home_page_app:course_detail"' args=[<FilterExpression '27'>] kwargs={} as=None>, <TextNode: '"><img src="'>, StaticNode(varname=None, path=<FilterExpression '"home_page_app/images/courses/courses-16.jpg"'>), <TextNode: '" alt="courses" width="25'>, <URLNode view_name='"home_page_app:course_detail"' args=[<FilterExpression '27'>] kwargs={} as=None>, <TextNode: '">Introduction to Web Dev'>, <URLNode view_name='"home_page_app:course_detail"' args=[<FilterExpression '28'>] kwargs={} as=None>, <TextNode: '"><img src="'>, StaticNode(varname=None, path=<FilterExpression '"home_page_app/images/courses/courses-17.jpg"'>), <TextNode: '" alt="courses" width="25'>, <URLNode view_name='"home_page_app:course_detail"' args=[<FilterExpression '28'>] kwargs={} as=None>, <TextNode: '">Analytic Techniques for'>, <URLNode view_name='"home_page_app:course_detail"' args=[<FilterExpression '29'>] kwargs={} as=None>, <TextNode: '"><img src="'>, StaticNode(varname=None, path=<FilterExpression '"home_page_app/images/courses/courses-18.jpg"'>), <TextNode: '" alt="courses" width="25'>, <URLNode view_name='"home_page_app:course_detail"' args=[<FilterExpression '29'>] kwargs={} as=None>, <TextNode: '">How To Sing #1: Complet'>, <URLNode view_name='"home_page_app:course_detail"' args=[<FilterExpression '30'>] kwargs={} as=None>, <TextNode: '"><img src="'>, StaticNode(varname=None, path=<FilterExpression '"home_page_app/images/courses/courses-6.jpg"'>), <TextNode: '" alt="courses" width="25'>, <URLNode view_name='"home_page_app:course_detail"' args=[<FilterExpression '30'>] kwargs={} as=None>, <TextNode: '">Become a Product Manage'>, <URLNode view_name='"home_page_app:course_detail"' args=[<FilterExpression '31'>] kwargs={} as=None>, <TextNode: '"><img src="'>, StaticNode(varname=None, path=<FilterExpression '"home_page_app/images/courses/courses-19.jpg"'>), <TextNode: '" alt="courses" width="25'>, <URLNode view_name='"home_page_app:course_detail"' args=[<FilterExpression '31'>] kwargs={} as=None>, <TextNode: '">The Complete 2020 Web D'>, <URLNode view_name='"home_page_app:course_detail"' args=[<FilterExpression '32'>] kwargs={} as=None>, <TextNode: '"><img src="'>, StaticNode(varname=None, path=<FilterExpression '"home_page_app/images/courses/courses-20.jpg"'>), <TextNode: '" alt="courses" width="25'>, <URLNode view_name='"home_page_app:course_detail"' args=[<FilterExpression '32'>] kwargs={} as=None>, <TextNode: '">Sales Training: Practic'>, <URLNode view_name='"home_page_app:course_detail"' args=[<FilterExpression '33'>] kwargs={} as=None>, <TextNode: '"><img src="'>, StaticNode(varname=None, path=<FilterExpression '"home_page_app/images/courses/courses-21.jpg"'>), <TextNode: '" alt="courses" width="25'>, <URLNode view_name='"home_page_app:course_detail"' args=[<FilterExpression '33'>] kwargs={} as=None>, <TextNode: '">The Business Intelligen'>, <URLNode view_name='"home_page_app:course_detail"' args=[<FilterExpression '34'>] kwargs={} as=None>, <TextNode: '"><img src="'>, StaticNode(varname=None, path=<FilterExpression '"home_page_app/images/courses/courses-22.jpg"'>), <TextNode: '" alt="courses" width="25'>, <URLNode view_name='"home_page_app:course_detail"' args=[<FilterExpression '34'>] kwargs={} as=None>, <TextNode: '">The Complete Graphic De'>, <URLNode view_name='"home_page_app:course_detail"' args=[<FilterExpression '35'>] kwargs={} as=None>, <TextNode: '"><img src="'>, StaticNode(varname=None, path=<FilterExpression '"home_page_app/images/courses/courses-23.jpg"'>), <TextNode: '" alt="courses" width="25'>, <URLNode view_name='"home_page_app:course_detail"' args=[<FilterExpression '35'>] kwargs={} as=None>, <TextNode: '">Graphic Design Bootcamp'>, <URLNode view_name='"home_page_app:course_detail"' args=[<FilterExpression '36'>] kwargs={} as=None>, <TextNode: '"><img src="'>, StaticNode(varname=None, path=<FilterExpression '"home_page_app/images/courses/courses-13.jpg"'>), <TextNode: '" alt="courses" width="25'>, <URLNode view_name='"home_page_app:course_detail"' args=[<FilterExpression '36'>] kwargs={} as=None>, <TextNode: '">Adobe Illustrator CC  '>, <URLNode view_name='"home_page_app:course_detail"' args=[<FilterExpression '37'>] kwargs={} as=None>, <TextNode: '"><img src="'>, StaticNode(varname=None, path=<FilterExpression '"home_page_app/images/courses/courses-24.jpg"'>), <TextNode: '" alt="courses" width="25'>, <URLNode view_name='"home_page_app:course_detail"' args=[<FilterExpression '37'>] kwargs={} as=None>, <TextNode: '">Public Relations: Media'>, <URLNode view_name='"home_page_app:course_detail"' args=[<FilterExpression '38'>] kwargs={} as=None>, <TextNode: '"><img src="'>, StaticNode(varname=None, path=<FilterExpression '"home_page_app/images/courses/courses-25.jpg"'>), <TextNode: '" alt="courses" width="25'>, <URLNode view_name='"home_page_app:course_detail"' args=[<FilterExpression '38'>] kwargs={} as=None>, <TextNode: '">Learn Big Data: The Had'>, <URLNode view_name='"home_page_app:course_detail"' args=[<FilterExpression '39'>] kwargs={} as=None>, <TextNode: '"><img src="'>, StaticNode(varname=None, path=<FilterExpression '"home_page_app/images/courses/courses-26.jpg"'>), <TextNode: '" alt="courses" width="25'>, <URLNode view_name='"home_page_app:course_detail"' args=[<FilterExpression '39'>] kwargs={} as=None>, <TextNode: '">Mastering Data Modeling'>, <URLNode view_name='"home_page_app:course_detail"' args=[<FilterExpression '40'>] kwargs={} as=None>, <TextNode: '"><img src="'>, StaticNode(varname=None, path=<FilterExpression '"home_page_app/images/courses/courses-27.jpg"'>), <TextNode: '" alt="courses" width="25'>, <URLNode view_name='"home_page_app:course_detail"' args=[<FilterExpression '40'>] kwargs={} as=None>, <TextNode: '">Communication Skills Ma'>]>, <TextNode: '\n     <!-- Course Section'>, <Block Node: call_to_action. Contents: [<TextNode: '\n     <div class="call-to'>]>, <TextNode: '\n     <!-- Call To Action'>, <Block Node: category. Contents: [<TextNode: '\n\n    <div class="categor'>, <django.template.defaulttags.CommentNode object at 0x000002234A2F0610>, <TextNode: '\n            </div>\n\n    '>, StaticNode(varname=None, path=<FilterExpression '"home_page_app/images/category/category-1.jpg"'>), <TextNode: '" alt="Category" width="2'>, StaticNode(varname=None, path=<FilterExpression '"home_page_app/images/category/category-2.jpg"'>), <TextNode: '" alt="Category" width="2'>, StaticNode(varname=None, path=<FilterExpression '"home_page_app/images/category/category-3.jpg"'>), <TextNode: '" alt="Category" width="2'>, StaticNode(varname=None, path=<FilterExpression '"home_page_app/images/category/category-4.jpg"'>), <TextNode: '" alt="Category" width="2'>, StaticNode(varname=None, path=<FilterExpression '"home_page_app/images/category/category-5.jpg"'>), <TextNode: '" alt="Category" width="2'>, StaticNode(varname=None, path=<FilterExpression '"home_page_app/images/category/category-6.jpg"'>), <TextNode: '" alt="Category" width="2'>, StaticNode(varname=None, path=<FilterExpression '"home_page_app/images/category/category-7.jpg"'>), <TextNode: '" alt="Category" width="2'>, StaticNode(varname=None, path=<FilterExpression '"home_page_app/images/category/category-8.jpg"'>), <TextNode: '" alt="Category" width="2'>, StaticNode(varname=None, path=<FilterExpression '"home_page_app/images/category/category-9.jpg"'>), <TextNode: '" alt="Category" width="2'>, StaticNode(varname=None, path=<FilterExpression '"home_page_app/images/category/category-1.jpg"'>), <TextNode: '" alt="Category" width="2'>]>, <TextNode: '\n\n\n      <!-- Testimonial'>, <Block Node: testimonial. Contents: [<TextNode: '\n\n      <div class="testi'>, StaticNode(varname=None, path=<FilterExpression '"home_page_app/images/avatar/avatar-01.jpg"'>), <TextNode: '" alt="Avatar" width="60"'>, StaticNode(varname=None, path=<FilterExpression '"home_page_app/images/avatar/avatar-02.jpg"'>), <TextNode: '" alt="Avatar" width="60"'>, StaticNode(varname=None, path=<FilterExpression '"home_page_app/images/avatar/avatar-03.jpg"'>), <TextNode: '" alt="Avatar" width="60"'>, StaticNode(varname=None, path=<FilterExpression '"home_page_app/images/avatar/avatar-04.jpg"'>), <TextNode: '" alt="Avatar" width="60"'>]>, <TextNode: '\n      <!-- Testimonial S'>, <Block Node: banner. Contents: [<TextNode: '\n      <div class="banner'>, StaticNode(varname=None, path=<FilterExpression '"home_page_app/images/curve-arrow.png"'>), <TextNode: '" alt="arrow" width="50" '>, <URLNode view_name='"account_app:add_student_from_slider"' args=[] kwargs={} as=None>, <TextNode: '" class="banner-caption-0'>, StaticNode(varname=None, path=<FilterExpression '"home_page_app/images/banner-image-03.jpg"'>), <TextNode: ');"></div>\n\n            <'>]>, <TextNode: '\n      <!-- Banner End --'>, <Block Node: partner. Contents: [<TextNode: '\n      <div class="partne'>, StaticNode(varname=None, path=<FilterExpression '"home_page_app/images/partners-logo/client-logo-01.jpg"'>), <TextNode: '" alt="Brand Logo" width='>, StaticNode(varname=None, path=<FilterExpression '"home_page_app/images/partners-logo/client-logo-02.jpg"'>), <TextNode: '" alt="Brand Logo" width='>, StaticNode(varname=None, path=<FilterExpression '"home_page_app/images/partners-logo/client-logo-03.jpg"'>), <TextNode: '" alt="Brand Logo" width='>, StaticNode(varname=None, path=<FilterExpression '"home_page_app/images/partners-logo/client-logo-04.jpg"'>), <TextNode: '" alt="Brand Logo" width='>, StaticNode(varname=None, path=<FilterExpression '"home_page_app/images/partners-logo/client-logo-05.jpg"'>), <TextNode: '" alt="Brand Logo" width='>, StaticNode(varname=None, path=<FilterExpression '"home_page_app/images/partners-logo/client-logo-06.jpg"'>), <TextNode: '" alt="Brand Logo" width='>, StaticNode(varname=None, path=<FilterExpression '"home_page_app/images/partners-logo/client-logo-07.jpg"'>), <TextNode: '" alt="Brand Logo" width='>, StaticNode(varname=None, path=<FilterExpression '"home_page_app/images/partners-logo/client-logo-08.jpg"'>), <TextNode: '" alt="Brand Logo" width='>, StaticNode(varname=None, path=<FilterExpression '"home_page_app/images/partners-logo/client-logo-09.jpg"'>), <TextNode: '" alt="Brand Logo" width='>, StaticNode(varname=None, path=<FilterExpression '"home_page_app/images/partners-logo/client-logo-10.jpg"'>), <TextNode: '" alt="Brand Logo" width='>, StaticNode(varname=None, path=<FilterExpression '"home_page_app/images/partners-logo/client-logo-11.jpg"'>), <TextNode: '" alt="Brand Logo" width='>, StaticNode(varname=None, path=<FilterExpression '"home_page_app/images/partners-logo/client-logo-12.jpg"'>), <TextNode: '" alt="Brand Logo" width='>]>, <TextNode: '\n        <!-- Partner Sec'>, <Block Node: review. Contents: [<TextNode: '\n        <div class="test'>, StaticNode(varname=None, path=<FilterExpression '"home_page_app/images/testiomonial-icon.png"'>), <TextNode: '" alt="Icon" width="114" '>, StaticNode(varname=None, path=<FilterExpression '"home_page_app/images/avatar/avatar-01.jpg"'>), <TextNode: '" alt="Avatar" width="60"'>, StaticNode(varname=None, path=<FilterExpression '"home_page_app/images/avatar/avatar-02.jpg"'>), <TextNode: '" alt="Avatar" width="60"'>, StaticNode(varname=None, path=<FilterExpression '"home_page_app/images/avatar/avatar-04.jpg"'>), <TextNode: '" alt="Avatar" width="60"'>, StaticNode(varname=None, path=<FilterExpression '"home_page_app/images/avatar/avatar-03.jpg"'>), <TextNode: '" alt="Avatar" width="60"'>, StaticNode(varname=None, path=<FilterExpression '"home_page_app/images/testiomonial-image-02.png"'>), <TextNode: '" alt="testiomonial" widt'>, StaticNode(varname=None, path=<FilterExpression '"home_page_app/images/testiomonial-image-01.png"'>), <TextNode: '" alt="testiomonial" widt'>]>, <TextNode: '\n\n        <!-- Footer Sta'>, <Block Node: footer. Contents: [<TextNode: '\n        '>, <IncludeNode: template=<FilterExpression "'home_page_partials/main_footer.html'">>, <TextNode: '\n        '>]>, <TextNode: '\n        <!-- Footer End '>, <IncludeNode: template=<FilterExpression '"home_page_partials/arrow_up_down.html"'>>, <TextNode: '\n\n        <script>\n      '>]>}, {'block': <Block Node: header. Contents: [<TextNode: '\n    '>, <IncludeNode: template=<FilterExpression "'home_page_partials/main_header.html'">>, <TextNode: '\n    '>]>}, {}]
Exception while resolving variable 'errors' in template 'home_page_app/index.html'.
Traceback (most recent call last):
  File "C:\Users\gaabs\AppData\Roaming\Python\Python311\site-packages\django\template\base.py", line 875, in _resolve_lookup
    current = current[bit]
              ~~~~~~~^^^^^
  File "C:\Users\gaabs\AppData\Roaming\Python\Python311\site-packages\django\template\context.py", line 83, in __getitem__
    raise KeyError(key)
KeyError: 'errors'

During handling of the above exception, another exception occurred:

Traceback (most recent call last):
  File "C:\Users\gaabs\AppData\Roaming\Python\Python311\site-packages\django\template\base.py", line 881, in _resolve_lookup
    if isinstance(current, BaseContext) and getattr(
                                            ^^^^^^^^
AttributeError: type object 'RequestContext' has no attribute 'errors'

During handling of the above exception, another exception occurred:

Traceback (most recent call last):
  File "C:\Users\gaabs\AppData\Roaming\Python\Python311\site-packages\django\template\base.py", line 891, in _resolve_lookup
    current = current[int(bit)]
                      ^^^^^^^^
ValueError: invalid literal for int() with base 10: 'errors'

During handling of the above exception, another exception occurred:

Traceback (most recent call last):
  File "C:\Users\gaabs\AppData\Roaming\Python\Python311\site-packages\django\template\base.py", line 898, in _resolve_lookup
    raise VariableDoesNotExist(
django.template.base.VariableDoesNotExist: Failed lookup for key [errors] in [{'True': True, 'False': False, 'None': None}, {'csrf_token': <SimpleLazyObject: 'Hhmi7CDxJu112OtoP7dwD16T7oVqj7GF9Y70nouJIs51mz11xEh0Wri68ARCkwLQ'>, 'request': <WSGIRequest: GET '/'>, 'user': <SimpleLazyObject: <django.contrib.auth.models.AnonymousUser object at 0x000002234A8AE410>>, 'perms': PermWrapper(<SimpleLazyObject: <django.contrib.auth.models.AnonymousUser object at 0x000002234A8AE410>>), 'messages': <FallbackStorage: request=<WSGIRequest: GET '/'>>, 'DEFAULT_MESSAGE_LEVELS': {'DEBUG': 10, 'INFO': 20, 'SUCCESS': 25, 'WARNING': 30, 'ERROR': 40}}, {}, {}]
"GET / HTTP/1.1" 200 205806
