Internal Server Error: /
Traceback (most recent call last):
  File "C:\Users\gaabs\AppData\Roaming\Python\Python311\site-packages\django\template\base.py", line 505, in parse
    compile_func = self.tags[command]
                   ~~~~~~~~~^^^^^^^^^
KeyError: 'endif'

During handling of the above exception, another exception occurred:

Traceback (most recent call last):
  File "C:\Users\gaabs\AppData\Roaming\Python\Python311\site-packages\django\core\handlers\exception.py", line 55, in inner
    response = get_response(request)
               ^^^^^^^^^^^^^^^^^^^^^
  File "C:\Users\gaabs\AppData\Roaming\Python\Python311\site-packages\django\core\handlers\base.py", line 197, in _get_response
    response = wrapped_callback(request, *callback_args, **callback_kwargs)
               ^^^^^^^^^^^^^^^^^^^^^^^^^^^^^^^^^^^^^^^^^^^^^^^^^^^^^^^^^^^^
  File "C:\Users\gaabs\Dropbox\all_e-learing\e-learning\e_learning\home_page_app\views.py", line 6, in home_view
    return render(request, "home_page_app/index.html")
           ^^^^^^^^^^^^^^^^^^^^^^^^^^^^^^^^^^^^^^^^^^^
  File "C:\Users\gaabs\AppData\Roaming\Python\Python311\site-packages\django\shortcuts.py", line 24, in render
    content = loader.render_to_string(template_name, context, request, using=using)
              ^^^^^^^^^^^^^^^^^^^^^^^^^^^^^^^^^^^^^^^^^^^^^^^^^^^^^^^^^^^^^^^^^^^^^
  File "C:\Users\gaabs\AppData\Roaming\Python\Python311\site-packages\django\template\loader.py", line 62, in render_to_string
    return template.render(context, request)
           ^^^^^^^^^^^^^^^^^^^^^^^^^^^^^^^^^
  File "C:\Users\gaabs\AppData\Roaming\Python\Python311\site-packages\django\template\backends\django.py", line 62, in render
    return self.template.render(context)
           ^^^^^^^^^^^^^^^^^^^^^^^^^^^^^
  File "C:\Users\gaabs\AppData\Roaming\Python\Python311\site-packages\django\template\base.py", line 175, in render
    return self._render(context)
           ^^^^^^^^^^^^^^^^^^^^^
  File "C:\Users\gaabs\AppData\Roaming\Python\Python311\site-packages\django\template\base.py", line 167, in _render
    return self.nodelist.render(context)
           ^^^^^^^^^^^^^^^^^^^^^^^^^^^^^
  File "C:\Users\gaabs\AppData\Roaming\Python\Python311\site-packages\django\template\base.py", line 1000, in render
    return SafeString("".join([node.render_annotated(context) for node in self]))
                              ^^^^^^^^^^^^^^^^^^^^^^^^^^^^^^^^^^^^^^^^^^^^^^^^^
  File "C:\Users\gaabs\AppData\Roaming\Python\Python311\site-packages\django\template\base.py", line 1000, in <listcomp>
    return SafeString("".join([node.render_annotated(context) for node in self]))
                               ^^^^^^^^^^^^^^^^^^^^^^^^^^^^^^
  File "C:\Users\gaabs\AppData\Roaming\Python\Python311\site-packages\django\template\base.py", line 958, in render_annotated
    return self.render(context)
           ^^^^^^^^^^^^^^^^^^^^
  File "C:\Users\gaabs\AppData\Roaming\Python\Python311\site-packages\django\template\loader_tags.py", line 157, in render
    return compiled_parent._render(context)
           ^^^^^^^^^^^^^^^^^^^^^^^^^^^^^^^^
  File "C:\Users\gaabs\AppData\Roaming\Python\Python311\site-packages\django\template\base.py", line 167, in _render
    return self.nodelist.render(context)
           ^^^^^^^^^^^^^^^^^^^^^^^^^^^^^
  File "C:\Users\gaabs\AppData\Roaming\Python\Python311\site-packages\django\template\base.py", line 1000, in render
    return SafeString("".join([node.render_annotated(context) for node in self]))
                              ^^^^^^^^^^^^^^^^^^^^^^^^^^^^^^^^^^^^^^^^^^^^^^^^^
  File "C:\Users\gaabs\AppData\Roaming\Python\Python311\site-packages\django\template\base.py", line 1000, in <listcomp>
    return SafeString("".join([node.render_annotated(context) for node in self]))
                               ^^^^^^^^^^^^^^^^^^^^^^^^^^^^^^
  File "C:\Users\gaabs\AppData\Roaming\Python\Python311\site-packages\django\template\base.py", line 958, in render_annotated
    return self.render(context)
           ^^^^^^^^^^^^^^^^^^^^
  File "C:\Users\gaabs\AppData\Roaming\Python\Python311\site-packages\django\template\loader_tags.py", line 63, in render
    result = block.nodelist.render(context)
             ^^^^^^^^^^^^^^^^^^^^^^^^^^^^^^
  File "C:\Users\gaabs\AppData\Roaming\Python\Python311\site-packages\django\template\base.py", line 1000, in render
    return SafeString("".join([node.render_annotated(context) for node in self]))
                              ^^^^^^^^^^^^^^^^^^^^^^^^^^^^^^^^^^^^^^^^^^^^^^^^^
  File "C:\Users\gaabs\AppData\Roaming\Python\Python311\site-packages\django\template\base.py", line 1000, in <listcomp>
    return SafeString("".join([node.render_annotated(context) for node in self]))
                               ^^^^^^^^^^^^^^^^^^^^^^^^^^^^^^
  File "C:\Users\gaabs\AppData\Roaming\Python\Python311\site-packages\django\template\base.py", line 958, in render_annotated
    return self.render(context)
           ^^^^^^^^^^^^^^^^^^^^
  File "C:\Users\gaabs\AppData\Roaming\Python\Python311\site-packages\django\template\loader_tags.py", line 63, in render
    result = block.nodelist.render(context)
             ^^^^^^^^^^^^^^^^^^^^^^^^^^^^^^
  File "C:\Users\gaabs\AppData\Roaming\Python\Python311\site-packages\django\template\base.py", line 1000, in render
    return SafeString("".join([node.render_annotated(context) for node in self]))
                              ^^^^^^^^^^^^^^^^^^^^^^^^^^^^^^^^^^^^^^^^^^^^^^^^^
  File "C:\Users\gaabs\AppData\Roaming\Python\Python311\site-packages\django\template\base.py", line 1000, in <listcomp>
    return SafeString("".join([node.render_annotated(context) for node in self]))
                               ^^^^^^^^^^^^^^^^^^^^^^^^^^^^^^
  File "C:\Users\gaabs\AppData\Roaming\Python\Python311\site-packages\django\template\base.py", line 958, in render_annotated
    return self.render(context)
           ^^^^^^^^^^^^^^^^^^^^
  File "C:\Users\gaabs\AppData\Roaming\Python\Python311\site-packages\django\template\loader_tags.py", line 197, in render
    template = context.template.engine.select_template(template_name)
               ^^^^^^^^^^^^^^^^^^^^^^^^^^^^^^^^^^^^^^^^^^^^^^^^^^^^^^
  File "C:\Users\gaabs\AppData\Roaming\Python\Python311\site-packages\django\template\engine.py", line 207, in select_template
    return self.get_template(template_name)
           ^^^^^^^^^^^^^^^^^^^^^^^^^^^^^^^^
  File "C:\Users\gaabs\AppData\Roaming\Python\Python311\site-packages\django\template\engine.py", line 176, in get_template
    template, origin = self.find_template(template_name)
                       ^^^^^^^^^^^^^^^^^^^^^^^^^^^^^^^^^
  File "C:\Users\gaabs\AppData\Roaming\Python\Python311\site-packages\django\template\engine.py", line 158, in find_template
    template = loader.get_template(name, skip=skip)
               ^^^^^^^^^^^^^^^^^^^^^^^^^^^^^^^^^^^^
  File "C:\Users\gaabs\AppData\Roaming\Python\Python311\site-packages\django\template\loaders\cached.py", line 57, in get_template
    template = super().get_template(template_name, skip)
               ^^^^^^^^^^^^^^^^^^^^^^^^^^^^^^^^^^^^^^^^^
  File "C:\Users\gaabs\AppData\Roaming\Python\Python311\site-packages\django\template\loaders\base.py", line 28, in get_template
    return Template(
           ^^^^^^^^^
  File "C:\Users\gaabs\AppData\Roaming\Python\Python311\site-packages\django\template\base.py", line 154, in __init__
    self.nodelist = self.compile_nodelist()
                    ^^^^^^^^^^^^^^^^^^^^^^^
  File "C:\Users\gaabs\AppData\Roaming\Python\Python311\site-packages\django\template\base.py", line 200, in compile_nodelist
    return parser.parse()
           ^^^^^^^^^^^^^^
  File "C:\Users\gaabs\AppData\Roaming\Python\Python311\site-packages\django\template\base.py", line 507, in parse
    self.invalid_block_tag(token, command, parse_until)
  File "C:\Users\gaabs\AppData\Roaming\Python\Python311\site-packages\django\template\base.py", line 568, in invalid_block_tag
    raise self.error(
django.template.exceptions.TemplateSyntaxError: Invalid block tag on line 73: 'endif'. Did you forget to register or load this tag?
"GET / HTTP/1.1" 500 9856
Internal Server Error: /
Traceback (most recent call last):
  File "C:\Users\gaabs\AppData\Roaming\Python\Python311\site-packages\django\template\base.py", line 505, in parse
    compile_func = self.tags[command]
                   ~~~~~~~~~^^^^^^^^^
KeyError: 'endif'

During handling of the above exception, another exception occurred:

Traceback (most recent call last):
  File "C:\Users\gaabs\AppData\Roaming\Python\Python311\site-packages\django\core\handlers\exception.py", line 55, in inner
    response = get_response(request)
               ^^^^^^^^^^^^^^^^^^^^^
  File "C:\Users\gaabs\AppData\Roaming\Python\Python311\site-packages\django\core\handlers\base.py", line 197, in _get_response
    response = wrapped_callback(request, *callback_args, **callback_kwargs)
               ^^^^^^^^^^^^^^^^^^^^^^^^^^^^^^^^^^^^^^^^^^^^^^^^^^^^^^^^^^^^
  File "C:\Users\gaabs\Dropbox\all_e-learing\e-learning\e_learning\home_page_app\views.py", line 6, in home_view
    return render(request, "home_page_app/index.html")
           ^^^^^^^^^^^^^^^^^^^^^^^^^^^^^^^^^^^^^^^^^^^
  File "C:\Users\gaabs\AppData\Roaming\Python\Python311\site-packages\django\shortcuts.py", line 24, in render
    content = loader.render_to_string(template_name, context, request, using=using)
              ^^^^^^^^^^^^^^^^^^^^^^^^^^^^^^^^^^^^^^^^^^^^^^^^^^^^^^^^^^^^^^^^^^^^^
  File "C:\Users\gaabs\AppData\Roaming\Python\Python311\site-packages\django\template\loader.py", line 62, in render_to_string
    return template.render(context, request)
           ^^^^^^^^^^^^^^^^^^^^^^^^^^^^^^^^^
  File "C:\Users\gaabs\AppData\Roaming\Python\Python311\site-packages\django\template\backends\django.py", line 62, in render
    return self.template.render(context)
           ^^^^^^^^^^^^^^^^^^^^^^^^^^^^^
  File "C:\Users\gaabs\AppData\Roaming\Python\Python311\site-packages\django\template\base.py", line 175, in render
    return self._render(context)
           ^^^^^^^^^^^^^^^^^^^^^
  File "C:\Users\gaabs\AppData\Roaming\Python\Python311\site-packages\django\template\base.py", line 167, in _render
    return self.nodelist.render(context)
           ^^^^^^^^^^^^^^^^^^^^^^^^^^^^^
  File "C:\Users\gaabs\AppData\Roaming\Python\Python311\site-packages\django\template\base.py", line 1000, in render
    return SafeString("".join([node.render_annotated(context) for node in self]))
                              ^^^^^^^^^^^^^^^^^^^^^^^^^^^^^^^^^^^^^^^^^^^^^^^^^
  File "C:\Users\gaabs\AppData\Roaming\Python\Python311\site-packages\django\template\base.py", line 1000, in <listcomp>
    return SafeString("".join([node.render_annotated(context) for node in self]))
                               ^^^^^^^^^^^^^^^^^^^^^^^^^^^^^^
  File "C:\Users\gaabs\AppData\Roaming\Python\Python311\site-packages\django\template\base.py", line 958, in render_annotated
    return self.render(context)
           ^^^^^^^^^^^^^^^^^^^^
  File "C:\Users\gaabs\AppData\Roaming\Python\Python311\site-packages\django\template\loader_tags.py", line 157, in render
    return compiled_parent._render(context)
           ^^^^^^^^^^^^^^^^^^^^^^^^^^^^^^^^
  File "C:\Users\gaabs\AppData\Roaming\Python\Python311\site-packages\django\template\base.py", line 167, in _render
    return self.nodelist.render(context)
           ^^^^^^^^^^^^^^^^^^^^^^^^^^^^^
  File "C:\Users\gaabs\AppData\Roaming\Python\Python311\site-packages\django\template\base.py", line 1000, in render
    return SafeString("".join([node.render_annotated(context) for node in self]))
                              ^^^^^^^^^^^^^^^^^^^^^^^^^^^^^^^^^^^^^^^^^^^^^^^^^
  File "C:\Users\gaabs\AppData\Roaming\Python\Python311\site-packages\django\template\base.py", line 1000, in <listcomp>
    return SafeString("".join([node.render_annotated(context) for node in self]))
                               ^^^^^^^^^^^^^^^^^^^^^^^^^^^^^^
  File "C:\Users\gaabs\AppData\Roaming\Python\Python311\site-packages\django\template\base.py", line 958, in render_annotated
    return self.render(context)
           ^^^^^^^^^^^^^^^^^^^^
  File "C:\Users\gaabs\AppData\Roaming\Python\Python311\site-packages\django\template\loader_tags.py", line 63, in render
    result = block.nodelist.render(context)
             ^^^^^^^^^^^^^^^^^^^^^^^^^^^^^^
  File "C:\Users\gaabs\AppData\Roaming\Python\Python311\site-packages\django\template\base.py", line 1000, in render
    return SafeString("".join([node.render_annotated(context) for node in self]))
                              ^^^^^^^^^^^^^^^^^^^^^^^^^^^^^^^^^^^^^^^^^^^^^^^^^
  File "C:\Users\gaabs\AppData\Roaming\Python\Python311\site-packages\django\template\base.py", line 1000, in <listcomp>
    return SafeString("".join([node.render_annotated(context) for node in self]))
                               ^^^^^^^^^^^^^^^^^^^^^^^^^^^^^^
  File "C:\Users\gaabs\AppData\Roaming\Python\Python311\site-packages\django\template\base.py", line 958, in render_annotated
    return self.render(context)
           ^^^^^^^^^^^^^^^^^^^^
  File "C:\Users\gaabs\AppData\Roaming\Python\Python311\site-packages\django\template\loader_tags.py", line 63, in render
    result = block.nodelist.render(context)
             ^^^^^^^^^^^^^^^^^^^^^^^^^^^^^^
  File "C:\Users\gaabs\AppData\Roaming\Python\Python311\site-packages\django\template\base.py", line 1000, in render
    return SafeString("".join([node.render_annotated(context) for node in self]))
                              ^^^^^^^^^^^^^^^^^^^^^^^^^^^^^^^^^^^^^^^^^^^^^^^^^
  File "C:\Users\gaabs\AppData\Roaming\Python\Python311\site-packages\django\template\base.py", line 1000, in <listcomp>
    return SafeString("".join([node.render_annotated(context) for node in self]))
                               ^^^^^^^^^^^^^^^^^^^^^^^^^^^^^^
  File "C:\Users\gaabs\AppData\Roaming\Python\Python311\site-packages\django\template\base.py", line 958, in render_annotated
    return self.render(context)
           ^^^^^^^^^^^^^^^^^^^^
  File "C:\Users\gaabs\AppData\Roaming\Python\Python311\site-packages\django\template\loader_tags.py", line 197, in render
    template = context.template.engine.select_template(template_name)
               ^^^^^^^^^^^^^^^^^^^^^^^^^^^^^^^^^^^^^^^^^^^^^^^^^^^^^^
  File "C:\Users\gaabs\AppData\Roaming\Python\Python311\site-packages\django\template\engine.py", line 207, in select_template
    return self.get_template(template_name)
           ^^^^^^^^^^^^^^^^^^^^^^^^^^^^^^^^
  File "C:\Users\gaabs\AppData\Roaming\Python\Python311\site-packages\django\template\engine.py", line 176, in get_template
    template, origin = self.find_template(template_name)
                       ^^^^^^^^^^^^^^^^^^^^^^^^^^^^^^^^^
  File "C:\Users\gaabs\AppData\Roaming\Python\Python311\site-packages\django\template\engine.py", line 158, in find_template
    template = loader.get_template(name, skip=skip)
               ^^^^^^^^^^^^^^^^^^^^^^^^^^^^^^^^^^^^
  File "C:\Users\gaabs\AppData\Roaming\Python\Python311\site-packages\django\template\loaders\cached.py", line 57, in get_template
    template = super().get_template(template_name, skip)
               ^^^^^^^^^^^^^^^^^^^^^^^^^^^^^^^^^^^^^^^^^
  File "C:\Users\gaabs\AppData\Roaming\Python\Python311\site-packages\django\template\loaders\base.py", line 28, in get_template
    return Template(
           ^^^^^^^^^
  File "C:\Users\gaabs\AppData\Roaming\Python\Python311\site-packages\django\template\base.py", line 154, in __init__
    self.nodelist = self.compile_nodelist()
                    ^^^^^^^^^^^^^^^^^^^^^^^
  File "C:\Users\gaabs\AppData\Roaming\Python\Python311\site-packages\django\template\base.py", line 200, in compile_nodelist
    return parser.parse()
           ^^^^^^^^^^^^^^
  File "C:\Users\gaabs\AppData\Roaming\Python\Python311\site-packages\django\template\base.py", line 507, in parse
    self.invalid_block_tag(token, command, parse_until)
  File "C:\Users\gaabs\AppData\Roaming\Python\Python311\site-packages\django\template\base.py", line 568, in invalid_block_tag
    raise self.error(
django.template.exceptions.TemplateSyntaxError: Invalid block tag on line 73: 'endif'. Did you forget to register or load this tag?
"GET / HTTP/1.1" 500 9856
File C:\Users\gaabs\Dropbox\all_e-learing\e-learning\e_learning\templates\home_page_partials\main_header.html previous mtime: 1721725378.0835626, current mtime: 1721725910.9937365
C:\Users\gaabs\Dropbox\all_e-learing\e-learning\e_learning\templates\home_page_partials\main_header.html notified as changed. Signal results: [(<function template_changed at 0x0000025AE4A75260>, True), (<function translation_file_changed at 0x0000025AE5A059E0>, None)].
File C:\Users\gaabs\Dropbox\all_e-learing\e-learning\e_learning\templates\home_page_partials\main_header.html previous mtime: 1721725910.9937365, current mtime: 1721725917.9746761
C:\Users\gaabs\Dropbox\all_e-learing\e-learning\e_learning\templates\home_page_partials\main_header.html notified as changed. Signal results: [(<function template_changed at 0x0000025AE4A75260>, True), (<function translation_file_changed at 0x0000025AE5A059E0>, None)].
File C:\Users\gaabs\Dropbox\all_e-learing\e-learning\e_learning\templates\home_page_partials\main_header.html previous mtime: 1721725917.9746761, current mtime: 1721725919.217717
C:\Users\gaabs\Dropbox\all_e-learing\e-learning\e_learning\templates\home_page_partials\main_header.html notified as changed. Signal results: [(<function template_changed at 0x0000025AE4A75260>, True), (<function translation_file_changed at 0x0000025AE5A059E0>, None)].
File C:\Users\gaabs\Dropbox\all_e-learing\e-learning\e_learning\templates\home_page_partials\main_header.html previous mtime: 1721725919.217717, current mtime: 1721725927.3754828
C:\Users\gaabs\Dropbox\all_e-learing\e-learning\e_learning\templates\home_page_partials\main_header.html notified as changed. Signal results: [(<function template_changed at 0x0000025AE4A75260>, True), (<function translation_file_changed at 0x0000025AE5A059E0>, None)].
Internal Server Error: /
Traceback (most recent call last):
  File "C:\Users\gaabs\AppData\Roaming\Python\Python311\site-packages\django\template\base.py", line 505, in parse
    compile_func = self.tags[command]
                   ~~~~~~~~~^^^^^^^^^
KeyError: 'endif'

During handling of the above exception, another exception occurred:

Traceback (most recent call last):
  File "C:\Users\gaabs\AppData\Roaming\Python\Python311\site-packages\django\core\handlers\exception.py", line 55, in inner
    response = get_response(request)
               ^^^^^^^^^^^^^^^^^^^^^
  File "C:\Users\gaabs\AppData\Roaming\Python\Python311\site-packages\django\core\handlers\base.py", line 197, in _get_response
    response = wrapped_callback(request, *callback_args, **callback_kwargs)
               ^^^^^^^^^^^^^^^^^^^^^^^^^^^^^^^^^^^^^^^^^^^^^^^^^^^^^^^^^^^^
  File "C:\Users\gaabs\Dropbox\all_e-learing\e-learning\e_learning\home_page_app\views.py", line 6, in home_view
    return render(request, "home_page_app/index.html")
           ^^^^^^^^^^^^^^^^^^^^^^^^^^^^^^^^^^^^^^^^^^^
  File "C:\Users\gaabs\AppData\Roaming\Python\Python311\site-packages\django\shortcuts.py", line 24, in render
    content = loader.render_to_string(template_name, context, request, using=using)
              ^^^^^^^^^^^^^^^^^^^^^^^^^^^^^^^^^^^^^^^^^^^^^^^^^^^^^^^^^^^^^^^^^^^^^
  File "C:\Users\gaabs\AppData\Roaming\Python\Python311\site-packages\django\template\loader.py", line 62, in render_to_string
    return template.render(context, request)
           ^^^^^^^^^^^^^^^^^^^^^^^^^^^^^^^^^
  File "C:\Users\gaabs\AppData\Roaming\Python\Python311\site-packages\django\template\backends\django.py", line 62, in render
    return self.template.render(context)
           ^^^^^^^^^^^^^^^^^^^^^^^^^^^^^
  File "C:\Users\gaabs\AppData\Roaming\Python\Python311\site-packages\django\template\base.py", line 175, in render
    return self._render(context)
           ^^^^^^^^^^^^^^^^^^^^^
  File "C:\Users\gaabs\AppData\Roaming\Python\Python311\site-packages\django\template\base.py", line 167, in _render
    return self.nodelist.render(context)
           ^^^^^^^^^^^^^^^^^^^^^^^^^^^^^
  File "C:\Users\gaabs\AppData\Roaming\Python\Python311\site-packages\django\template\base.py", line 1000, in render
    return SafeString("".join([node.render_annotated(context) for node in self]))
                              ^^^^^^^^^^^^^^^^^^^^^^^^^^^^^^^^^^^^^^^^^^^^^^^^^
  File "C:\Users\gaabs\AppData\Roaming\Python\Python311\site-packages\django\template\base.py", line 1000, in <listcomp>
    return SafeString("".join([node.render_annotated(context) for node in self]))
                               ^^^^^^^^^^^^^^^^^^^^^^^^^^^^^^
  File "C:\Users\gaabs\AppData\Roaming\Python\Python311\site-packages\django\template\base.py", line 958, in render_annotated
    return self.render(context)
           ^^^^^^^^^^^^^^^^^^^^
  File "C:\Users\gaabs\AppData\Roaming\Python\Python311\site-packages\django\template\loader_tags.py", line 157, in render
    return compiled_parent._render(context)
           ^^^^^^^^^^^^^^^^^^^^^^^^^^^^^^^^
  File "C:\Users\gaabs\AppData\Roaming\Python\Python311\site-packages\django\template\base.py", line 167, in _render
    return self.nodelist.render(context)
           ^^^^^^^^^^^^^^^^^^^^^^^^^^^^^
  File "C:\Users\gaabs\AppData\Roaming\Python\Python311\site-packages\django\template\base.py", line 1000, in render
    return SafeString("".join([node.render_annotated(context) for node in self]))
                              ^^^^^^^^^^^^^^^^^^^^^^^^^^^^^^^^^^^^^^^^^^^^^^^^^
  File "C:\Users\gaabs\AppData\Roaming\Python\Python311\site-packages\django\template\base.py", line 1000, in <listcomp>
    return SafeString("".join([node.render_annotated(context) for node in self]))
                               ^^^^^^^^^^^^^^^^^^^^^^^^^^^^^^
  File "C:\Users\gaabs\AppData\Roaming\Python\Python311\site-packages\django\template\base.py", line 958, in render_annotated
    return self.render(context)
           ^^^^^^^^^^^^^^^^^^^^
  File "C:\Users\gaabs\AppData\Roaming\Python\Python311\site-packages\django\template\loader_tags.py", line 63, in render
    result = block.nodelist.render(context)
             ^^^^^^^^^^^^^^^^^^^^^^^^^^^^^^
  File "C:\Users\gaabs\AppData\Roaming\Python\Python311\site-packages\django\template\base.py", line 1000, in render
    return SafeString("".join([node.render_annotated(context) for node in self]))
                              ^^^^^^^^^^^^^^^^^^^^^^^^^^^^^^^^^^^^^^^^^^^^^^^^^
  File "C:\Users\gaabs\AppData\Roaming\Python\Python311\site-packages\django\template\base.py", line 1000, in <listcomp>
    return SafeString("".join([node.render_annotated(context) for node in self]))
                               ^^^^^^^^^^^^^^^^^^^^^^^^^^^^^^
  File "C:\Users\gaabs\AppData\Roaming\Python\Python311\site-packages\django\template\base.py", line 958, in render_annotated
    return self.render(context)
           ^^^^^^^^^^^^^^^^^^^^
  File "C:\Users\gaabs\AppData\Roaming\Python\Python311\site-packages\django\template\loader_tags.py", line 63, in render
    result = block.nodelist.render(context)
             ^^^^^^^^^^^^^^^^^^^^^^^^^^^^^^
  File "C:\Users\gaabs\AppData\Roaming\Python\Python311\site-packages\django\template\base.py", line 1000, in render
    return SafeString("".join([node.render_annotated(context) for node in self]))
                              ^^^^^^^^^^^^^^^^^^^^^^^^^^^^^^^^^^^^^^^^^^^^^^^^^
  File "C:\Users\gaabs\AppData\Roaming\Python\Python311\site-packages\django\template\base.py", line 1000, in <listcomp>
    return SafeString("".join([node.render_annotated(context) for node in self]))
                               ^^^^^^^^^^^^^^^^^^^^^^^^^^^^^^
  File "C:\Users\gaabs\AppData\Roaming\Python\Python311\site-packages\django\template\base.py", line 958, in render_annotated
    return self.render(context)
           ^^^^^^^^^^^^^^^^^^^^
  File "C:\Users\gaabs\AppData\Roaming\Python\Python311\site-packages\django\template\loader_tags.py", line 197, in render
    template = context.template.engine.select_template(template_name)
               ^^^^^^^^^^^^^^^^^^^^^^^^^^^^^^^^^^^^^^^^^^^^^^^^^^^^^^
  File "C:\Users\gaabs\AppData\Roaming\Python\Python311\site-packages\django\template\engine.py", line 207, in select_template
    return self.get_template(template_name)
           ^^^^^^^^^^^^^^^^^^^^^^^^^^^^^^^^
  File "C:\Users\gaabs\AppData\Roaming\Python\Python311\site-packages\django\template\engine.py", line 176, in get_template
    template, origin = self.find_template(template_name)
                       ^^^^^^^^^^^^^^^^^^^^^^^^^^^^^^^^^
  File "C:\Users\gaabs\AppData\Roaming\Python\Python311\site-packages\django\template\engine.py", line 158, in find_template
    template = loader.get_template(name, skip=skip)
               ^^^^^^^^^^^^^^^^^^^^^^^^^^^^^^^^^^^^
  File "C:\Users\gaabs\AppData\Roaming\Python\Python311\site-packages\django\template\loaders\cached.py", line 57, in get_template
    template = super().get_template(template_name, skip)
               ^^^^^^^^^^^^^^^^^^^^^^^^^^^^^^^^^^^^^^^^^
  File "C:\Users\gaabs\AppData\Roaming\Python\Python311\site-packages\django\template\loaders\base.py", line 28, in get_template
    return Template(
           ^^^^^^^^^
  File "C:\Users\gaabs\AppData\Roaming\Python\Python311\site-packages\django\template\base.py", line 154, in __init__
    self.nodelist = self.compile_nodelist()
                    ^^^^^^^^^^^^^^^^^^^^^^^
  File "C:\Users\gaabs\AppData\Roaming\Python\Python311\site-packages\django\template\base.py", line 200, in compile_nodelist
    return parser.parse()
           ^^^^^^^^^^^^^^
  File "C:\Users\gaabs\AppData\Roaming\Python\Python311\site-packages\django\template\base.py", line 507, in parse
    self.invalid_block_tag(token, command, parse_until)
  File "C:\Users\gaabs\AppData\Roaming\Python\Python311\site-packages\django\template\base.py", line 568, in invalid_block_tag
    raise self.error(
django.template.exceptions.TemplateSyntaxError: Invalid block tag on line 73: 'endif'. Did you forget to register or load this tag?
"GET / HTTP/1.1" 500 9856
Internal Server Error: /
Traceback (most recent call last):
  File "C:\Users\gaabs\AppData\Roaming\Python\Python311\site-packages\django\template\base.py", line 505, in parse
    compile_func = self.tags[command]
                   ~~~~~~~~~^^^^^^^^^
KeyError: 'endif'

During handling of the above exception, another exception occurred:

Traceback (most recent call last):
  File "C:\Users\gaabs\AppData\Roaming\Python\Python311\site-packages\django\core\handlers\exception.py", line 55, in inner
    response = get_response(request)
               ^^^^^^^^^^^^^^^^^^^^^
  File "C:\Users\gaabs\AppData\Roaming\Python\Python311\site-packages\django\core\handlers\base.py", line 197, in _get_response
    response = wrapped_callback(request, *callback_args, **callback_kwargs)
               ^^^^^^^^^^^^^^^^^^^^^^^^^^^^^^^^^^^^^^^^^^^^^^^^^^^^^^^^^^^^
  File "C:\Users\gaabs\Dropbox\all_e-learing\e-learning\e_learning\home_page_app\views.py", line 6, in home_view
    return render(request, "home_page_app/index.html")
           ^^^^^^^^^^^^^^^^^^^^^^^^^^^^^^^^^^^^^^^^^^^
  File "C:\Users\gaabs\AppData\Roaming\Python\Python311\site-packages\django\shortcuts.py", line 24, in render
    content = loader.render_to_string(template_name, context, request, using=using)
              ^^^^^^^^^^^^^^^^^^^^^^^^^^^^^^^^^^^^^^^^^^^^^^^^^^^^^^^^^^^^^^^^^^^^^
  File "C:\Users\gaabs\AppData\Roaming\Python\Python311\site-packages\django\template\loader.py", line 62, in render_to_string
    return template.render(context, request)
           ^^^^^^^^^^^^^^^^^^^^^^^^^^^^^^^^^
  File "C:\Users\gaabs\AppData\Roaming\Python\Python311\site-packages\django\template\backends\django.py", line 62, in render
    return self.template.render(context)
           ^^^^^^^^^^^^^^^^^^^^^^^^^^^^^
  File "C:\Users\gaabs\AppData\Roaming\Python\Python311\site-packages\django\template\base.py", line 175, in render
    return self._render(context)
           ^^^^^^^^^^^^^^^^^^^^^
  File "C:\Users\gaabs\AppData\Roaming\Python\Python311\site-packages\django\template\base.py", line 167, in _render
    return self.nodelist.render(context)
           ^^^^^^^^^^^^^^^^^^^^^^^^^^^^^
  File "C:\Users\gaabs\AppData\Roaming\Python\Python311\site-packages\django\template\base.py", line 1000, in render
    return SafeString("".join([node.render_annotated(context) for node in self]))
                              ^^^^^^^^^^^^^^^^^^^^^^^^^^^^^^^^^^^^^^^^^^^^^^^^^
  File "C:\Users\gaabs\AppData\Roaming\Python\Python311\site-packages\django\template\base.py", line 1000, in <listcomp>
    return SafeString("".join([node.render_annotated(context) for node in self]))
                               ^^^^^^^^^^^^^^^^^^^^^^^^^^^^^^
  File "C:\Users\gaabs\AppData\Roaming\Python\Python311\site-packages\django\template\base.py", line 958, in render_annotated
    return self.render(context)
           ^^^^^^^^^^^^^^^^^^^^
  File "C:\Users\gaabs\AppData\Roaming\Python\Python311\site-packages\django\template\loader_tags.py", line 157, in render
    return compiled_parent._render(context)
           ^^^^^^^^^^^^^^^^^^^^^^^^^^^^^^^^
  File "C:\Users\gaabs\AppData\Roaming\Python\Python311\site-packages\django\template\base.py", line 167, in _render
    return self.nodelist.render(context)
           ^^^^^^^^^^^^^^^^^^^^^^^^^^^^^
  File "C:\Users\gaabs\AppData\Roaming\Python\Python311\site-packages\django\template\base.py", line 1000, in render
    return SafeString("".join([node.render_annotated(context) for node in self]))
                              ^^^^^^^^^^^^^^^^^^^^^^^^^^^^^^^^^^^^^^^^^^^^^^^^^
  File "C:\Users\gaabs\AppData\Roaming\Python\Python311\site-packages\django\template\base.py", line 1000, in <listcomp>
    return SafeString("".join([node.render_annotated(context) for node in self]))
                               ^^^^^^^^^^^^^^^^^^^^^^^^^^^^^^
  File "C:\Users\gaabs\AppData\Roaming\Python\Python311\site-packages\django\template\base.py", line 958, in render_annotated
    return self.render(context)
           ^^^^^^^^^^^^^^^^^^^^
  File "C:\Users\gaabs\AppData\Roaming\Python\Python311\site-packages\django\template\loader_tags.py", line 63, in render
    result = block.nodelist.render(context)
             ^^^^^^^^^^^^^^^^^^^^^^^^^^^^^^
  File "C:\Users\gaabs\AppData\Roaming\Python\Python311\site-packages\django\template\base.py", line 1000, in render
    return SafeString("".join([node.render_annotated(context) for node in self]))
                              ^^^^^^^^^^^^^^^^^^^^^^^^^^^^^^^^^^^^^^^^^^^^^^^^^
  File "C:\Users\gaabs\AppData\Roaming\Python\Python311\site-packages\django\template\base.py", line 1000, in <listcomp>
    return SafeString("".join([node.render_annotated(context) for node in self]))
                               ^^^^^^^^^^^^^^^^^^^^^^^^^^^^^^
  File "C:\Users\gaabs\AppData\Roaming\Python\Python311\site-packages\django\template\base.py", line 958, in render_annotated
    return self.render(context)
           ^^^^^^^^^^^^^^^^^^^^
  File "C:\Users\gaabs\AppData\Roaming\Python\Python311\site-packages\django\template\loader_tags.py", line 63, in render
    result = block.nodelist.render(context)
             ^^^^^^^^^^^^^^^^^^^^^^^^^^^^^^
  File "C:\Users\gaabs\AppData\Roaming\Python\Python311\site-packages\django\template\base.py", line 1000, in render
    return SafeString("".join([node.render_annotated(context) for node in self]))
                              ^^^^^^^^^^^^^^^^^^^^^^^^^^^^^^^^^^^^^^^^^^^^^^^^^
  File "C:\Users\gaabs\AppData\Roaming\Python\Python311\site-packages\django\template\base.py", line 1000, in <listcomp>
    return SafeString("".join([node.render_annotated(context) for node in self]))
                               ^^^^^^^^^^^^^^^^^^^^^^^^^^^^^^
  File "C:\Users\gaabs\AppData\Roaming\Python\Python311\site-packages\django\template\base.py", line 958, in render_annotated
    return self.render(context)
           ^^^^^^^^^^^^^^^^^^^^
  File "C:\Users\gaabs\AppData\Roaming\Python\Python311\site-packages\django\template\loader_tags.py", line 197, in render
    template = context.template.engine.select_template(template_name)
               ^^^^^^^^^^^^^^^^^^^^^^^^^^^^^^^^^^^^^^^^^^^^^^^^^^^^^^
  File "C:\Users\gaabs\AppData\Roaming\Python\Python311\site-packages\django\template\engine.py", line 207, in select_template
    return self.get_template(template_name)
           ^^^^^^^^^^^^^^^^^^^^^^^^^^^^^^^^
  File "C:\Users\gaabs\AppData\Roaming\Python\Python311\site-packages\django\template\engine.py", line 176, in get_template
    template, origin = self.find_template(template_name)
                       ^^^^^^^^^^^^^^^^^^^^^^^^^^^^^^^^^
  File "C:\Users\gaabs\AppData\Roaming\Python\Python311\site-packages\django\template\engine.py", line 158, in find_template
    template = loader.get_template(name, skip=skip)
               ^^^^^^^^^^^^^^^^^^^^^^^^^^^^^^^^^^^^
  File "C:\Users\gaabs\AppData\Roaming\Python\Python311\site-packages\django\template\loaders\cached.py", line 57, in get_template
    template = super().get_template(template_name, skip)
               ^^^^^^^^^^^^^^^^^^^^^^^^^^^^^^^^^^^^^^^^^
  File "C:\Users\gaabs\AppData\Roaming\Python\Python311\site-packages\django\template\loaders\base.py", line 28, in get_template
    return Template(
           ^^^^^^^^^
  File "C:\Users\gaabs\AppData\Roaming\Python\Python311\site-packages\django\template\base.py", line 154, in __init__
    self.nodelist = self.compile_nodelist()
                    ^^^^^^^^^^^^^^^^^^^^^^^
  File "C:\Users\gaabs\AppData\Roaming\Python\Python311\site-packages\django\template\base.py", line 200, in compile_nodelist
    return parser.parse()
           ^^^^^^^^^^^^^^
  File "C:\Users\gaabs\AppData\Roaming\Python\Python311\site-packages\django\template\base.py", line 507, in parse
    self.invalid_block_tag(token, command, parse_until)
  File "C:\Users\gaabs\AppData\Roaming\Python\Python311\site-packages\django\template\base.py", line 568, in invalid_block_tag
    raise self.error(
django.template.exceptions.TemplateSyntaxError: Invalid block tag on line 73: 'endif'. Did you forget to register or load this tag?
"GET / HTTP/1.1" 500 9856
File C:\Users\gaabs\Dropbox\all_e-learing\e-learning\e_learning\templates\home_page_partials\main_header.html previous mtime: 1721725927.3754828, current mtime: 1721726293.1933813
C:\Users\gaabs\Dropbox\all_e-learing\e-learning\e_learning\templates\home_page_partials\main_header.html notified as changed. Signal results: [(<function template_changed at 0x0000025AE4A75260>, True), (<function translation_file_changed at 0x0000025AE5A059E0>, None)].
File C:\Users\gaabs\Dropbox\all_e-learing\e-learning\e_learning\templates\home_page_partials\main_header.html previous mtime: 1721726293.1933813, current mtime: 1721726294.4155989
C:\Users\gaabs\Dropbox\all_e-learing\e-learning\e_learning\templates\home_page_partials\main_header.html notified as changed. Signal results: [(<function template_changed at 0x0000025AE4A75260>, True), (<function translation_file_changed at 0x0000025AE5A059E0>, None)].
Internal Server Error: /
Traceback (most recent call last):
  File "C:\Users\gaabs\AppData\Roaming\Python\Python311\site-packages\django\template\base.py", line 505, in parse
    compile_func = self.tags[command]
                   ~~~~~~~~~^^^^^^^^^
KeyError: 'endif'

During handling of the above exception, another exception occurred:

Traceback (most recent call last):
  File "C:\Users\gaabs\AppData\Roaming\Python\Python311\site-packages\django\core\handlers\exception.py", line 55, in inner
    response = get_response(request)
               ^^^^^^^^^^^^^^^^^^^^^
  File "C:\Users\gaabs\AppData\Roaming\Python\Python311\site-packages\django\core\handlers\base.py", line 197, in _get_response
    response = wrapped_callback(request, *callback_args, **callback_kwargs)
               ^^^^^^^^^^^^^^^^^^^^^^^^^^^^^^^^^^^^^^^^^^^^^^^^^^^^^^^^^^^^
  File "C:\Users\gaabs\Dropbox\all_e-learing\e-learning\e_learning\home_page_app\views.py", line 6, in home_view
    return render(request, "home_page_app/index.html")
           ^^^^^^^^^^^^^^^^^^^^^^^^^^^^^^^^^^^^^^^^^^^
  File "C:\Users\gaabs\AppData\Roaming\Python\Python311\site-packages\django\shortcuts.py", line 24, in render
    content = loader.render_to_string(template_name, context, request, using=using)
              ^^^^^^^^^^^^^^^^^^^^^^^^^^^^^^^^^^^^^^^^^^^^^^^^^^^^^^^^^^^^^^^^^^^^^
  File "C:\Users\gaabs\AppData\Roaming\Python\Python311\site-packages\django\template\loader.py", line 62, in render_to_string
    return template.render(context, request)
           ^^^^^^^^^^^^^^^^^^^^^^^^^^^^^^^^^
  File "C:\Users\gaabs\AppData\Roaming\Python\Python311\site-packages\django\template\backends\django.py", line 62, in render
    return self.template.render(context)
           ^^^^^^^^^^^^^^^^^^^^^^^^^^^^^
  File "C:\Users\gaabs\AppData\Roaming\Python\Python311\site-packages\django\template\base.py", line 175, in render
    return self._render(context)
           ^^^^^^^^^^^^^^^^^^^^^
  File "C:\Users\gaabs\AppData\Roaming\Python\Python311\site-packages\django\template\base.py", line 167, in _render
    return self.nodelist.render(context)
           ^^^^^^^^^^^^^^^^^^^^^^^^^^^^^
  File "C:\Users\gaabs\AppData\Roaming\Python\Python311\site-packages\django\template\base.py", line 1000, in render
    return SafeString("".join([node.render_annotated(context) for node in self]))
                              ^^^^^^^^^^^^^^^^^^^^^^^^^^^^^^^^^^^^^^^^^^^^^^^^^
  File "C:\Users\gaabs\AppData\Roaming\Python\Python311\site-packages\django\template\base.py", line 1000, in <listcomp>
    return SafeString("".join([node.render_annotated(context) for node in self]))
                               ^^^^^^^^^^^^^^^^^^^^^^^^^^^^^^
  File "C:\Users\gaabs\AppData\Roaming\Python\Python311\site-packages\django\template\base.py", line 958, in render_annotated
    return self.render(context)
           ^^^^^^^^^^^^^^^^^^^^
  File "C:\Users\gaabs\AppData\Roaming\Python\Python311\site-packages\django\template\loader_tags.py", line 157, in render
    return compiled_parent._render(context)
           ^^^^^^^^^^^^^^^^^^^^^^^^^^^^^^^^
  File "C:\Users\gaabs\AppData\Roaming\Python\Python311\site-packages\django\template\base.py", line 167, in _render
    return self.nodelist.render(context)
           ^^^^^^^^^^^^^^^^^^^^^^^^^^^^^
  File "C:\Users\gaabs\AppData\Roaming\Python\Python311\site-packages\django\template\base.py", line 1000, in render
    return SafeString("".join([node.render_annotated(context) for node in self]))
                              ^^^^^^^^^^^^^^^^^^^^^^^^^^^^^^^^^^^^^^^^^^^^^^^^^
  File "C:\Users\gaabs\AppData\Roaming\Python\Python311\site-packages\django\template\base.py", line 1000, in <listcomp>
    return SafeString("".join([node.render_annotated(context) for node in self]))
                               ^^^^^^^^^^^^^^^^^^^^^^^^^^^^^^
  File "C:\Users\gaabs\AppData\Roaming\Python\Python311\site-packages\django\template\base.py", line 958, in render_annotated
    return self.render(context)
           ^^^^^^^^^^^^^^^^^^^^
  File "C:\Users\gaabs\AppData\Roaming\Python\Python311\site-packages\django\template\loader_tags.py", line 63, in render
    result = block.nodelist.render(context)
             ^^^^^^^^^^^^^^^^^^^^^^^^^^^^^^
  File "C:\Users\gaabs\AppData\Roaming\Python\Python311\site-packages\django\template\base.py", line 1000, in render
    return SafeString("".join([node.render_annotated(context) for node in self]))
                              ^^^^^^^^^^^^^^^^^^^^^^^^^^^^^^^^^^^^^^^^^^^^^^^^^
  File "C:\Users\gaabs\AppData\Roaming\Python\Python311\site-packages\django\template\base.py", line 1000, in <listcomp>
    return SafeString("".join([node.render_annotated(context) for node in self]))
                               ^^^^^^^^^^^^^^^^^^^^^^^^^^^^^^
  File "C:\Users\gaabs\AppData\Roaming\Python\Python311\site-packages\django\template\base.py", line 958, in render_annotated
    return self.render(context)
           ^^^^^^^^^^^^^^^^^^^^
  File "C:\Users\gaabs\AppData\Roaming\Python\Python311\site-packages\django\template\loader_tags.py", line 63, in render
    result = block.nodelist.render(context)
             ^^^^^^^^^^^^^^^^^^^^^^^^^^^^^^
  File "C:\Users\gaabs\AppData\Roaming\Python\Python311\site-packages\django\template\base.py", line 1000, in render
    return SafeString("".join([node.render_annotated(context) for node in self]))
                              ^^^^^^^^^^^^^^^^^^^^^^^^^^^^^^^^^^^^^^^^^^^^^^^^^
  File "C:\Users\gaabs\AppData\Roaming\Python\Python311\site-packages\django\template\base.py", line 1000, in <listcomp>
    return SafeString("".join([node.render_annotated(context) for node in self]))
                               ^^^^^^^^^^^^^^^^^^^^^^^^^^^^^^
  File "C:\Users\gaabs\AppData\Roaming\Python\Python311\site-packages\django\template\base.py", line 958, in render_annotated
    return self.render(context)
           ^^^^^^^^^^^^^^^^^^^^
  File "C:\Users\gaabs\AppData\Roaming\Python\Python311\site-packages\django\template\loader_tags.py", line 197, in render
    template = context.template.engine.select_template(template_name)
               ^^^^^^^^^^^^^^^^^^^^^^^^^^^^^^^^^^^^^^^^^^^^^^^^^^^^^^
  File "C:\Users\gaabs\AppData\Roaming\Python\Python311\site-packages\django\template\engine.py", line 207, in select_template
    return self.get_template(template_name)
           ^^^^^^^^^^^^^^^^^^^^^^^^^^^^^^^^
  File "C:\Users\gaabs\AppData\Roaming\Python\Python311\site-packages\django\template\engine.py", line 176, in get_template
    template, origin = self.find_template(template_name)
                       ^^^^^^^^^^^^^^^^^^^^^^^^^^^^^^^^^
  File "C:\Users\gaabs\AppData\Roaming\Python\Python311\site-packages\django\template\engine.py", line 158, in find_template
    template = loader.get_template(name, skip=skip)
               ^^^^^^^^^^^^^^^^^^^^^^^^^^^^^^^^^^^^
  File "C:\Users\gaabs\AppData\Roaming\Python\Python311\site-packages\django\template\loaders\cached.py", line 57, in get_template
    template = super().get_template(template_name, skip)
               ^^^^^^^^^^^^^^^^^^^^^^^^^^^^^^^^^^^^^^^^^
  File "C:\Users\gaabs\AppData\Roaming\Python\Python311\site-packages\django\template\loaders\base.py", line 28, in get_template
    return Template(
           ^^^^^^^^^
  File "C:\Users\gaabs\AppData\Roaming\Python\Python311\site-packages\django\template\base.py", line 154, in __init__
    self.nodelist = self.compile_nodelist()
                    ^^^^^^^^^^^^^^^^^^^^^^^
  File "C:\Users\gaabs\AppData\Roaming\Python\Python311\site-packages\django\template\base.py", line 200, in compile_nodelist
    return parser.parse()
           ^^^^^^^^^^^^^^
  File "C:\Users\gaabs\AppData\Roaming\Python\Python311\site-packages\django\template\base.py", line 507, in parse
    self.invalid_block_tag(token, command, parse_until)
  File "C:\Users\gaabs\AppData\Roaming\Python\Python311\site-packages\django\template\base.py", line 568, in invalid_block_tag
    raise self.error(
django.template.exceptions.TemplateSyntaxError: Invalid block tag on line 73: 'endif'. Did you forget to register or load this tag?
"GET / HTTP/1.1" 500 9856
File C:\Users\gaabs\Dropbox\all_e-learing\e-learning\e_learning\templates\home_page_partials\main_header.html previous mtime: 1721726294.4155989, current mtime: 1721726322.5646925
C:\Users\gaabs\Dropbox\all_e-learing\e-learning\e_learning\templates\home_page_partials\main_header.html notified as changed. Signal results: [(<function template_changed at 0x0000025AE4A75260>, True), (<function translation_file_changed at 0x0000025AE5A059E0>, None)].
File C:\Users\gaabs\Dropbox\all_e-learing\e-learning\e_learning\templates\home_page_partials\main_header.html previous mtime: 1721726322.5646925, current mtime: 1721726324.821759
C:\Users\gaabs\Dropbox\all_e-learing\e-learning\e_learning\templates\home_page_partials\main_header.html notified as changed. Signal results: [(<function template_changed at 0x0000025AE4A75260>, True), (<function translation_file_changed at 0x0000025AE5A059E0>, None)].
File C:\Users\gaabs\Dropbox\all_e-learing\e-learning\e_learning\templates\home_page_partials\main_header.html previous mtime: 1721726324.821759, current mtime: 1721726326.236138
C:\Users\gaabs\Dropbox\all_e-learing\e-learning\e_learning\templates\home_page_partials\main_header.html notified as changed. Signal results: [(<function template_changed at 0x0000025AE4A75260>, True), (<function translation_file_changed at 0x0000025AE5A059E0>, None)].
File C:\Users\gaabs\Dropbox\all_e-learing\e-learning\e_learning\templates\home_page_partials\main_header.html previous mtime: 1721726326.236138, current mtime: 1721726331.16529
C:\Users\gaabs\Dropbox\all_e-learing\e-learning\e_learning\templates\home_page_partials\main_header.html notified as changed. Signal results: [(<function template_changed at 0x0000025AE4A75260>, True), (<function translation_file_changed at 0x0000025AE5A059E0>, None)].
File C:\Users\gaabs\Dropbox\all_e-learing\e-learning\e_learning\templates\home_page_partials\main_header.html previous mtime: 1721726331.16529, current mtime: 1721726333.354595
C:\Users\gaabs\Dropbox\all_e-learing\e-learning\e_learning\templates\home_page_partials\main_header.html notified as changed. Signal results: [(<function template_changed at 0x0000025AE4A75260>, True), (<function translation_file_changed at 0x0000025AE5A059E0>, None)].
Internal Server Error: /
Traceback (most recent call last):
  File "C:\Users\gaabs\AppData\Roaming\Python\Python311\site-packages\django\template\base.py", line 505, in parse
    compile_func = self.tags[command]
                   ~~~~~~~~~^^^^^^^^^
KeyError: 'endif'

During handling of the above exception, another exception occurred:

Traceback (most recent call last):
  File "C:\Users\gaabs\AppData\Roaming\Python\Python311\site-packages\django\core\handlers\exception.py", line 55, in inner
    response = get_response(request)
               ^^^^^^^^^^^^^^^^^^^^^
  File "C:\Users\gaabs\AppData\Roaming\Python\Python311\site-packages\django\core\handlers\base.py", line 197, in _get_response
    response = wrapped_callback(request, *callback_args, **callback_kwargs)
               ^^^^^^^^^^^^^^^^^^^^^^^^^^^^^^^^^^^^^^^^^^^^^^^^^^^^^^^^^^^^
  File "C:\Users\gaabs\Dropbox\all_e-learing\e-learning\e_learning\home_page_app\views.py", line 6, in home_view
    return render(request, "home_page_app/index.html")
           ^^^^^^^^^^^^^^^^^^^^^^^^^^^^^^^^^^^^^^^^^^^
  File "C:\Users\gaabs\AppData\Roaming\Python\Python311\site-packages\django\shortcuts.py", line 24, in render
    content = loader.render_to_string(template_name, context, request, using=using)
              ^^^^^^^^^^^^^^^^^^^^^^^^^^^^^^^^^^^^^^^^^^^^^^^^^^^^^^^^^^^^^^^^^^^^^
  File "C:\Users\gaabs\AppData\Roaming\Python\Python311\site-packages\django\template\loader.py", line 62, in render_to_string
    return template.render(context, request)
           ^^^^^^^^^^^^^^^^^^^^^^^^^^^^^^^^^
  File "C:\Users\gaabs\AppData\Roaming\Python\Python311\site-packages\django\template\backends\django.py", line 62, in render
    return self.template.render(context)
           ^^^^^^^^^^^^^^^^^^^^^^^^^^^^^
  File "C:\Users\gaabs\AppData\Roaming\Python\Python311\site-packages\django\template\base.py", line 175, in render
    return self._render(context)
           ^^^^^^^^^^^^^^^^^^^^^
  File "C:\Users\gaabs\AppData\Roaming\Python\Python311\site-packages\django\template\base.py", line 167, in _render
    return self.nodelist.render(context)
           ^^^^^^^^^^^^^^^^^^^^^^^^^^^^^
  File "C:\Users\gaabs\AppData\Roaming\Python\Python311\site-packages\django\template\base.py", line 1000, in render
    return SafeString("".join([node.render_annotated(context) for node in self]))
                              ^^^^^^^^^^^^^^^^^^^^^^^^^^^^^^^^^^^^^^^^^^^^^^^^^
  File "C:\Users\gaabs\AppData\Roaming\Python\Python311\site-packages\django\template\base.py", line 1000, in <listcomp>
    return SafeString("".join([node.render_annotated(context) for node in self]))
                               ^^^^^^^^^^^^^^^^^^^^^^^^^^^^^^
  File "C:\Users\gaabs\AppData\Roaming\Python\Python311\site-packages\django\template\base.py", line 958, in render_annotated
    return self.render(context)
           ^^^^^^^^^^^^^^^^^^^^
  File "C:\Users\gaabs\AppData\Roaming\Python\Python311\site-packages\django\template\loader_tags.py", line 157, in render
    return compiled_parent._render(context)
           ^^^^^^^^^^^^^^^^^^^^^^^^^^^^^^^^
  File "C:\Users\gaabs\AppData\Roaming\Python\Python311\site-packages\django\template\base.py", line 167, in _render
    return self.nodelist.render(context)
           ^^^^^^^^^^^^^^^^^^^^^^^^^^^^^
  File "C:\Users\gaabs\AppData\Roaming\Python\Python311\site-packages\django\template\base.py", line 1000, in render
    return SafeString("".join([node.render_annotated(context) for node in self]))
                              ^^^^^^^^^^^^^^^^^^^^^^^^^^^^^^^^^^^^^^^^^^^^^^^^^
  File "C:\Users\gaabs\AppData\Roaming\Python\Python311\site-packages\django\template\base.py", line 1000, in <listcomp>
    return SafeString("".join([node.render_annotated(context) for node in self]))
                               ^^^^^^^^^^^^^^^^^^^^^^^^^^^^^^
  File "C:\Users\gaabs\AppData\Roaming\Python\Python311\site-packages\django\template\base.py", line 958, in render_annotated
    return self.render(context)
           ^^^^^^^^^^^^^^^^^^^^
  File "C:\Users\gaabs\AppData\Roaming\Python\Python311\site-packages\django\template\loader_tags.py", line 63, in render
    result = block.nodelist.render(context)
             ^^^^^^^^^^^^^^^^^^^^^^^^^^^^^^
  File "C:\Users\gaabs\AppData\Roaming\Python\Python311\site-packages\django\template\base.py", line 1000, in render
    return SafeString("".join([node.render_annotated(context) for node in self]))
                              ^^^^^^^^^^^^^^^^^^^^^^^^^^^^^^^^^^^^^^^^^^^^^^^^^
  File "C:\Users\gaabs\AppData\Roaming\Python\Python311\site-packages\django\template\base.py", line 1000, in <listcomp>
    return SafeString("".join([node.render_annotated(context) for node in self]))
                               ^^^^^^^^^^^^^^^^^^^^^^^^^^^^^^
  File "C:\Users\gaabs\AppData\Roaming\Python\Python311\site-packages\django\template\base.py", line 958, in render_annotated
    return self.render(context)
           ^^^^^^^^^^^^^^^^^^^^
  File "C:\Users\gaabs\AppData\Roaming\Python\Python311\site-packages\django\template\loader_tags.py", line 63, in render
    result = block.nodelist.render(context)
             ^^^^^^^^^^^^^^^^^^^^^^^^^^^^^^
  File "C:\Users\gaabs\AppData\Roaming\Python\Python311\site-packages\django\template\base.py", line 1000, in render
    return SafeString("".join([node.render_annotated(context) for node in self]))
                              ^^^^^^^^^^^^^^^^^^^^^^^^^^^^^^^^^^^^^^^^^^^^^^^^^
  File "C:\Users\gaabs\AppData\Roaming\Python\Python311\site-packages\django\template\base.py", line 1000, in <listcomp>
    return SafeString("".join([node.render_annotated(context) for node in self]))
                               ^^^^^^^^^^^^^^^^^^^^^^^^^^^^^^
  File "C:\Users\gaabs\AppData\Roaming\Python\Python311\site-packages\django\template\base.py", line 958, in render_annotated
    return self.render(context)
           ^^^^^^^^^^^^^^^^^^^^
  File "C:\Users\gaabs\AppData\Roaming\Python\Python311\site-packages\django\template\loader_tags.py", line 197, in render
    template = context.template.engine.select_template(template_name)
               ^^^^^^^^^^^^^^^^^^^^^^^^^^^^^^^^^^^^^^^^^^^^^^^^^^^^^^
  File "C:\Users\gaabs\AppData\Roaming\Python\Python311\site-packages\django\template\engine.py", line 207, in select_template
    return self.get_template(template_name)
           ^^^^^^^^^^^^^^^^^^^^^^^^^^^^^^^^
  File "C:\Users\gaabs\AppData\Roaming\Python\Python311\site-packages\django\template\engine.py", line 176, in get_template
    template, origin = self.find_template(template_name)
                       ^^^^^^^^^^^^^^^^^^^^^^^^^^^^^^^^^
  File "C:\Users\gaabs\AppData\Roaming\Python\Python311\site-packages\django\template\engine.py", line 158, in find_template
    template = loader.get_template(name, skip=skip)
               ^^^^^^^^^^^^^^^^^^^^^^^^^^^^^^^^^^^^
  File "C:\Users\gaabs\AppData\Roaming\Python\Python311\site-packages\django\template\loaders\cached.py", line 57, in get_template
    template = super().get_template(template_name, skip)
               ^^^^^^^^^^^^^^^^^^^^^^^^^^^^^^^^^^^^^^^^^
  File "C:\Users\gaabs\AppData\Roaming\Python\Python311\site-packages\django\template\loaders\base.py", line 28, in get_template
    return Template(
           ^^^^^^^^^
  File "C:\Users\gaabs\AppData\Roaming\Python\Python311\site-packages\django\template\base.py", line 154, in __init__
    self.nodelist = self.compile_nodelist()
                    ^^^^^^^^^^^^^^^^^^^^^^^
  File "C:\Users\gaabs\AppData\Roaming\Python\Python311\site-packages\django\template\base.py", line 200, in compile_nodelist
    return parser.parse()
           ^^^^^^^^^^^^^^
  File "C:\Users\gaabs\AppData\Roaming\Python\Python311\site-packages\django\template\base.py", line 507, in parse
    self.invalid_block_tag(token, command, parse_until)
  File "C:\Users\gaabs\AppData\Roaming\Python\Python311\site-packages\django\template\base.py", line 568, in invalid_block_tag
    raise self.error(
django.template.exceptions.TemplateSyntaxError: Invalid block tag on line 73: 'endif'. Did you forget to register or load this tag?
"GET / HTTP/1.1" 500 9856
File C:\Users\gaabs\Dropbox\all_e-learing\e-learning\e_learning\templates\home_page_partials\main_header.html previous mtime: 1721726333.354595, current mtime: 1721726343.0569825
C:\Users\gaabs\Dropbox\all_e-learing\e-learning\e_learning\templates\home_page_partials\main_header.html notified as changed. Signal results: [(<function template_changed at 0x0000025AE4A75260>, True), (<function translation_file_changed at 0x0000025AE5A059E0>, None)].
File C:\Users\gaabs\Dropbox\all_e-learing\e-learning\e_learning\templates\home_page_partials\main_header.html previous mtime: 1721726343.0569825, current mtime: 1721726344.2834682
C:\Users\gaabs\Dropbox\all_e-learing\e-learning\e_learning\templates\home_page_partials\main_header.html notified as changed. Signal results: [(<function template_changed at 0x0000025AE4A75260>, True), (<function translation_file_changed at 0x0000025AE5A059E0>, None)].
File C:\Users\gaabs\Dropbox\all_e-learing\e-learning\e_learning\templates\home_page_partials\main_header.html previous mtime: 1721726344.2834682, current mtime: 1721726348.3862777
C:\Users\gaabs\Dropbox\all_e-learing\e-learning\e_learning\templates\home_page_partials\main_header.html notified as changed. Signal results: [(<function template_changed at 0x0000025AE4A75260>, True), (<function translation_file_changed at 0x0000025AE5A059E0>, None)].
File C:\Users\gaabs\Dropbox\all_e-learing\e-learning\e_learning\templates\home_page_partials\main_header.html previous mtime: 1721726348.3862777, current mtime: 1721726349.5676339
C:\Users\gaabs\Dropbox\all_e-learing\e-learning\e_learning\templates\home_page_partials\main_header.html notified as changed. Signal results: [(<function template_changed at 0x0000025AE4A75260>, True), (<function translation_file_changed at 0x0000025AE5A059E0>, None)].
Internal Server Error: /
Traceback (most recent call last):
  File "C:\Users\gaabs\AppData\Roaming\Python\Python311\site-packages\django\core\handlers\exception.py", line 55, in inner
    response = get_response(request)
               ^^^^^^^^^^^^^^^^^^^^^
  File "C:\Users\gaabs\AppData\Roaming\Python\Python311\site-packages\django\core\handlers\base.py", line 197, in _get_response
    response = wrapped_callback(request, *callback_args, **callback_kwargs)
               ^^^^^^^^^^^^^^^^^^^^^^^^^^^^^^^^^^^^^^^^^^^^^^^^^^^^^^^^^^^^
  File "C:\Users\gaabs\Dropbox\all_e-learing\e-learning\e_learning\home_page_app\views.py", line 6, in home_view
    return render(request, "home_page_app/index.html")
           ^^^^^^^^^^^^^^^^^^^^^^^^^^^^^^^^^^^^^^^^^^^
  File "C:\Users\gaabs\AppData\Roaming\Python\Python311\site-packages\django\shortcuts.py", line 24, in render
    content = loader.render_to_string(template_name, context, request, using=using)
              ^^^^^^^^^^^^^^^^^^^^^^^^^^^^^^^^^^^^^^^^^^^^^^^^^^^^^^^^^^^^^^^^^^^^^
  File "C:\Users\gaabs\AppData\Roaming\Python\Python311\site-packages\django\template\loader.py", line 62, in render_to_string
    return template.render(context, request)
           ^^^^^^^^^^^^^^^^^^^^^^^^^^^^^^^^^
  File "C:\Users\gaabs\AppData\Roaming\Python\Python311\site-packages\django\template\backends\django.py", line 62, in render
    return self.template.render(context)
           ^^^^^^^^^^^^^^^^^^^^^^^^^^^^^
  File "C:\Users\gaabs\AppData\Roaming\Python\Python311\site-packages\django\template\base.py", line 175, in render
    return self._render(context)
           ^^^^^^^^^^^^^^^^^^^^^
  File "C:\Users\gaabs\AppData\Roaming\Python\Python311\site-packages\django\template\base.py", line 167, in _render
    return self.nodelist.render(context)
           ^^^^^^^^^^^^^^^^^^^^^^^^^^^^^
  File "C:\Users\gaabs\AppData\Roaming\Python\Python311\site-packages\django\template\base.py", line 1000, in render
    return SafeString("".join([node.render_annotated(context) for node in self]))
                              ^^^^^^^^^^^^^^^^^^^^^^^^^^^^^^^^^^^^^^^^^^^^^^^^^
  File "C:\Users\gaabs\AppData\Roaming\Python\Python311\site-packages\django\template\base.py", line 1000, in <listcomp>
    return SafeString("".join([node.render_annotated(context) for node in self]))
                               ^^^^^^^^^^^^^^^^^^^^^^^^^^^^^^
  File "C:\Users\gaabs\AppData\Roaming\Python\Python311\site-packages\django\template\base.py", line 958, in render_annotated
    return self.render(context)
           ^^^^^^^^^^^^^^^^^^^^
  File "C:\Users\gaabs\AppData\Roaming\Python\Python311\site-packages\django\template\loader_tags.py", line 157, in render
    return compiled_parent._render(context)
           ^^^^^^^^^^^^^^^^^^^^^^^^^^^^^^^^
  File "C:\Users\gaabs\AppData\Roaming\Python\Python311\site-packages\django\template\base.py", line 167, in _render
    return self.nodelist.render(context)
           ^^^^^^^^^^^^^^^^^^^^^^^^^^^^^
  File "C:\Users\gaabs\AppData\Roaming\Python\Python311\site-packages\django\template\base.py", line 1000, in render
    return SafeString("".join([node.render_annotated(context) for node in self]))
                              ^^^^^^^^^^^^^^^^^^^^^^^^^^^^^^^^^^^^^^^^^^^^^^^^^
  File "C:\Users\gaabs\AppData\Roaming\Python\Python311\site-packages\django\template\base.py", line 1000, in <listcomp>
    return SafeString("".join([node.render_annotated(context) for node in self]))
                               ^^^^^^^^^^^^^^^^^^^^^^^^^^^^^^
  File "C:\Users\gaabs\AppData\Roaming\Python\Python311\site-packages\django\template\base.py", line 958, in render_annotated
    return self.render(context)
           ^^^^^^^^^^^^^^^^^^^^
  File "C:\Users\gaabs\AppData\Roaming\Python\Python311\site-packages\django\template\loader_tags.py", line 63, in render
    result = block.nodelist.render(context)
             ^^^^^^^^^^^^^^^^^^^^^^^^^^^^^^
  File "C:\Users\gaabs\AppData\Roaming\Python\Python311\site-packages\django\template\base.py", line 1000, in render
    return SafeString("".join([node.render_annotated(context) for node in self]))
                              ^^^^^^^^^^^^^^^^^^^^^^^^^^^^^^^^^^^^^^^^^^^^^^^^^
  File "C:\Users\gaabs\AppData\Roaming\Python\Python311\site-packages\django\template\base.py", line 1000, in <listcomp>
    return SafeString("".join([node.render_annotated(context) for node in self]))
                               ^^^^^^^^^^^^^^^^^^^^^^^^^^^^^^
  File "C:\Users\gaabs\AppData\Roaming\Python\Python311\site-packages\django\template\base.py", line 958, in render_annotated
    return self.render(context)
           ^^^^^^^^^^^^^^^^^^^^
  File "C:\Users\gaabs\AppData\Roaming\Python\Python311\site-packages\django\template\loader_tags.py", line 63, in render
    result = block.nodelist.render(context)
             ^^^^^^^^^^^^^^^^^^^^^^^^^^^^^^
  File "C:\Users\gaabs\AppData\Roaming\Python\Python311\site-packages\django\template\base.py", line 1000, in render
    return SafeString("".join([node.render_annotated(context) for node in self]))
                              ^^^^^^^^^^^^^^^^^^^^^^^^^^^^^^^^^^^^^^^^^^^^^^^^^
  File "C:\Users\gaabs\AppData\Roaming\Python\Python311\site-packages\django\template\base.py", line 1000, in <listcomp>
    return SafeString("".join([node.render_annotated(context) for node in self]))
                               ^^^^^^^^^^^^^^^^^^^^^^^^^^^^^^
  File "C:\Users\gaabs\AppData\Roaming\Python\Python311\site-packages\django\template\base.py", line 958, in render_annotated
    return self.render(context)
           ^^^^^^^^^^^^^^^^^^^^
  File "C:\Users\gaabs\AppData\Roaming\Python\Python311\site-packages\django\template\loader_tags.py", line 197, in render
    template = context.template.engine.select_template(template_name)
               ^^^^^^^^^^^^^^^^^^^^^^^^^^^^^^^^^^^^^^^^^^^^^^^^^^^^^^
  File "C:\Users\gaabs\AppData\Roaming\Python\Python311\site-packages\django\template\engine.py", line 207, in select_template
    return self.get_template(template_name)
           ^^^^^^^^^^^^^^^^^^^^^^^^^^^^^^^^
  File "C:\Users\gaabs\AppData\Roaming\Python\Python311\site-packages\django\template\engine.py", line 176, in get_template
    template, origin = self.find_template(template_name)
                       ^^^^^^^^^^^^^^^^^^^^^^^^^^^^^^^^^
  File "C:\Users\gaabs\AppData\Roaming\Python\Python311\site-packages\django\template\engine.py", line 158, in find_template
    template = loader.get_template(name, skip=skip)
               ^^^^^^^^^^^^^^^^^^^^^^^^^^^^^^^^^^^^
  File "C:\Users\gaabs\AppData\Roaming\Python\Python311\site-packages\django\template\loaders\cached.py", line 57, in get_template
    template = super().get_template(template_name, skip)
               ^^^^^^^^^^^^^^^^^^^^^^^^^^^^^^^^^^^^^^^^^
  File "C:\Users\gaabs\AppData\Roaming\Python\Python311\site-packages\django\template\loaders\base.py", line 28, in get_template
    return Template(
           ^^^^^^^^^
  File "C:\Users\gaabs\AppData\Roaming\Python\Python311\site-packages\django\template\base.py", line 154, in __init__
    self.nodelist = self.compile_nodelist()
                    ^^^^^^^^^^^^^^^^^^^^^^^
  File "C:\Users\gaabs\AppData\Roaming\Python\Python311\site-packages\django\template\base.py", line 200, in compile_nodelist
    return parser.parse()
           ^^^^^^^^^^^^^^
  File "C:\Users\gaabs\AppData\Roaming\Python\Python311\site-packages\django\template\base.py", line 513, in parse
    raise self.error(token, e)
  File "C:\Users\gaabs\AppData\Roaming\Python\Python311\site-packages\django\template\base.py", line 511, in parse
    compiled_result = compile_func(self, token)
                      ^^^^^^^^^^^^^^^^^^^^^^^^^
  File "C:\Users\gaabs\AppData\Roaming\Python\Python311\site-packages\django\template\defaulttags.py", line 954, in do_if
    nodelist = parser.parse(("elif", "else", "endif"))
               ^^^^^^^^^^^^^^^^^^^^^^^^^^^^^^^^^^^^^^^
  File "C:\Users\gaabs\AppData\Roaming\Python\Python311\site-packages\django\template\base.py", line 518, in parse
    self.unclosed_block_tag(parse_until)
  File "C:\Users\gaabs\AppData\Roaming\Python\Python311\site-packages\django\template\base.py", line 581, in unclosed_block_tag
    raise self.error(token, msg)
django.template.exceptions.TemplateSyntaxError: Unclosed tag on line 30: 'if'. Looking for one of: elif, else, endif.
"GET / HTTP/1.1" 500 9856
File C:\Users\gaabs\Dropbox\all_e-learing\e-learning\e_learning\templates\home_page_partials\main_header.html previous mtime: 1721726349.5676339, current mtime: 1721726362.264845
C:\Users\gaabs\Dropbox\all_e-learing\e-learning\e_learning\templates\home_page_partials\main_header.html notified as changed. Signal results: [(<function template_changed at 0x0000025AE4A75260>, True), (<function translation_file_changed at 0x0000025AE5A059E0>, None)].
Internal Server Error: /
Traceback (most recent call last):
  File "C:\Users\gaabs\AppData\Roaming\Python\Python311\site-packages\django\template\base.py", line 505, in parse
    compile_func = self.tags[command]
                   ~~~~~~~~~^^^^^^^^^
KeyError: 'endif'

During handling of the above exception, another exception occurred:

Traceback (most recent call last):
  File "C:\Users\gaabs\AppData\Roaming\Python\Python311\site-packages\django\core\handlers\exception.py", line 55, in inner
    response = get_response(request)
               ^^^^^^^^^^^^^^^^^^^^^
  File "C:\Users\gaabs\AppData\Roaming\Python\Python311\site-packages\django\core\handlers\base.py", line 197, in _get_response
    response = wrapped_callback(request, *callback_args, **callback_kwargs)
               ^^^^^^^^^^^^^^^^^^^^^^^^^^^^^^^^^^^^^^^^^^^^^^^^^^^^^^^^^^^^
  File "C:\Users\gaabs\Dropbox\all_e-learing\e-learning\e_learning\home_page_app\views.py", line 6, in home_view
    return render(request, "home_page_app/index.html")
           ^^^^^^^^^^^^^^^^^^^^^^^^^^^^^^^^^^^^^^^^^^^
  File "C:\Users\gaabs\AppData\Roaming\Python\Python311\site-packages\django\shortcuts.py", line 24, in render
    content = loader.render_to_string(template_name, context, request, using=using)
              ^^^^^^^^^^^^^^^^^^^^^^^^^^^^^^^^^^^^^^^^^^^^^^^^^^^^^^^^^^^^^^^^^^^^^
  File "C:\Users\gaabs\AppData\Roaming\Python\Python311\site-packages\django\template\loader.py", line 62, in render_to_string
    return template.render(context, request)
           ^^^^^^^^^^^^^^^^^^^^^^^^^^^^^^^^^
  File "C:\Users\gaabs\AppData\Roaming\Python\Python311\site-packages\django\template\backends\django.py", line 62, in render
    return self.template.render(context)
           ^^^^^^^^^^^^^^^^^^^^^^^^^^^^^
  File "C:\Users\gaabs\AppData\Roaming\Python\Python311\site-packages\django\template\base.py", line 175, in render
    return self._render(context)
           ^^^^^^^^^^^^^^^^^^^^^
  File "C:\Users\gaabs\AppData\Roaming\Python\Python311\site-packages\django\template\base.py", line 167, in _render
    return self.nodelist.render(context)
           ^^^^^^^^^^^^^^^^^^^^^^^^^^^^^
  File "C:\Users\gaabs\AppData\Roaming\Python\Python311\site-packages\django\template\base.py", line 1000, in render
    return SafeString("".join([node.render_annotated(context) for node in self]))
                              ^^^^^^^^^^^^^^^^^^^^^^^^^^^^^^^^^^^^^^^^^^^^^^^^^
  File "C:\Users\gaabs\AppData\Roaming\Python\Python311\site-packages\django\template\base.py", line 1000, in <listcomp>
    return SafeString("".join([node.render_annotated(context) for node in self]))
                               ^^^^^^^^^^^^^^^^^^^^^^^^^^^^^^
  File "C:\Users\gaabs\AppData\Roaming\Python\Python311\site-packages\django\template\base.py", line 958, in render_annotated
    return self.render(context)
           ^^^^^^^^^^^^^^^^^^^^
  File "C:\Users\gaabs\AppData\Roaming\Python\Python311\site-packages\django\template\loader_tags.py", line 157, in render
    return compiled_parent._render(context)
           ^^^^^^^^^^^^^^^^^^^^^^^^^^^^^^^^
  File "C:\Users\gaabs\AppData\Roaming\Python\Python311\site-packages\django\template\base.py", line 167, in _render
    return self.nodelist.render(context)
           ^^^^^^^^^^^^^^^^^^^^^^^^^^^^^
  File "C:\Users\gaabs\AppData\Roaming\Python\Python311\site-packages\django\template\base.py", line 1000, in render
    return SafeString("".join([node.render_annotated(context) for node in self]))
                              ^^^^^^^^^^^^^^^^^^^^^^^^^^^^^^^^^^^^^^^^^^^^^^^^^
  File "C:\Users\gaabs\AppData\Roaming\Python\Python311\site-packages\django\template\base.py", line 1000, in <listcomp>
    return SafeString("".join([node.render_annotated(context) for node in self]))
                               ^^^^^^^^^^^^^^^^^^^^^^^^^^^^^^
  File "C:\Users\gaabs\AppData\Roaming\Python\Python311\site-packages\django\template\base.py", line 958, in render_annotated
    return self.render(context)
           ^^^^^^^^^^^^^^^^^^^^
  File "C:\Users\gaabs\AppData\Roaming\Python\Python311\site-packages\django\template\loader_tags.py", line 63, in render
    result = block.nodelist.render(context)
             ^^^^^^^^^^^^^^^^^^^^^^^^^^^^^^
  File "C:\Users\gaabs\AppData\Roaming\Python\Python311\site-packages\django\template\base.py", line 1000, in render
    return SafeString("".join([node.render_annotated(context) for node in self]))
                              ^^^^^^^^^^^^^^^^^^^^^^^^^^^^^^^^^^^^^^^^^^^^^^^^^
  File "C:\Users\gaabs\AppData\Roaming\Python\Python311\site-packages\django\template\base.py", line 1000, in <listcomp>
    return SafeString("".join([node.render_annotated(context) for node in self]))
                               ^^^^^^^^^^^^^^^^^^^^^^^^^^^^^^
  File "C:\Users\gaabs\AppData\Roaming\Python\Python311\site-packages\django\template\base.py", line 958, in render_annotated
    return self.render(context)
           ^^^^^^^^^^^^^^^^^^^^
  File "C:\Users\gaabs\AppData\Roaming\Python\Python311\site-packages\django\template\loader_tags.py", line 63, in render
    result = block.nodelist.render(context)
             ^^^^^^^^^^^^^^^^^^^^^^^^^^^^^^
  File "C:\Users\gaabs\AppData\Roaming\Python\Python311\site-packages\django\template\base.py", line 1000, in render
    return SafeString("".join([node.render_annotated(context) for node in self]))
                              ^^^^^^^^^^^^^^^^^^^^^^^^^^^^^^^^^^^^^^^^^^^^^^^^^
  File "C:\Users\gaabs\AppData\Roaming\Python\Python311\site-packages\django\template\base.py", line 1000, in <listcomp>
    return SafeString("".join([node.render_annotated(context) for node in self]))
                               ^^^^^^^^^^^^^^^^^^^^^^^^^^^^^^
  File "C:\Users\gaabs\AppData\Roaming\Python\Python311\site-packages\django\template\base.py", line 958, in render_annotated
    return self.render(context)
           ^^^^^^^^^^^^^^^^^^^^
  File "C:\Users\gaabs\AppData\Roaming\Python\Python311\site-packages\django\template\loader_tags.py", line 197, in render
    template = context.template.engine.select_template(template_name)
               ^^^^^^^^^^^^^^^^^^^^^^^^^^^^^^^^^^^^^^^^^^^^^^^^^^^^^^
  File "C:\Users\gaabs\AppData\Roaming\Python\Python311\site-packages\django\template\engine.py", line 207, in select_template
    return self.get_template(template_name)
           ^^^^^^^^^^^^^^^^^^^^^^^^^^^^^^^^
  File "C:\Users\gaabs\AppData\Roaming\Python\Python311\site-packages\django\template\engine.py", line 176, in get_template
    template, origin = self.find_template(template_name)
                       ^^^^^^^^^^^^^^^^^^^^^^^^^^^^^^^^^
  File "C:\Users\gaabs\AppData\Roaming\Python\Python311\site-packages\django\template\engine.py", line 158, in find_template
    template = loader.get_template(name, skip=skip)
               ^^^^^^^^^^^^^^^^^^^^^^^^^^^^^^^^^^^^
  File "C:\Users\gaabs\AppData\Roaming\Python\Python311\site-packages\django\template\loaders\cached.py", line 57, in get_template
    template = super().get_template(template_name, skip)
               ^^^^^^^^^^^^^^^^^^^^^^^^^^^^^^^^^^^^^^^^^
  File "C:\Users\gaabs\AppData\Roaming\Python\Python311\site-packages\django\template\loaders\base.py", line 28, in get_template
    return Template(
           ^^^^^^^^^
  File "C:\Users\gaabs\AppData\Roaming\Python\Python311\site-packages\django\template\base.py", line 154, in __init__
    self.nodelist = self.compile_nodelist()
                    ^^^^^^^^^^^^^^^^^^^^^^^
  File "C:\Users\gaabs\AppData\Roaming\Python\Python311\site-packages\django\template\base.py", line 200, in compile_nodelist
    return parser.parse()
           ^^^^^^^^^^^^^^
  File "C:\Users\gaabs\AppData\Roaming\Python\Python311\site-packages\django\template\base.py", line 507, in parse
    self.invalid_block_tag(token, command, parse_until)
  File "C:\Users\gaabs\AppData\Roaming\Python\Python311\site-packages\django\template\base.py", line 568, in invalid_block_tag
    raise self.error(
django.template.exceptions.TemplateSyntaxError: Invalid block tag on line 73: 'endif'. Did you forget to register or load this tag?
"GET / HTTP/1.1" 500 9856
Internal Server Error: /
Traceback (most recent call last):
  File "C:\Users\gaabs\AppData\Roaming\Python\Python311\site-packages\django\template\base.py", line 505, in parse
    compile_func = self.tags[command]
                   ~~~~~~~~~^^^^^^^^^
KeyError: 'endif'

During handling of the above exception, another exception occurred:

Traceback (most recent call last):
  File "C:\Users\gaabs\AppData\Roaming\Python\Python311\site-packages\django\core\handlers\exception.py", line 55, in inner
    response = get_response(request)
               ^^^^^^^^^^^^^^^^^^^^^
  File "C:\Users\gaabs\AppData\Roaming\Python\Python311\site-packages\django\core\handlers\base.py", line 197, in _get_response
    response = wrapped_callback(request, *callback_args, **callback_kwargs)
               ^^^^^^^^^^^^^^^^^^^^^^^^^^^^^^^^^^^^^^^^^^^^^^^^^^^^^^^^^^^^
  File "C:\Users\gaabs\Dropbox\all_e-learing\e-learning\e_learning\home_page_app\views.py", line 6, in home_view
    return render(request, "home_page_app/index.html")
           ^^^^^^^^^^^^^^^^^^^^^^^^^^^^^^^^^^^^^^^^^^^
  File "C:\Users\gaabs\AppData\Roaming\Python\Python311\site-packages\django\shortcuts.py", line 24, in render
    content = loader.render_to_string(template_name, context, request, using=using)
              ^^^^^^^^^^^^^^^^^^^^^^^^^^^^^^^^^^^^^^^^^^^^^^^^^^^^^^^^^^^^^^^^^^^^^
  File "C:\Users\gaabs\AppData\Roaming\Python\Python311\site-packages\django\template\loader.py", line 62, in render_to_string
    return template.render(context, request)
           ^^^^^^^^^^^^^^^^^^^^^^^^^^^^^^^^^
  File "C:\Users\gaabs\AppData\Roaming\Python\Python311\site-packages\django\template\backends\django.py", line 62, in render
    return self.template.render(context)
           ^^^^^^^^^^^^^^^^^^^^^^^^^^^^^
  File "C:\Users\gaabs\AppData\Roaming\Python\Python311\site-packages\django\template\base.py", line 175, in render
    return self._render(context)
           ^^^^^^^^^^^^^^^^^^^^^
  File "C:\Users\gaabs\AppData\Roaming\Python\Python311\site-packages\django\template\base.py", line 167, in _render
    return self.nodelist.render(context)
           ^^^^^^^^^^^^^^^^^^^^^^^^^^^^^
  File "C:\Users\gaabs\AppData\Roaming\Python\Python311\site-packages\django\template\base.py", line 1000, in render
    return SafeString("".join([node.render_annotated(context) for node in self]))
                              ^^^^^^^^^^^^^^^^^^^^^^^^^^^^^^^^^^^^^^^^^^^^^^^^^
  File "C:\Users\gaabs\AppData\Roaming\Python\Python311\site-packages\django\template\base.py", line 1000, in <listcomp>
    return SafeString("".join([node.render_annotated(context) for node in self]))
                               ^^^^^^^^^^^^^^^^^^^^^^^^^^^^^^
  File "C:\Users\gaabs\AppData\Roaming\Python\Python311\site-packages\django\template\base.py", line 958, in render_annotated
    return self.render(context)
           ^^^^^^^^^^^^^^^^^^^^
  File "C:\Users\gaabs\AppData\Roaming\Python\Python311\site-packages\django\template\loader_tags.py", line 157, in render
    return compiled_parent._render(context)
           ^^^^^^^^^^^^^^^^^^^^^^^^^^^^^^^^
  File "C:\Users\gaabs\AppData\Roaming\Python\Python311\site-packages\django\template\base.py", line 167, in _render
    return self.nodelist.render(context)
           ^^^^^^^^^^^^^^^^^^^^^^^^^^^^^
  File "C:\Users\gaabs\AppData\Roaming\Python\Python311\site-packages\django\template\base.py", line 1000, in render
    return SafeString("".join([node.render_annotated(context) for node in self]))
                              ^^^^^^^^^^^^^^^^^^^^^^^^^^^^^^^^^^^^^^^^^^^^^^^^^
  File "C:\Users\gaabs\AppData\Roaming\Python\Python311\site-packages\django\template\base.py", line 1000, in <listcomp>
    return SafeString("".join([node.render_annotated(context) for node in self]))
                               ^^^^^^^^^^^^^^^^^^^^^^^^^^^^^^
  File "C:\Users\gaabs\AppData\Roaming\Python\Python311\site-packages\django\template\base.py", line 958, in render_annotated
    return self.render(context)
           ^^^^^^^^^^^^^^^^^^^^
  File "C:\Users\gaabs\AppData\Roaming\Python\Python311\site-packages\django\template\loader_tags.py", line 63, in render
    result = block.nodelist.render(context)
             ^^^^^^^^^^^^^^^^^^^^^^^^^^^^^^
  File "C:\Users\gaabs\AppData\Roaming\Python\Python311\site-packages\django\template\base.py", line 1000, in render
    return SafeString("".join([node.render_annotated(context) for node in self]))
                              ^^^^^^^^^^^^^^^^^^^^^^^^^^^^^^^^^^^^^^^^^^^^^^^^^
  File "C:\Users\gaabs\AppData\Roaming\Python\Python311\site-packages\django\template\base.py", line 1000, in <listcomp>
    return SafeString("".join([node.render_annotated(context) for node in self]))
                               ^^^^^^^^^^^^^^^^^^^^^^^^^^^^^^
  File "C:\Users\gaabs\AppData\Roaming\Python\Python311\site-packages\django\template\base.py", line 958, in render_annotated
    return self.render(context)
           ^^^^^^^^^^^^^^^^^^^^
  File "C:\Users\gaabs\AppData\Roaming\Python\Python311\site-packages\django\template\loader_tags.py", line 63, in render
    result = block.nodelist.render(context)
             ^^^^^^^^^^^^^^^^^^^^^^^^^^^^^^
  File "C:\Users\gaabs\AppData\Roaming\Python\Python311\site-packages\django\template\base.py", line 1000, in render
    return SafeString("".join([node.render_annotated(context) for node in self]))
                              ^^^^^^^^^^^^^^^^^^^^^^^^^^^^^^^^^^^^^^^^^^^^^^^^^
  File "C:\Users\gaabs\AppData\Roaming\Python\Python311\site-packages\django\template\base.py", line 1000, in <listcomp>
    return SafeString("".join([node.render_annotated(context) for node in self]))
                               ^^^^^^^^^^^^^^^^^^^^^^^^^^^^^^
  File "C:\Users\gaabs\AppData\Roaming\Python\Python311\site-packages\django\template\base.py", line 958, in render_annotated
    return self.render(context)
           ^^^^^^^^^^^^^^^^^^^^
  File "C:\Users\gaabs\AppData\Roaming\Python\Python311\site-packages\django\template\loader_tags.py", line 197, in render
    template = context.template.engine.select_template(template_name)
               ^^^^^^^^^^^^^^^^^^^^^^^^^^^^^^^^^^^^^^^^^^^^^^^^^^^^^^
  File "C:\Users\gaabs\AppData\Roaming\Python\Python311\site-packages\django\template\engine.py", line 207, in select_template
    return self.get_template(template_name)
           ^^^^^^^^^^^^^^^^^^^^^^^^^^^^^^^^
  File "C:\Users\gaabs\AppData\Roaming\Python\Python311\site-packages\django\template\engine.py", line 176, in get_template
    template, origin = self.find_template(template_name)
                       ^^^^^^^^^^^^^^^^^^^^^^^^^^^^^^^^^
  File "C:\Users\gaabs\AppData\Roaming\Python\Python311\site-packages\django\template\engine.py", line 158, in find_template
    template = loader.get_template(name, skip=skip)
               ^^^^^^^^^^^^^^^^^^^^^^^^^^^^^^^^^^^^
  File "C:\Users\gaabs\AppData\Roaming\Python\Python311\site-packages\django\template\loaders\cached.py", line 57, in get_template
    template = super().get_template(template_name, skip)
               ^^^^^^^^^^^^^^^^^^^^^^^^^^^^^^^^^^^^^^^^^
  File "C:\Users\gaabs\AppData\Roaming\Python\Python311\site-packages\django\template\loaders\base.py", line 28, in get_template
    return Template(
           ^^^^^^^^^
  File "C:\Users\gaabs\AppData\Roaming\Python\Python311\site-packages\django\template\base.py", line 154, in __init__
    self.nodelist = self.compile_nodelist()
                    ^^^^^^^^^^^^^^^^^^^^^^^
  File "C:\Users\gaabs\AppData\Roaming\Python\Python311\site-packages\django\template\base.py", line 200, in compile_nodelist
    return parser.parse()
           ^^^^^^^^^^^^^^
  File "C:\Users\gaabs\AppData\Roaming\Python\Python311\site-packages\django\template\base.py", line 507, in parse
    self.invalid_block_tag(token, command, parse_until)
  File "C:\Users\gaabs\AppData\Roaming\Python\Python311\site-packages\django\template\base.py", line 568, in invalid_block_tag
    raise self.error(
django.template.exceptions.TemplateSyntaxError: Invalid block tag on line 73: 'endif'. Did you forget to register or load this tag?
"GET / HTTP/1.1" 500 9856
File C:\Users\gaabs\Dropbox\all_e-learing\e-learning\e_learning\templates\home_page_partials\main_header.html previous mtime: 1721726362.264845, current mtime: 1721726371.927044
C:\Users\gaabs\Dropbox\all_e-learing\e-learning\e_learning\templates\home_page_partials\main_header.html notified as changed. Signal results: [(<function template_changed at 0x0000025AE4A75260>, True), (<function translation_file_changed at 0x0000025AE5A059E0>, None)].
File C:\Users\gaabs\Dropbox\all_e-learing\e-learning\e_learning\templates\home_page_partials\main_header.html previous mtime: 1721726371.927044, current mtime: 1721726374.8477478
C:\Users\gaabs\Dropbox\all_e-learing\e-learning\e_learning\templates\home_page_partials\main_header.html notified as changed. Signal results: [(<function template_changed at 0x0000025AE4A75260>, True), (<function translation_file_changed at 0x0000025AE5A059E0>, None)].
Internal Server Error: /
Traceback (most recent call last):
  File "C:\Users\gaabs\AppData\Roaming\Python\Python311\site-packages\django\template\base.py", line 505, in parse
    compile_func = self.tags[command]
                   ~~~~~~~~~^^^^^^^^^
KeyError: 'endif'

During handling of the above exception, another exception occurred:

Traceback (most recent call last):
  File "C:\Users\gaabs\AppData\Roaming\Python\Python311\site-packages\django\core\handlers\exception.py", line 55, in inner
    response = get_response(request)
               ^^^^^^^^^^^^^^^^^^^^^
  File "C:\Users\gaabs\AppData\Roaming\Python\Python311\site-packages\django\core\handlers\base.py", line 197, in _get_response
    response = wrapped_callback(request, *callback_args, **callback_kwargs)
               ^^^^^^^^^^^^^^^^^^^^^^^^^^^^^^^^^^^^^^^^^^^^^^^^^^^^^^^^^^^^
  File "C:\Users\gaabs\Dropbox\all_e-learing\e-learning\e_learning\home_page_app\views.py", line 6, in home_view
    return render(request, "home_page_app/index.html")
           ^^^^^^^^^^^^^^^^^^^^^^^^^^^^^^^^^^^^^^^^^^^
  File "C:\Users\gaabs\AppData\Roaming\Python\Python311\site-packages\django\shortcuts.py", line 24, in render
    content = loader.render_to_string(template_name, context, request, using=using)
              ^^^^^^^^^^^^^^^^^^^^^^^^^^^^^^^^^^^^^^^^^^^^^^^^^^^^^^^^^^^^^^^^^^^^^
  File "C:\Users\gaabs\AppData\Roaming\Python\Python311\site-packages\django\template\loader.py", line 62, in render_to_string
    return template.render(context, request)
           ^^^^^^^^^^^^^^^^^^^^^^^^^^^^^^^^^
  File "C:\Users\gaabs\AppData\Roaming\Python\Python311\site-packages\django\template\backends\django.py", line 62, in render
    return self.template.render(context)
           ^^^^^^^^^^^^^^^^^^^^^^^^^^^^^
  File "C:\Users\gaabs\AppData\Roaming\Python\Python311\site-packages\django\template\base.py", line 175, in render
    return self._render(context)
           ^^^^^^^^^^^^^^^^^^^^^
  File "C:\Users\gaabs\AppData\Roaming\Python\Python311\site-packages\django\template\base.py", line 167, in _render
    return self.nodelist.render(context)
           ^^^^^^^^^^^^^^^^^^^^^^^^^^^^^
  File "C:\Users\gaabs\AppData\Roaming\Python\Python311\site-packages\django\template\base.py", line 1000, in render
    return SafeString("".join([node.render_annotated(context) for node in self]))
                              ^^^^^^^^^^^^^^^^^^^^^^^^^^^^^^^^^^^^^^^^^^^^^^^^^
  File "C:\Users\gaabs\AppData\Roaming\Python\Python311\site-packages\django\template\base.py", line 1000, in <listcomp>
    return SafeString("".join([node.render_annotated(context) for node in self]))
                               ^^^^^^^^^^^^^^^^^^^^^^^^^^^^^^
  File "C:\Users\gaabs\AppData\Roaming\Python\Python311\site-packages\django\template\base.py", line 958, in render_annotated
    return self.render(context)
           ^^^^^^^^^^^^^^^^^^^^
  File "C:\Users\gaabs\AppData\Roaming\Python\Python311\site-packages\django\template\loader_tags.py", line 157, in render
    return compiled_parent._render(context)
           ^^^^^^^^^^^^^^^^^^^^^^^^^^^^^^^^
  File "C:\Users\gaabs\AppData\Roaming\Python\Python311\site-packages\django\template\base.py", line 167, in _render
    return self.nodelist.render(context)
           ^^^^^^^^^^^^^^^^^^^^^^^^^^^^^
  File "C:\Users\gaabs\AppData\Roaming\Python\Python311\site-packages\django\template\base.py", line 1000, in render
    return SafeString("".join([node.render_annotated(context) for node in self]))
                              ^^^^^^^^^^^^^^^^^^^^^^^^^^^^^^^^^^^^^^^^^^^^^^^^^
  File "C:\Users\gaabs\AppData\Roaming\Python\Python311\site-packages\django\template\base.py", line 1000, in <listcomp>
    return SafeString("".join([node.render_annotated(context) for node in self]))
                               ^^^^^^^^^^^^^^^^^^^^^^^^^^^^^^
  File "C:\Users\gaabs\AppData\Roaming\Python\Python311\site-packages\django\template\base.py", line 958, in render_annotated
    return self.render(context)
           ^^^^^^^^^^^^^^^^^^^^
  File "C:\Users\gaabs\AppData\Roaming\Python\Python311\site-packages\django\template\loader_tags.py", line 63, in render
    result = block.nodelist.render(context)
             ^^^^^^^^^^^^^^^^^^^^^^^^^^^^^^
  File "C:\Users\gaabs\AppData\Roaming\Python\Python311\site-packages\django\template\base.py", line 1000, in render
    return SafeString("".join([node.render_annotated(context) for node in self]))
                              ^^^^^^^^^^^^^^^^^^^^^^^^^^^^^^^^^^^^^^^^^^^^^^^^^
  File "C:\Users\gaabs\AppData\Roaming\Python\Python311\site-packages\django\template\base.py", line 1000, in <listcomp>
    return SafeString("".join([node.render_annotated(context) for node in self]))
                               ^^^^^^^^^^^^^^^^^^^^^^^^^^^^^^
  File "C:\Users\gaabs\AppData\Roaming\Python\Python311\site-packages\django\template\base.py", line 958, in render_annotated
    return self.render(context)
           ^^^^^^^^^^^^^^^^^^^^
  File "C:\Users\gaabs\AppData\Roaming\Python\Python311\site-packages\django\template\loader_tags.py", line 63, in render
    result = block.nodelist.render(context)
             ^^^^^^^^^^^^^^^^^^^^^^^^^^^^^^
  File "C:\Users\gaabs\AppData\Roaming\Python\Python311\site-packages\django\template\base.py", line 1000, in render
    return SafeString("".join([node.render_annotated(context) for node in self]))
                              ^^^^^^^^^^^^^^^^^^^^^^^^^^^^^^^^^^^^^^^^^^^^^^^^^
  File "C:\Users\gaabs\AppData\Roaming\Python\Python311\site-packages\django\template\base.py", line 1000, in <listcomp>
    return SafeString("".join([node.render_annotated(context) for node in self]))
                               ^^^^^^^^^^^^^^^^^^^^^^^^^^^^^^
  File "C:\Users\gaabs\AppData\Roaming\Python\Python311\site-packages\django\template\base.py", line 958, in render_annotated
    return self.render(context)
           ^^^^^^^^^^^^^^^^^^^^
  File "C:\Users\gaabs\AppData\Roaming\Python\Python311\site-packages\django\template\loader_tags.py", line 197, in render
    template = context.template.engine.select_template(template_name)
               ^^^^^^^^^^^^^^^^^^^^^^^^^^^^^^^^^^^^^^^^^^^^^^^^^^^^^^
  File "C:\Users\gaabs\AppData\Roaming\Python\Python311\site-packages\django\template\engine.py", line 207, in select_template
    return self.get_template(template_name)
           ^^^^^^^^^^^^^^^^^^^^^^^^^^^^^^^^
  File "C:\Users\gaabs\AppData\Roaming\Python\Python311\site-packages\django\template\engine.py", line 176, in get_template
    template, origin = self.find_template(template_name)
                       ^^^^^^^^^^^^^^^^^^^^^^^^^^^^^^^^^
  File "C:\Users\gaabs\AppData\Roaming\Python\Python311\site-packages\django\template\engine.py", line 158, in find_template
    template = loader.get_template(name, skip=skip)
               ^^^^^^^^^^^^^^^^^^^^^^^^^^^^^^^^^^^^
  File "C:\Users\gaabs\AppData\Roaming\Python\Python311\site-packages\django\template\loaders\cached.py", line 57, in get_template
    template = super().get_template(template_name, skip)
               ^^^^^^^^^^^^^^^^^^^^^^^^^^^^^^^^^^^^^^^^^
  File "C:\Users\gaabs\AppData\Roaming\Python\Python311\site-packages\django\template\loaders\base.py", line 28, in get_template
    return Template(
           ^^^^^^^^^
  File "C:\Users\gaabs\AppData\Roaming\Python\Python311\site-packages\django\template\base.py", line 154, in __init__
    self.nodelist = self.compile_nodelist()
                    ^^^^^^^^^^^^^^^^^^^^^^^
  File "C:\Users\gaabs\AppData\Roaming\Python\Python311\site-packages\django\template\base.py", line 200, in compile_nodelist
    return parser.parse()
           ^^^^^^^^^^^^^^
  File "C:\Users\gaabs\AppData\Roaming\Python\Python311\site-packages\django\template\base.py", line 507, in parse
    self.invalid_block_tag(token, command, parse_until)
  File "C:\Users\gaabs\AppData\Roaming\Python\Python311\site-packages\django\template\base.py", line 568, in invalid_block_tag
    raise self.error(
django.template.exceptions.TemplateSyntaxError: Invalid block tag on line 73: 'endif'. Did you forget to register or load this tag?
"GET / HTTP/1.1" 500 9856
Internal Server Error: /
Traceback (most recent call last):
  File "C:\Users\gaabs\AppData\Roaming\Python\Python311\site-packages\django\template\base.py", line 505, in parse
    compile_func = self.tags[command]
                   ~~~~~~~~~^^^^^^^^^
KeyError: 'endif'

During handling of the above exception, another exception occurred:

Traceback (most recent call last):
  File "C:\Users\gaabs\AppData\Roaming\Python\Python311\site-packages\django\core\handlers\exception.py", line 55, in inner
    response = get_response(request)
               ^^^^^^^^^^^^^^^^^^^^^
  File "C:\Users\gaabs\AppData\Roaming\Python\Python311\site-packages\django\core\handlers\base.py", line 197, in _get_response
    response = wrapped_callback(request, *callback_args, **callback_kwargs)
               ^^^^^^^^^^^^^^^^^^^^^^^^^^^^^^^^^^^^^^^^^^^^^^^^^^^^^^^^^^^^
  File "C:\Users\gaabs\Dropbox\all_e-learing\e-learning\e_learning\home_page_app\views.py", line 6, in home_view
    return render(request, "home_page_app/index.html")
           ^^^^^^^^^^^^^^^^^^^^^^^^^^^^^^^^^^^^^^^^^^^
  File "C:\Users\gaabs\AppData\Roaming\Python\Python311\site-packages\django\shortcuts.py", line 24, in render
    content = loader.render_to_string(template_name, context, request, using=using)
              ^^^^^^^^^^^^^^^^^^^^^^^^^^^^^^^^^^^^^^^^^^^^^^^^^^^^^^^^^^^^^^^^^^^^^
  File "C:\Users\gaabs\AppData\Roaming\Python\Python311\site-packages\django\template\loader.py", line 62, in render_to_string
    return template.render(context, request)
           ^^^^^^^^^^^^^^^^^^^^^^^^^^^^^^^^^
  File "C:\Users\gaabs\AppData\Roaming\Python\Python311\site-packages\django\template\backends\django.py", line 62, in render
    return self.template.render(context)
           ^^^^^^^^^^^^^^^^^^^^^^^^^^^^^
  File "C:\Users\gaabs\AppData\Roaming\Python\Python311\site-packages\django\template\base.py", line 175, in render
    return self._render(context)
           ^^^^^^^^^^^^^^^^^^^^^
  File "C:\Users\gaabs\AppData\Roaming\Python\Python311\site-packages\django\template\base.py", line 167, in _render
    return self.nodelist.render(context)
           ^^^^^^^^^^^^^^^^^^^^^^^^^^^^^
  File "C:\Users\gaabs\AppData\Roaming\Python\Python311\site-packages\django\template\base.py", line 1000, in render
    return SafeString("".join([node.render_annotated(context) for node in self]))
                              ^^^^^^^^^^^^^^^^^^^^^^^^^^^^^^^^^^^^^^^^^^^^^^^^^
  File "C:\Users\gaabs\AppData\Roaming\Python\Python311\site-packages\django\template\base.py", line 1000, in <listcomp>
    return SafeString("".join([node.render_annotated(context) for node in self]))
                               ^^^^^^^^^^^^^^^^^^^^^^^^^^^^^^
  File "C:\Users\gaabs\AppData\Roaming\Python\Python311\site-packages\django\template\base.py", line 958, in render_annotated
    return self.render(context)
           ^^^^^^^^^^^^^^^^^^^^
  File "C:\Users\gaabs\AppData\Roaming\Python\Python311\site-packages\django\template\loader_tags.py", line 157, in render
    return compiled_parent._render(context)
           ^^^^^^^^^^^^^^^^^^^^^^^^^^^^^^^^
  File "C:\Users\gaabs\AppData\Roaming\Python\Python311\site-packages\django\template\base.py", line 167, in _render
    return self.nodelist.render(context)
           ^^^^^^^^^^^^^^^^^^^^^^^^^^^^^
  File "C:\Users\gaabs\AppData\Roaming\Python\Python311\site-packages\django\template\base.py", line 1000, in render
    return SafeString("".join([node.render_annotated(context) for node in self]))
                              ^^^^^^^^^^^^^^^^^^^^^^^^^^^^^^^^^^^^^^^^^^^^^^^^^
  File "C:\Users\gaabs\AppData\Roaming\Python\Python311\site-packages\django\template\base.py", line 1000, in <listcomp>
    return SafeString("".join([node.render_annotated(context) for node in self]))
                               ^^^^^^^^^^^^^^^^^^^^^^^^^^^^^^
  File "C:\Users\gaabs\AppData\Roaming\Python\Python311\site-packages\django\template\base.py", line 958, in render_annotated
    return self.render(context)
           ^^^^^^^^^^^^^^^^^^^^
  File "C:\Users\gaabs\AppData\Roaming\Python\Python311\site-packages\django\template\loader_tags.py", line 63, in render
    result = block.nodelist.render(context)
             ^^^^^^^^^^^^^^^^^^^^^^^^^^^^^^
  File "C:\Users\gaabs\AppData\Roaming\Python\Python311\site-packages\django\template\base.py", line 1000, in render
    return SafeString("".join([node.render_annotated(context) for node in self]))
                              ^^^^^^^^^^^^^^^^^^^^^^^^^^^^^^^^^^^^^^^^^^^^^^^^^
  File "C:\Users\gaabs\AppData\Roaming\Python\Python311\site-packages\django\template\base.py", line 1000, in <listcomp>
    return SafeString("".join([node.render_annotated(context) for node in self]))
                               ^^^^^^^^^^^^^^^^^^^^^^^^^^^^^^
  File "C:\Users\gaabs\AppData\Roaming\Python\Python311\site-packages\django\template\base.py", line 958, in render_annotated
    return self.render(context)
           ^^^^^^^^^^^^^^^^^^^^
  File "C:\Users\gaabs\AppData\Roaming\Python\Python311\site-packages\django\template\loader_tags.py", line 63, in render
    result = block.nodelist.render(context)
             ^^^^^^^^^^^^^^^^^^^^^^^^^^^^^^
  File "C:\Users\gaabs\AppData\Roaming\Python\Python311\site-packages\django\template\base.py", line 1000, in render
    return SafeString("".join([node.render_annotated(context) for node in self]))
                              ^^^^^^^^^^^^^^^^^^^^^^^^^^^^^^^^^^^^^^^^^^^^^^^^^
  File "C:\Users\gaabs\AppData\Roaming\Python\Python311\site-packages\django\template\base.py", line 1000, in <listcomp>
    return SafeString("".join([node.render_annotated(context) for node in self]))
                               ^^^^^^^^^^^^^^^^^^^^^^^^^^^^^^
  File "C:\Users\gaabs\AppData\Roaming\Python\Python311\site-packages\django\template\base.py", line 958, in render_annotated
    return self.render(context)
           ^^^^^^^^^^^^^^^^^^^^
  File "C:\Users\gaabs\AppData\Roaming\Python\Python311\site-packages\django\template\loader_tags.py", line 197, in render
    template = context.template.engine.select_template(template_name)
               ^^^^^^^^^^^^^^^^^^^^^^^^^^^^^^^^^^^^^^^^^^^^^^^^^^^^^^
  File "C:\Users\gaabs\AppData\Roaming\Python\Python311\site-packages\django\template\engine.py", line 207, in select_template
    return self.get_template(template_name)
           ^^^^^^^^^^^^^^^^^^^^^^^^^^^^^^^^
  File "C:\Users\gaabs\AppData\Roaming\Python\Python311\site-packages\django\template\engine.py", line 176, in get_template
    template, origin = self.find_template(template_name)
                       ^^^^^^^^^^^^^^^^^^^^^^^^^^^^^^^^^
  File "C:\Users\gaabs\AppData\Roaming\Python\Python311\site-packages\django\template\engine.py", line 158, in find_template
    template = loader.get_template(name, skip=skip)
               ^^^^^^^^^^^^^^^^^^^^^^^^^^^^^^^^^^^^
  File "C:\Users\gaabs\AppData\Roaming\Python\Python311\site-packages\django\template\loaders\cached.py", line 57, in get_template
    template = super().get_template(template_name, skip)
               ^^^^^^^^^^^^^^^^^^^^^^^^^^^^^^^^^^^^^^^^^
  File "C:\Users\gaabs\AppData\Roaming\Python\Python311\site-packages\django\template\loaders\base.py", line 28, in get_template
    return Template(
           ^^^^^^^^^
  File "C:\Users\gaabs\AppData\Roaming\Python\Python311\site-packages\django\template\base.py", line 154, in __init__
    self.nodelist = self.compile_nodelist()
                    ^^^^^^^^^^^^^^^^^^^^^^^
  File "C:\Users\gaabs\AppData\Roaming\Python\Python311\site-packages\django\template\base.py", line 200, in compile_nodelist
    return parser.parse()
           ^^^^^^^^^^^^^^
  File "C:\Users\gaabs\AppData\Roaming\Python\Python311\site-packages\django\template\base.py", line 507, in parse
    self.invalid_block_tag(token, command, parse_until)
  File "C:\Users\gaabs\AppData\Roaming\Python\Python311\site-packages\django\template\base.py", line 568, in invalid_block_tag
    raise self.error(
django.template.exceptions.TemplateSyntaxError: Invalid block tag on line 73: 'endif'. Did you forget to register or load this tag?
"GET / HTTP/1.1" 500 9856
- Broken pipe from ('127.0.0.1', 49632)

"GET /static/home_page_app/css/vendor/edumall-icon.cea6a8519d8a.css HTTP/1.1" 200 662
"GET /static/home_page_app/js/vendor/jquery-migrate-3.3.2.min.79b4956b7ec4.js HTTP/1.1" 200 4165
"GET /static/home_page_app/js/plugins/aos.a01f9089e830.js HTTP/1.1" 200 4500
"GET /static/home_page_app/js/plugins/masonry.pkgd.min.520e46df7772.js HTTP/1.1" 200 7349
File C:\Users\gaabs\Dropbox\all_e-learing\e-learning\e_learning\templates\home_page_partials\main_header.html previous mtime: 1721726374.8477478, current mtime: 1721726490.335591
C:\Users\gaabs\Dropbox\all_e-learing\e-learning\e_learning\templates\home_page_partials\main_header.html notified as changed. Signal results: [(<function template_changed at 0x0000025AE4A75260>, True), (<function translation_file_changed at 0x0000025AE5A059E0>, None)].
File C:\Users\gaabs\Dropbox\all_e-learing\e-learning\e_learning\templates\home_page_partials\main_header.html previous mtime: 1721726490.335591, current mtime: 1721726494.320271
C:\Users\gaabs\Dropbox\all_e-learing\e-learning\e_learning\templates\home_page_partials\main_header.html notified as changed. Signal results: [(<function template_changed at 0x0000025AE4A75260>, True), (<function translation_file_changed at 0x0000025AE5A059E0>, None)].
Internal Server Error: /
Traceback (most recent call last):
  File "C:\Users\gaabs\AppData\Roaming\Python\Python311\site-packages\django\template\base.py", line 505, in parse
    compile_func = self.tags[command]
                   ~~~~~~~~~^^^^^^^^^
KeyError: 'endif'

During handling of the above exception, another exception occurred:

Traceback (most recent call last):
  File "C:\Users\gaabs\AppData\Roaming\Python\Python311\site-packages\django\core\handlers\exception.py", line 55, in inner
    response = get_response(request)
               ^^^^^^^^^^^^^^^^^^^^^
  File "C:\Users\gaabs\AppData\Roaming\Python\Python311\site-packages\django\core\handlers\base.py", line 197, in _get_response
    response = wrapped_callback(request, *callback_args, **callback_kwargs)
               ^^^^^^^^^^^^^^^^^^^^^^^^^^^^^^^^^^^^^^^^^^^^^^^^^^^^^^^^^^^^
  File "C:\Users\gaabs\Dropbox\all_e-learing\e-learning\e_learning\home_page_app\views.py", line 6, in home_view
    return render(request, "home_page_app/index.html")
           ^^^^^^^^^^^^^^^^^^^^^^^^^^^^^^^^^^^^^^^^^^^
  File "C:\Users\gaabs\AppData\Roaming\Python\Python311\site-packages\django\shortcuts.py", line 24, in render
    content = loader.render_to_string(template_name, context, request, using=using)
              ^^^^^^^^^^^^^^^^^^^^^^^^^^^^^^^^^^^^^^^^^^^^^^^^^^^^^^^^^^^^^^^^^^^^^
  File "C:\Users\gaabs\AppData\Roaming\Python\Python311\site-packages\django\template\loader.py", line 62, in render_to_string
    return template.render(context, request)
           ^^^^^^^^^^^^^^^^^^^^^^^^^^^^^^^^^
  File "C:\Users\gaabs\AppData\Roaming\Python\Python311\site-packages\django\template\backends\django.py", line 62, in render
    return self.template.render(context)
           ^^^^^^^^^^^^^^^^^^^^^^^^^^^^^
  File "C:\Users\gaabs\AppData\Roaming\Python\Python311\site-packages\django\template\base.py", line 175, in render
    return self._render(context)
           ^^^^^^^^^^^^^^^^^^^^^
  File "C:\Users\gaabs\AppData\Roaming\Python\Python311\site-packages\django\template\base.py", line 167, in _render
    return self.nodelist.render(context)
           ^^^^^^^^^^^^^^^^^^^^^^^^^^^^^
  File "C:\Users\gaabs\AppData\Roaming\Python\Python311\site-packages\django\template\base.py", line 1000, in render
    return SafeString("".join([node.render_annotated(context) for node in self]))
                              ^^^^^^^^^^^^^^^^^^^^^^^^^^^^^^^^^^^^^^^^^^^^^^^^^
  File "C:\Users\gaabs\AppData\Roaming\Python\Python311\site-packages\django\template\base.py", line 1000, in <listcomp>
    return SafeString("".join([node.render_annotated(context) for node in self]))
                               ^^^^^^^^^^^^^^^^^^^^^^^^^^^^^^
  File "C:\Users\gaabs\AppData\Roaming\Python\Python311\site-packages\django\template\base.py", line 958, in render_annotated
    return self.render(context)
           ^^^^^^^^^^^^^^^^^^^^
  File "C:\Users\gaabs\AppData\Roaming\Python\Python311\site-packages\django\template\loader_tags.py", line 157, in render
    return compiled_parent._render(context)
           ^^^^^^^^^^^^^^^^^^^^^^^^^^^^^^^^
  File "C:\Users\gaabs\AppData\Roaming\Python\Python311\site-packages\django\template\base.py", line 167, in _render
    return self.nodelist.render(context)
           ^^^^^^^^^^^^^^^^^^^^^^^^^^^^^
  File "C:\Users\gaabs\AppData\Roaming\Python\Python311\site-packages\django\template\base.py", line 1000, in render
    return SafeString("".join([node.render_annotated(context) for node in self]))
                              ^^^^^^^^^^^^^^^^^^^^^^^^^^^^^^^^^^^^^^^^^^^^^^^^^
  File "C:\Users\gaabs\AppData\Roaming\Python\Python311\site-packages\django\template\base.py", line 1000, in <listcomp>
    return SafeString("".join([node.render_annotated(context) for node in self]))
                               ^^^^^^^^^^^^^^^^^^^^^^^^^^^^^^
  File "C:\Users\gaabs\AppData\Roaming\Python\Python311\site-packages\django\template\base.py", line 958, in render_annotated
    return self.render(context)
           ^^^^^^^^^^^^^^^^^^^^
  File "C:\Users\gaabs\AppData\Roaming\Python\Python311\site-packages\django\template\loader_tags.py", line 63, in render
    result = block.nodelist.render(context)
             ^^^^^^^^^^^^^^^^^^^^^^^^^^^^^^
  File "C:\Users\gaabs\AppData\Roaming\Python\Python311\site-packages\django\template\base.py", line 1000, in render
    return SafeString("".join([node.render_annotated(context) for node in self]))
                              ^^^^^^^^^^^^^^^^^^^^^^^^^^^^^^^^^^^^^^^^^^^^^^^^^
  File "C:\Users\gaabs\AppData\Roaming\Python\Python311\site-packages\django\template\base.py", line 1000, in <listcomp>
    return SafeString("".join([node.render_annotated(context) for node in self]))
                               ^^^^^^^^^^^^^^^^^^^^^^^^^^^^^^
  File "C:\Users\gaabs\AppData\Roaming\Python\Python311\site-packages\django\template\base.py", line 958, in render_annotated
    return self.render(context)
           ^^^^^^^^^^^^^^^^^^^^
  File "C:\Users\gaabs\AppData\Roaming\Python\Python311\site-packages\django\template\loader_tags.py", line 63, in render
    result = block.nodelist.render(context)
             ^^^^^^^^^^^^^^^^^^^^^^^^^^^^^^
  File "C:\Users\gaabs\AppData\Roaming\Python\Python311\site-packages\django\template\base.py", line 1000, in render
    return SafeString("".join([node.render_annotated(context) for node in self]))
                              ^^^^^^^^^^^^^^^^^^^^^^^^^^^^^^^^^^^^^^^^^^^^^^^^^
  File "C:\Users\gaabs\AppData\Roaming\Python\Python311\site-packages\django\template\base.py", line 1000, in <listcomp>
    return SafeString("".join([node.render_annotated(context) for node in self]))
                               ^^^^^^^^^^^^^^^^^^^^^^^^^^^^^^
  File "C:\Users\gaabs\AppData\Roaming\Python\Python311\site-packages\django\template\base.py", line 958, in render_annotated
    return self.render(context)
           ^^^^^^^^^^^^^^^^^^^^
  File "C:\Users\gaabs\AppData\Roaming\Python\Python311\site-packages\django\template\loader_tags.py", line 197, in render
    template = context.template.engine.select_template(template_name)
               ^^^^^^^^^^^^^^^^^^^^^^^^^^^^^^^^^^^^^^^^^^^^^^^^^^^^^^
  File "C:\Users\gaabs\AppData\Roaming\Python\Python311\site-packages\django\template\engine.py", line 207, in select_template
    return self.get_template(template_name)
           ^^^^^^^^^^^^^^^^^^^^^^^^^^^^^^^^
  File "C:\Users\gaabs\AppData\Roaming\Python\Python311\site-packages\django\template\engine.py", line 176, in get_template
    template, origin = self.find_template(template_name)
                       ^^^^^^^^^^^^^^^^^^^^^^^^^^^^^^^^^
  File "C:\Users\gaabs\AppData\Roaming\Python\Python311\site-packages\django\template\engine.py", line 158, in find_template
    template = loader.get_template(name, skip=skip)
               ^^^^^^^^^^^^^^^^^^^^^^^^^^^^^^^^^^^^
  File "C:\Users\gaabs\AppData\Roaming\Python\Python311\site-packages\django\template\loaders\cached.py", line 57, in get_template
    template = super().get_template(template_name, skip)
               ^^^^^^^^^^^^^^^^^^^^^^^^^^^^^^^^^^^^^^^^^
  File "C:\Users\gaabs\AppData\Roaming\Python\Python311\site-packages\django\template\loaders\base.py", line 28, in get_template
    return Template(
           ^^^^^^^^^
  File "C:\Users\gaabs\AppData\Roaming\Python\Python311\site-packages\django\template\base.py", line 154, in __init__
    self.nodelist = self.compile_nodelist()
                    ^^^^^^^^^^^^^^^^^^^^^^^
  File "C:\Users\gaabs\AppData\Roaming\Python\Python311\site-packages\django\template\base.py", line 200, in compile_nodelist
    return parser.parse()
           ^^^^^^^^^^^^^^
  File "C:\Users\gaabs\AppData\Roaming\Python\Python311\site-packages\django\template\base.py", line 507, in parse
    self.invalid_block_tag(token, command, parse_until)
  File "C:\Users\gaabs\AppData\Roaming\Python\Python311\site-packages\django\template\base.py", line 568, in invalid_block_tag
    raise self.error(
django.template.exceptions.TemplateSyntaxError: Invalid block tag on line 73: 'endif'. Did you forget to register or load this tag?
"GET / HTTP/1.1" 500 9856
File C:\Users\gaabs\Dropbox\all_e-learing\e-learning\e_learning\templates\home_page_partials\offcanvas.html previous mtime: 1721724848.100381, current mtime: 1721726510.1363347
C:\Users\gaabs\Dropbox\all_e-learing\e-learning\e_learning\templates\home_page_partials\offcanvas.html notified as changed. Signal results: [(<function template_changed at 0x0000025AE4A75260>, True), (<function translation_file_changed at 0x0000025AE5A059E0>, None)].
File C:\Users\gaabs\Dropbox\all_e-learing\e-learning\e_learning\templates\home_page_partials\offcanvas.html previous mtime: 1721726510.1363347, current mtime: 1721726512.4669363
C:\Users\gaabs\Dropbox\all_e-learing\e-learning\e_learning\templates\home_page_partials\offcanvas.html notified as changed. Signal results: [(<function template_changed at 0x0000025AE4A75260>, True), (<function translation_file_changed at 0x0000025AE5A059E0>, None)].
File C:\Users\gaabs\Dropbox\all_e-learing\e-learning\e_learning\templates\home_page_partials\main_header.html previous mtime: 1721726494.320271, current mtime: 1721726520.6621609
C:\Users\gaabs\Dropbox\all_e-learing\e-learning\e_learning\templates\home_page_partials\main_header.html notified as changed. Signal results: [(<function template_changed at 0x0000025AE4A75260>, True), (<function translation_file_changed at 0x0000025AE5A059E0>, None)].
File C:\Users\gaabs\Dropbox\all_e-learing\e-learning\e_learning\templates\home_page_partials\main_header.html previous mtime: 1721726520.6621609, current mtime: 1721726522.745628
C:\Users\gaabs\Dropbox\all_e-learing\e-learning\e_learning\templates\home_page_partials\main_header.html notified as changed. Signal results: [(<function template_changed at 0x0000025AE4A75260>, True), (<function translation_file_changed at 0x0000025AE5A059E0>, None)].
File C:\Users\gaabs\Dropbox\all_e-learing\e-learning\e_learning\templates\home_page_partials\main_header.html previous mtime: 1721726522.745628, current mtime: 1721726528.2330656
C:\Users\gaabs\Dropbox\all_e-learing\e-learning\e_learning\templates\home_page_partials\main_header.html notified as changed. Signal results: [(<function template_changed at 0x0000025AE4A75260>, True), (<function translation_file_changed at 0x0000025AE5A059E0>, None)].
File C:\Users\gaabs\Dropbox\all_e-learing\e-learning\e_learning\templates\home_page_partials\main_header.html previous mtime: 1721726528.2330656, current mtime: 1721726536.35364
C:\Users\gaabs\Dropbox\all_e-learing\e-learning\e_learning\templates\home_page_partials\main_header.html notified as changed. Signal results: [(<function template_changed at 0x0000025AE4A75260>, True), (<function translation_file_changed at 0x0000025AE5A059E0>, None)].
File C:\Users\gaabs\Dropbox\all_e-learing\e-learning\e_learning\templates\home_page_partials\offcanvas.html previous mtime: 1721726512.4669363, current mtime: 1721726542.765834
C:\Users\gaabs\Dropbox\all_e-learing\e-learning\e_learning\templates\home_page_partials\offcanvas.html notified as changed. Signal results: [(<function template_changed at 0x0000025AE4A75260>, True), (<function translation_file_changed at 0x0000025AE5A059E0>, None)].
File C:\Users\gaabs\Dropbox\all_e-learing\e-learning\e_learning\templates\home_page_partials\offcanvas.html previous mtime: 1721726542.765834, current mtime: 1721726545.3002734
C:\Users\gaabs\Dropbox\all_e-learing\e-learning\e_learning\templates\home_page_partials\offcanvas.html notified as changed. Signal results: [(<function template_changed at 0x0000025AE4A75260>, True), (<function translation_file_changed at 0x0000025AE5A059E0>, None)].
File C:\Users\gaabs\Dropbox\all_e-learing\e-learning\e_learning\templates\home_page_partials\main_header.html previous mtime: 1721726536.35364, current mtime: 1721726559.800675
C:\Users\gaabs\Dropbox\all_e-learing\e-learning\e_learning\templates\home_page_partials\main_header.html notified as changed. Signal results: [(<function template_changed at 0x0000025AE4A75260>, True), (<function translation_file_changed at 0x0000025AE5A059E0>, None)].
File C:\Users\gaabs\Dropbox\all_e-learing\e-learning\e_learning\templates\home_page_partials\main_header.html previous mtime: 1721726559.800675, current mtime: 1721726563.9024127
C:\Users\gaabs\Dropbox\all_e-learing\e-learning\e_learning\templates\home_page_partials\main_header.html notified as changed. Signal results: [(<function template_changed at 0x0000025AE4A75260>, True), (<function translation_file_changed at 0x0000025AE5A059E0>, None)].
File C:\Users\gaabs\Dropbox\all_e-learing\e-learning\e_learning\templates\home_page_partials\main_header.html previous mtime: 1721726563.9024127, current mtime: 1721726567.4357214
C:\Users\gaabs\Dropbox\all_e-learing\e-learning\e_learning\templates\home_page_partials\main_header.html notified as changed. Signal results: [(<function template_changed at 0x0000025AE4A75260>, True), (<function translation_file_changed at 0x0000025AE5A059E0>, None)].
"GET / HTTP/1.1" 200 203525
"GET /static/home_page_app/images/courses/courses-15.b980857fc3e5.jpg HTTP/1.1" 200 19975
- Broken pipe from ('127.0.0.1', 49811)

- Broken pipe from ('127.0.0.1', 49871)

- Broken pipe from ('127.0.0.1', 49872)

"GET /static/home_page_app/images/courses/courses-18.1628fbb4fb9c.jpg HTTP/1.1" 200 11359
- Broken pipe from ('127.0.0.1', 49873)

- Broken pipe from ('127.0.0.1', 49874)

"GET /static/home_page_app/images/courses/courses-20.9053d0858392.jpg HTTP/1.1" 200 16080
- Broken pipe from ('127.0.0.1', 49875)

- Broken pipe from ('127.0.0.1', 49876)

- Broken pipe from ('127.0.0.1', 49877)

- Broken pipe from ('127.0.0.1', 49879)

- Broken pipe from ('127.0.0.1', 49878)

- Broken pipe from ('127.0.0.1', 49880)

File C:\Users\gaabs\Dropbox\all_e-learing\e-learning\e_learning\templates\home_page_partials\main_header.html previous mtime: 1721726567.4357214, current mtime: 1721726582.1602697
C:\Users\gaabs\Dropbox\all_e-learing\e-learning\e_learning\templates\home_page_partials\main_header.html notified as changed. Signal results: [(<function template_changed at 0x0000025AE4A75260>, True), (<function translation_file_changed at 0x0000025AE5A059E0>, None)].
"GET / HTTP/1.1" 200 198420
File C:\Users\gaabs\Dropbox\all_e-learing\e-learning\e_learning\templates\home_page_partials\main_header.html previous mtime: 1721726582.1602697, current mtime: 1721726602.4237742
C:\Users\gaabs\Dropbox\all_e-learing\e-learning\e_learning\templates\home_page_partials\main_header.html notified as changed. Signal results: [(<function template_changed at 0x0000025AE4A75260>, True), (<function translation_file_changed at 0x0000025AE5A059E0>, None)].
File C:\Users\gaabs\Dropbox\all_e-learing\e-learning\e_learning\templates\home_page_partials\main_header.html previous mtime: 1721726602.4237742, current mtime: 1721726606.8572571
C:\Users\gaabs\Dropbox\all_e-learing\e-learning\e_learning\templates\home_page_partials\main_header.html notified as changed. Signal results: [(<function template_changed at 0x0000025AE4A75260>, True), (<function translation_file_changed at 0x0000025AE5A059E0>, None)].
"GET / HTTP/1.1" 200 198421
File C:\Users\gaabs\Dropbox\all_e-learing\e-learning\e_learning\templates\home_page_partials\main_header.html previous mtime: 1721726606.8572571, current mtime: 1721726627.772701
C:\Users\gaabs\Dropbox\all_e-learing\e-learning\e_learning\templates\home_page_partials\main_header.html notified as changed. Signal results: [(<function template_changed at 0x0000025AE4A75260>, True), (<function translation_file_changed at 0x0000025AE5A059E0>, None)].
File C:\Users\gaabs\Dropbox\all_e-learing\e-learning\e_learning\templates\home_page_partials\main_header.html previous mtime: 1721726627.772701, current mtime: 1721726631.625324
C:\Users\gaabs\Dropbox\all_e-learing\e-learning\e_learning\templates\home_page_partials\main_header.html notified as changed. Signal results: [(<function template_changed at 0x0000025AE4A75260>, True), (<function translation_file_changed at 0x0000025AE5A059E0>, None)].
File C:\Users\gaabs\Dropbox\all_e-learing\e-learning\e_learning\templates\home_page_partials\main_header.html previous mtime: 1721726631.625324, current mtime: 1721726703.2989058
C:\Users\gaabs\Dropbox\all_e-learing\e-learning\e_learning\templates\home_page_partials\main_header.html notified as changed. Signal results: [(<function template_changed at 0x0000025AE4A75260>, True), (<function translation_file_changed at 0x0000025AE5A059E0>, None)].
File C:\Users\gaabs\Dropbox\all_e-learing\e-learning\e_learning\templates\home_page_partials\main_header.html previous mtime: 1721726703.2989058, current mtime: 1721726707.7967803
C:\Users\gaabs\Dropbox\all_e-learing\e-learning\e_learning\templates\home_page_partials\main_header.html notified as changed. Signal results: [(<function template_changed at 0x0000025AE4A75260>, True), (<function translation_file_changed at 0x0000025AE5A059E0>, None)].
File C:\Users\gaabs\Dropbox\all_e-learing\e-learning\e_learning\templates\home_page_partials\main_header.html previous mtime: 1721726707.7967803, current mtime: 1721727073.737717
C:\Users\gaabs\Dropbox\all_e-learing\e-learning\e_learning\templates\home_page_partials\main_header.html notified as changed. Signal results: [(<function template_changed at 0x0000025AE4A75260>, True), (<function translation_file_changed at 0x0000025AE5A059E0>, None)].
File C:\Users\gaabs\Dropbox\all_e-learing\e-learning\e_learning\templates\home_page_partials\main_header.html previous mtime: 1721727073.737717, current mtime: 1721727092.372916
C:\Users\gaabs\Dropbox\all_e-learing\e-learning\e_learning\templates\home_page_partials\main_header.html notified as changed. Signal results: [(<function template_changed at 0x0000025AE4A75260>, True), (<function translation_file_changed at 0x0000025AE5A059E0>, None)].
"GET / HTTP/1.1" 200 203435
File C:\Users\gaabs\Dropbox\all_e-learing\e-learning\e_learning\templates\home_page_partials\main_header.html previous mtime: 1721727092.372916, current mtime: 1721727114.1180296
C:\Users\gaabs\Dropbox\all_e-learing\e-learning\e_learning\templates\home_page_partials\main_header.html notified as changed. Signal results: [(<function template_changed at 0x0000025AE4A75260>, True), (<function translation_file_changed at 0x0000025AE5A059E0>, None)].
File C:\Users\gaabs\Dropbox\all_e-learing\e-learning\e_learning\templates\home_page_partials\main_header.html previous mtime: 1721727114.1180296, current mtime: 1721727115.4876986
C:\Users\gaabs\Dropbox\all_e-learing\e-learning\e_learning\templates\home_page_partials\main_header.html notified as changed. Signal results: [(<function template_changed at 0x0000025AE4A75260>, True), (<function translation_file_changed at 0x0000025AE5A059E0>, None)].
File C:\Users\gaabs\Dropbox\all_e-learing\e-learning\e_learning\templates\home_page_partials\main_header.html previous mtime: 1721727115.4876986, current mtime: 1721727170.3967285
C:\Users\gaabs\Dropbox\all_e-learing\e-learning\e_learning\templates\home_page_partials\main_header.html notified as changed. Signal results: [(<function template_changed at 0x0000025AE4A75260>, True), (<function translation_file_changed at 0x0000025AE5A059E0>, None)].
File C:\Users\gaabs\Dropbox\all_e-learing\e-learning\e_learning\templates\home_page_partials\main_header.html previous mtime: 1721727170.3967285, current mtime: 1721727173.3638704
C:\Users\gaabs\Dropbox\all_e-learing\e-learning\e_learning\templates\home_page_partials\main_header.html notified as changed. Signal results: [(<function template_changed at 0x0000025AE4A75260>, True), (<function translation_file_changed at 0x0000025AE5A059E0>, None)].
File C:\Users\gaabs\Dropbox\all_e-learing\e-learning\e_learning\templates\home_page_partials\main_header.html previous mtime: 1721727173.3638704, current mtime: 1721727177.6240354
C:\Users\gaabs\Dropbox\all_e-learing\e-learning\e_learning\templates\home_page_partials\main_header.html notified as changed. Signal results: [(<function template_changed at 0x0000025AE4A75260>, True), (<function translation_file_changed at 0x0000025AE5A059E0>, None)].
File C:\Users\gaabs\Dropbox\all_e-learing\e-learning\e_learning\templates\home_page_partials\main_header.html previous mtime: 1721727177.6240354, current mtime: 1721727179.723604
C:\Users\gaabs\Dropbox\all_e-learing\e-learning\e_learning\templates\home_page_partials\main_header.html notified as changed. Signal results: [(<function template_changed at 0x0000025AE4A75260>, True), (<function translation_file_changed at 0x0000025AE5A059E0>, None)].
"GET / HTTP/1.1" 200 198395
File C:\Users\gaabs\Dropbox\all_e-learing\e-learning\e_learning\templates\home_page_partials\main_header.html previous mtime: 1721727179.723604, current mtime: 1721727188.5380886
C:\Users\gaabs\Dropbox\all_e-learing\e-learning\e_learning\templates\home_page_partials\main_header.html notified as changed. Signal results: [(<function template_changed at 0x0000025AE4A75260>, True), (<function translation_file_changed at 0x0000025AE5A059E0>, None)].
File C:\Users\gaabs\Dropbox\all_e-learing\e-learning\e_learning\templates\home_page_partials\main_header.html previous mtime: 1721727188.5380886, current mtime: 1721727190.9874072
C:\Users\gaabs\Dropbox\all_e-learing\e-learning\e_learning\templates\home_page_partials\main_header.html notified as changed. Signal results: [(<function template_changed at 0x0000025AE4A75260>, True), (<function translation_file_changed at 0x0000025AE5A059E0>, None)].
"GET / HTTP/1.1" 200 203435
File C:\Users\gaabs\Dropbox\all_e-learing\e-learning\e_learning\templates\home_page_partials\offcanvas.html previous mtime: 1721726545.3002734, current mtime: 1721729206.1863735
C:\Users\gaabs\Dropbox\all_e-learing\e-learning\e_learning\templates\home_page_partials\offcanvas.html notified as changed. Signal results: [(<function template_changed at 0x0000025AE4A75260>, True), (<function translation_file_changed at 0x0000025AE5A059E0>, None)].
File C:\Users\gaabs\Dropbox\all_e-learing\e-learning\e_learning\templates\home_page_partials\offcanvas.html previous mtime: 1721729206.1863735, current mtime: 1721729213.7728918
C:\Users\gaabs\Dropbox\all_e-learing\e-learning\e_learning\templates\home_page_partials\offcanvas.html notified as changed. Signal results: [(<function template_changed at 0x0000025AE4A75260>, True), (<function translation_file_changed at 0x0000025AE5A059E0>, None)].
File C:\Users\gaabs\Dropbox\all_e-learing\e-learning\e_learning\templates\home_page_partials\offcanvas.html previous mtime: 1721729213.7728918, current mtime: 1721729224.611084
C:\Users\gaabs\Dropbox\all_e-learing\e-learning\e_learning\templates\home_page_partials\offcanvas.html notified as changed. Signal results: [(<function template_changed at 0x0000025AE4A75260>, True), (<function translation_file_changed at 0x0000025AE5A059E0>, None)].
File C:\Users\gaabs\Dropbox\all_e-learing\e-learning\e_learning\templates\home_page_partials\offcanvas.html previous mtime: 1721729224.611084, current mtime: 1721729244.034707
C:\Users\gaabs\Dropbox\all_e-learing\e-learning\e_learning\templates\home_page_partials\offcanvas.html notified as changed. Signal results: [(<function template_changed at 0x0000025AE4A75260>, True), (<function translation_file_changed at 0x0000025AE5A059E0>, None)].
"GET / HTTP/1.1" 200 203205
"GET /static/home_page_app/js/plugins/range-slider.e23000dd7626.js HTTP/1.1" 200 503
File C:\Users\gaabs\Dropbox\all_e-learing\e-learning\e_learning\templates\home_page_partials\offcanvas.html previous mtime: 1721729244.034707, current mtime: 1721729318.6892512
C:\Users\gaabs\Dropbox\all_e-learing\e-learning\e_learning\templates\home_page_partials\offcanvas.html notified as changed. Signal results: [(<function template_changed at 0x0000025AE4A75260>, True), (<function translation_file_changed at 0x0000025AE5A059E0>, None)].
File C:\Users\gaabs\Dropbox\all_e-learing\e-learning\e_learning\templates\home_page_partials\offcanvas.html previous mtime: 1721729318.6892512, current mtime: 1721729322.2117622
C:\Users\gaabs\Dropbox\all_e-learing\e-learning\e_learning\templates\home_page_partials\offcanvas.html notified as changed. Signal results: [(<function template_changed at 0x0000025AE4A75260>, True), (<function translation_file_changed at 0x0000025AE5A059E0>, None)].
File C:\Users\gaabs\Dropbox\all_e-learing\e-learning\e_learning\templates\home_page_partials\offcanvas.html previous mtime: 1721729322.2117622, current mtime: 1721729326.0395536
C:\Users\gaabs\Dropbox\all_e-learing\e-learning\e_learning\templates\home_page_partials\offcanvas.html notified as changed. Signal results: [(<function template_changed at 0x0000025AE4A75260>, True), (<function translation_file_changed at 0x0000025AE5A059E0>, None)].
File C:\Users\gaabs\Dropbox\all_e-learing\e-learning\e_learning\templates\home_page_partials\offcanvas.html previous mtime: 1721729326.0395536, current mtime: 1721729328.4165297
C:\Users\gaabs\Dropbox\all_e-learing\e-learning\e_learning\templates\home_page_partials\offcanvas.html notified as changed. Signal results: [(<function template_changed at 0x0000025AE4A75260>, True), (<function translation_file_changed at 0x0000025AE5A059E0>, None)].
File C:\Users\gaabs\Dropbox\all_e-learing\e-learning\e_learning\templates\home_page_partials\offcanvas.html previous mtime: 1721729328.4165297, current mtime: 1721729339.4027543
C:\Users\gaabs\Dropbox\all_e-learing\e-learning\e_learning\templates\home_page_partials\offcanvas.html notified as changed. Signal results: [(<function template_changed at 0x0000025AE4A75260>, True), (<function translation_file_changed at 0x0000025AE5A059E0>, None)].
File C:\Users\gaabs\Dropbox\all_e-learing\e-learning\e_learning\templates\home_page_partials\offcanvas.html previous mtime: 1721729339.4027543, current mtime: 1721729341.6793208
C:\Users\gaabs\Dropbox\all_e-learing\e-learning\e_learning\templates\home_page_partials\offcanvas.html notified as changed. Signal results: [(<function template_changed at 0x0000025AE4A75260>, True), (<function translation_file_changed at 0x0000025AE5A059E0>, None)].
File C:\Users\gaabs\Dropbox\all_e-learing\e-learning\e_learning\templates\home_page_partials\offcanvas.html previous mtime: 1721729341.6793208, current mtime: 1721729346.3602345
C:\Users\gaabs\Dropbox\all_e-learing\e-learning\e_learning\templates\home_page_partials\offcanvas.html notified as changed. Signal results: [(<function template_changed at 0x0000025AE4A75260>, True), (<function translation_file_changed at 0x0000025AE5A059E0>, None)].
File C:\Users\gaabs\Dropbox\all_e-learing\e-learning\e_learning\templates\home_page_partials\offcanvas.html previous mtime: 1721729346.3602345, current mtime: 1721729348.6113284
C:\Users\gaabs\Dropbox\all_e-learing\e-learning\e_learning\templates\home_page_partials\offcanvas.html notified as changed. Signal results: [(<function template_changed at 0x0000025AE4A75260>, True), (<function translation_file_changed at 0x0000025AE5A059E0>, None)].
"GET / HTTP/1.1" 200 202761
"GET /student_dasbhoard/1/ HTTP/1.1" 200 15959
"GET /static/home_page_app/images/canvas-menu-image.d9a99ed5f8e7.png HTTP/1.1" 200 68731
"GET /static/home_page_app/fonts/edumi/Edumalldb55.84b677e97222.ttf?9ajmsy HTTP/1.1" 200 5150
File C:\Users\gaabs\Dropbox\all_e-learing\e-learning\e_learning\templates\home_page_partials\offcanvas.html previous mtime: 1721729348.6113284, current mtime: 1721729434.4116745
C:\Users\gaabs\Dropbox\all_e-learing\e-learning\e_learning\templates\home_page_partials\offcanvas.html notified as changed. Signal results: [(<function template_changed at 0x0000025AE4A75260>, True), (<function translation_file_changed at 0x0000025AE5A059E0>, None)].
File C:\Users\gaabs\Dropbox\all_e-learing\e-learning\e_learning\templates\home_page_partials\offcanvas.html previous mtime: 1721729434.4116745, current mtime: 1721729437.0887709
C:\Users\gaabs\Dropbox\all_e-learing\e-learning\e_learning\templates\home_page_partials\offcanvas.html notified as changed. Signal results: [(<function template_changed at 0x0000025AE4A75260>, True), (<function translation_file_changed at 0x0000025AE5A059E0>, None)].
File C:\Users\gaabs\Dropbox\all_e-learing\e-learning\e_learning\templates\home_page_partials\offcanvas.html previous mtime: 1721729437.0887709, current mtime: 1721729440.68372
C:\Users\gaabs\Dropbox\all_e-learing\e-learning\e_learning\templates\home_page_partials\offcanvas.html notified as changed. Signal results: [(<function template_changed at 0x0000025AE4A75260>, True), (<function translation_file_changed at 0x0000025AE5A059E0>, None)].
File C:\Users\gaabs\Dropbox\all_e-learing\e-learning\e_learning\templates\home_page_partials\offcanvas.html previous mtime: 1721729440.68372, current mtime: 1721729443.281277
C:\Users\gaabs\Dropbox\all_e-learing\e-learning\e_learning\templates\home_page_partials\offcanvas.html notified as changed. Signal results: [(<function template_changed at 0x0000025AE4A75260>, True), (<function translation_file_changed at 0x0000025AE5A059E0>, None)].
File C:\Users\gaabs\Dropbox\all_e-learing\e-learning\e_learning\templates\home_page_partials\offcanvas.html previous mtime: 1721729443.281277, current mtime: 1721729445.6123652
C:\Users\gaabs\Dropbox\all_e-learing\e-learning\e_learning\templates\home_page_partials\offcanvas.html notified as changed. Signal results: [(<function template_changed at 0x0000025AE4A75260>, True), (<function translation_file_changed at 0x0000025AE5A059E0>, None)].
File C:\Users\gaabs\Dropbox\all_e-learing\e-learning\e_learning\templates\home_page_partials\offcanvas.html previous mtime: 1721729445.6123652, current mtime: 1721729600.6570659
C:\Users\gaabs\Dropbox\all_e-learing\e-learning\e_learning\templates\home_page_partials\offcanvas.html notified as changed. Signal results: [(<function template_changed at 0x0000025AE4A75260>, True), (<function translation_file_changed at 0x0000025AE5A059E0>, None)].
File C:\Users\gaabs\Dropbox\all_e-learing\e-learning\e_learning\templates\home_page_partials\offcanvas.html previous mtime: 1721729600.6570659, current mtime: 1721729607.7750099
C:\Users\gaabs\Dropbox\all_e-learing\e-learning\e_learning\templates\home_page_partials\offcanvas.html notified as changed. Signal results: [(<function template_changed at 0x0000025AE4A75260>, True), (<function translation_file_changed at 0x0000025AE5A059E0>, None)].
File C:\Users\gaabs\Dropbox\all_e-learing\e-learning\e_learning\templates\home_page_partials\offcanvas.html previous mtime: 1721729607.7750099, current mtime: 1721729619.5177114
C:\Users\gaabs\Dropbox\all_e-learing\e-learning\e_learning\templates\home_page_partials\offcanvas.html notified as changed. Signal results: [(<function template_changed at 0x0000025AE4A75260>, True), (<function translation_file_changed at 0x0000025AE5A059E0>, None)].
File C:\Users\gaabs\Dropbox\all_e-learing\e-learning\e_learning\templates\home_page_partials\offcanvas.html previous mtime: 1721729619.5177114, current mtime: 1721729632.3689432
C:\Users\gaabs\Dropbox\all_e-learing\e-learning\e_learning\templates\home_page_partials\offcanvas.html notified as changed. Signal results: [(<function template_changed at 0x0000025AE4A75260>, True), (<function translation_file_changed at 0x0000025AE5A059E0>, None)].
File C:\Users\gaabs\Dropbox\all_e-learing\e-learning\e_learning\templates\home_page_partials\offcanvas.html previous mtime: 1721729632.3689432, current mtime: 1721729654.1633158
C:\Users\gaabs\Dropbox\all_e-learing\e-learning\e_learning\templates\home_page_partials\offcanvas.html notified as changed. Signal results: [(<function template_changed at 0x0000025AE4A75260>, True), (<function translation_file_changed at 0x0000025AE5A059E0>, None)].
"GET / HTTP/1.1" 200 203215
File C:\Users\gaabs\Dropbox\all_e-learing\e-learning\e_learning\templates\home_page_partials\offcanvas.html previous mtime: 1721729654.1633158, current mtime: 1721729685.8682618
C:\Users\gaabs\Dropbox\all_e-learing\e-learning\e_learning\templates\home_page_partials\offcanvas.html notified as changed. Signal results: [(<function template_changed at 0x0000025AE4A75260>, True), (<function translation_file_changed at 0x0000025AE5A059E0>, None)].
File C:\Users\gaabs\Dropbox\all_e-learing\e-learning\e_learning\templates\home_page_partials\offcanvas.html previous mtime: 1721729685.8682618, current mtime: 1721729692.9989996
C:\Users\gaabs\Dropbox\all_e-learing\e-learning\e_learning\templates\home_page_partials\offcanvas.html notified as changed. Signal results: [(<function template_changed at 0x0000025AE4A75260>, True), (<function translation_file_changed at 0x0000025AE5A059E0>, None)].
File C:\Users\gaabs\Dropbox\all_e-learing\e-learning\e_learning\templates\home_page_partials\offcanvas.html previous mtime: 1721729692.9989996, current mtime: 1721729705.2002451
C:\Users\gaabs\Dropbox\all_e-learing\e-learning\e_learning\templates\home_page_partials\offcanvas.html notified as changed. Signal results: [(<function template_changed at 0x0000025AE4A75260>, True), (<function translation_file_changed at 0x0000025AE5A059E0>, None)].
File C:\Users\gaabs\Dropbox\all_e-learing\e-learning\e_learning\templates\home_page_partials\offcanvas.html previous mtime: 1721729705.2002451, current mtime: 1721729708.3847725
C:\Users\gaabs\Dropbox\all_e-learing\e-learning\e_learning\templates\home_page_partials\offcanvas.html notified as changed. Signal results: [(<function template_changed at 0x0000025AE4A75260>, True), (<function translation_file_changed at 0x0000025AE5A059E0>, None)].
"GET / HTTP/1.1" 200 202070
File C:\Users\gaabs\Dropbox\all_e-learing\e-learning\e_learning\templates\home_page_partials\offcanvas.html previous mtime: 1721729708.3847725, current mtime: 1721729740.0819044
C:\Users\gaabs\Dropbox\all_e-learing\e-learning\e_learning\templates\home_page_partials\offcanvas.html notified as changed. Signal results: [(<function template_changed at 0x0000025AE4A75260>, True), (<function translation_file_changed at 0x0000025AE5A059E0>, None)].
File C:\Users\gaabs\Dropbox\all_e-learing\e-learning\e_learning\templates\home_page_partials\offcanvas.html previous mtime: 1721729740.0819044, current mtime: 1721729748.4356818
C:\Users\gaabs\Dropbox\all_e-learing\e-learning\e_learning\templates\home_page_partials\offcanvas.html notified as changed. Signal results: [(<function template_changed at 0x0000025AE4A75260>, True), (<function translation_file_changed at 0x0000025AE5A059E0>, None)].
File C:\Users\gaabs\Dropbox\all_e-learing\e-learning\e_learning\templates\home_page_partials\offcanvas.html previous mtime: 1721729748.4356818, current mtime: 1721729750.7813206
C:\Users\gaabs\Dropbox\all_e-learing\e-learning\e_learning\templates\home_page_partials\offcanvas.html notified as changed. Signal results: [(<function template_changed at 0x0000025AE4A75260>, True), (<function translation_file_changed at 0x0000025AE5A059E0>, None)].
File C:\Users\gaabs\Dropbox\all_e-learing\e-learning\e_learning\templates\home_page_partials\offcanvas.html previous mtime: 1721729750.7813206, current mtime: 1721729752.4721072
C:\Users\gaabs\Dropbox\all_e-learing\e-learning\e_learning\templates\home_page_partials\offcanvas.html notified as changed. Signal results: [(<function template_changed at 0x0000025AE4A75260>, True), (<function translation_file_changed at 0x0000025AE5A059E0>, None)].
"GET / HTTP/1.1" 200 203215
File C:\Users\gaabs\Dropbox\all_e-learing\e-learning\e_learning\templates\home_page_partials\offcanvas.html previous mtime: 1721729752.4721072, current mtime: 1721729821.035349
C:\Users\gaabs\Dropbox\all_e-learing\e-learning\e_learning\templates\home_page_partials\offcanvas.html notified as changed. Signal results: [(<function template_changed at 0x0000025AE4A75260>, True), (<function translation_file_changed at 0x0000025AE5A059E0>, None)].
File C:\Users\gaabs\Dropbox\all_e-learing\e-learning\e_learning\templates\home_page_partials\offcanvas.html previous mtime: 1721729821.035349, current mtime: 1721729823.4650085
C:\Users\gaabs\Dropbox\all_e-learing\e-learning\e_learning\templates\home_page_partials\offcanvas.html notified as changed. Signal results: [(<function template_changed at 0x0000025AE4A75260>, True), (<function translation_file_changed at 0x0000025AE5A059E0>, None)].
"GET / HTTP/1.1" 200 204316
File C:\Users\gaabs\Dropbox\all_e-learing\e-learning\e_learning\templates\home_page_partials\offcanvas.html previous mtime: 1721729823.4650085, current mtime: 1721729879.7594569
C:\Users\gaabs\Dropbox\all_e-learing\e-learning\e_learning\templates\home_page_partials\offcanvas.html notified as changed. Signal results: [(<function template_changed at 0x0000025AE4A75260>, True), (<function translation_file_changed at 0x0000025AE5A059E0>, None)].
"GET / HTTP/1.1" 200 204283
File C:\Users\gaabs\Dropbox\all_e-learing\e-learning\e_learning\templates\home_page_partials\offcanvas.html previous mtime: 1721729879.7594569, current mtime: 1721729911.2087386
C:\Users\gaabs\Dropbox\all_e-learing\e-learning\e_learning\templates\home_page_partials\offcanvas.html notified as changed. Signal results: [(<function template_changed at 0x0000025AE4A75260>, True), (<function translation_file_changed at 0x0000025AE5A059E0>, None)].
"GET / HTTP/1.1" 200 204294
"GET / HTTP/1.1" 200 204294
"GET /static/home_page_app/css/style.e1afddd1145c.css HTTP/1.1" 200 51716
- Broken pipe from ('127.0.0.1', 51058)

- Broken pipe from ('127.0.0.1', 51059)

- Broken pipe from ('127.0.0.1', 51060)

- Broken pipe from ('127.0.0.1', 51061)

- Broken pipe from ('127.0.0.1', 51062)

File C:\Users\gaabs\Dropbox\all_e-learing\e-learning\e_learning\templates\home_page_partials\offcanvas.html previous mtime: 1721729911.2087386, current mtime: 1721729934.4322462
C:\Users\gaabs\Dropbox\all_e-learing\e-learning\e_learning\templates\home_page_partials\offcanvas.html notified as changed. Signal results: [(<function template_changed at 0x0000025AE4A75260>, True), (<function translation_file_changed at 0x0000025AE5A059E0>, None)].
File C:\Users\gaabs\Dropbox\all_e-learing\e-learning\e_learning\templates\home_page_partials\offcanvas.html previous mtime: 1721729934.4322462, current mtime: 1721729936.8764927
C:\Users\gaabs\Dropbox\all_e-learing\e-learning\e_learning\templates\home_page_partials\offcanvas.html notified as changed. Signal results: [(<function template_changed at 0x0000025AE4A75260>, True), (<function translation_file_changed at 0x0000025AE5A059E0>, None)].
File C:\Users\gaabs\Dropbox\all_e-learing\e-learning\e_learning\templates\home_page_partials\offcanvas.html previous mtime: 1721729936.8764927, current mtime: 1721729941.3376305
C:\Users\gaabs\Dropbox\all_e-learing\e-learning\e_learning\templates\home_page_partials\offcanvas.html notified as changed. Signal results: [(<function template_changed at 0x0000025AE4A75260>, True), (<function translation_file_changed at 0x0000025AE5A059E0>, None)].
File C:\Users\gaabs\Dropbox\all_e-learing\e-learning\e_learning\templates\home_page_partials\offcanvas.html previous mtime: 1721729941.3376305, current mtime: 1721729943.1929522
C:\Users\gaabs\Dropbox\all_e-learing\e-learning\e_learning\templates\home_page_partials\offcanvas.html notified as changed. Signal results: [(<function template_changed at 0x0000025AE4A75260>, True), (<function translation_file_changed at 0x0000025AE5A059E0>, None)].
"GET / HTTP/1.1" 200 204273
File C:\Users\gaabs\Dropbox\all_e-learing\e-learning\e_learning\templates\home_page_partials\offcanvas.html previous mtime: 1721729943.1929522, current mtime: 1721729960.6298904
C:\Users\gaabs\Dropbox\all_e-learing\e-learning\e_learning\templates\home_page_partials\offcanvas.html notified as changed. Signal results: [(<function template_changed at 0x0000025AE4A75260>, True), (<function translation_file_changed at 0x0000025AE5A059E0>, None)].
File C:\Users\gaabs\Dropbox\all_e-learing\e-learning\e_learning\templates\home_page_partials\offcanvas.html previous mtime: 1721729960.6298904, current mtime: 1721729963.2957113
C:\Users\gaabs\Dropbox\all_e-learing\e-learning\e_learning\templates\home_page_partials\offcanvas.html notified as changed. Signal results: [(<function template_changed at 0x0000025AE4A75260>, True), (<function translation_file_changed at 0x0000025AE5A059E0>, None)].
"GET / HTTP/1.1" 200 204271
File C:\Users\gaabs\Dropbox\all_e-learing\e-learning\e_learning\templates\home_page_partials\offcanvas.html previous mtime: 1721729963.2957113, current mtime: 1721730211.993237
C:\Users\gaabs\Dropbox\all_e-learing\e-learning\e_learning\templates\home_page_partials\offcanvas.html notified as changed. Signal results: [(<function template_changed at 0x0000025AE4A75260>, True), (<function translation_file_changed at 0x0000025AE5A059E0>, None)].
Internal Server Error: /
Traceback (most recent call last):
  File "C:\Users\gaabs\AppData\Roaming\Python\Python311\site-packages\django\core\handlers\exception.py", line 55, in inner
    response = get_response(request)
               ^^^^^^^^^^^^^^^^^^^^^
  File "C:\Users\gaabs\AppData\Roaming\Python\Python311\site-packages\django\core\handlers\base.py", line 197, in _get_response
    response = wrapped_callback(request, *callback_args, **callback_kwargs)
               ^^^^^^^^^^^^^^^^^^^^^^^^^^^^^^^^^^^^^^^^^^^^^^^^^^^^^^^^^^^^
  File "C:\Users\gaabs\Dropbox\all_e-learing\e-learning\e_learning\home_page_app\views.py", line 6, in home_view
    return render(request, "home_page_app/index.html")
           ^^^^^^^^^^^^^^^^^^^^^^^^^^^^^^^^^^^^^^^^^^^
  File "C:\Users\gaabs\AppData\Roaming\Python\Python311\site-packages\django\shortcuts.py", line 24, in render
    content = loader.render_to_string(template_name, context, request, using=using)
              ^^^^^^^^^^^^^^^^^^^^^^^^^^^^^^^^^^^^^^^^^^^^^^^^^^^^^^^^^^^^^^^^^^^^^
  File "C:\Users\gaabs\AppData\Roaming\Python\Python311\site-packages\django\template\loader.py", line 62, in render_to_string
    return template.render(context, request)
           ^^^^^^^^^^^^^^^^^^^^^^^^^^^^^^^^^
  File "C:\Users\gaabs\AppData\Roaming\Python\Python311\site-packages\django\template\backends\django.py", line 62, in render
    return self.template.render(context)
           ^^^^^^^^^^^^^^^^^^^^^^^^^^^^^
  File "C:\Users\gaabs\AppData\Roaming\Python\Python311\site-packages\django\template\base.py", line 175, in render
    return self._render(context)
           ^^^^^^^^^^^^^^^^^^^^^
  File "C:\Users\gaabs\AppData\Roaming\Python\Python311\site-packages\django\template\base.py", line 167, in _render
    return self.nodelist.render(context)
           ^^^^^^^^^^^^^^^^^^^^^^^^^^^^^
  File "C:\Users\gaabs\AppData\Roaming\Python\Python311\site-packages\django\template\base.py", line 1000, in render
    return SafeString("".join([node.render_annotated(context) for node in self]))
                              ^^^^^^^^^^^^^^^^^^^^^^^^^^^^^^^^^^^^^^^^^^^^^^^^^
  File "C:\Users\gaabs\AppData\Roaming\Python\Python311\site-packages\django\template\base.py", line 1000, in <listcomp>
    return SafeString("".join([node.render_annotated(context) for node in self]))
                               ^^^^^^^^^^^^^^^^^^^^^^^^^^^^^^
  File "C:\Users\gaabs\AppData\Roaming\Python\Python311\site-packages\django\template\base.py", line 958, in render_annotated
    return self.render(context)
           ^^^^^^^^^^^^^^^^^^^^
  File "C:\Users\gaabs\AppData\Roaming\Python\Python311\site-packages\django\template\loader_tags.py", line 157, in render
    return compiled_parent._render(context)
           ^^^^^^^^^^^^^^^^^^^^^^^^^^^^^^^^
  File "C:\Users\gaabs\AppData\Roaming\Python\Python311\site-packages\django\template\base.py", line 167, in _render
    return self.nodelist.render(context)
           ^^^^^^^^^^^^^^^^^^^^^^^^^^^^^
  File "C:\Users\gaabs\AppData\Roaming\Python\Python311\site-packages\django\template\base.py", line 1000, in render
    return SafeString("".join([node.render_annotated(context) for node in self]))
                              ^^^^^^^^^^^^^^^^^^^^^^^^^^^^^^^^^^^^^^^^^^^^^^^^^
  File "C:\Users\gaabs\AppData\Roaming\Python\Python311\site-packages\django\template\base.py", line 1000, in <listcomp>
    return SafeString("".join([node.render_annotated(context) for node in self]))
                               ^^^^^^^^^^^^^^^^^^^^^^^^^^^^^^
  File "C:\Users\gaabs\AppData\Roaming\Python\Python311\site-packages\django\template\base.py", line 958, in render_annotated
    return self.render(context)
           ^^^^^^^^^^^^^^^^^^^^
  File "C:\Users\gaabs\AppData\Roaming\Python\Python311\site-packages\django\template\loader_tags.py", line 63, in render
    result = block.nodelist.render(context)
             ^^^^^^^^^^^^^^^^^^^^^^^^^^^^^^
  File "C:\Users\gaabs\AppData\Roaming\Python\Python311\site-packages\django\template\base.py", line 1000, in render
    return SafeString("".join([node.render_annotated(context) for node in self]))
                              ^^^^^^^^^^^^^^^^^^^^^^^^^^^^^^^^^^^^^^^^^^^^^^^^^
  File "C:\Users\gaabs\AppData\Roaming\Python\Python311\site-packages\django\template\base.py", line 1000, in <listcomp>
    return SafeString("".join([node.render_annotated(context) for node in self]))
                               ^^^^^^^^^^^^^^^^^^^^^^^^^^^^^^
  File "C:\Users\gaabs\AppData\Roaming\Python\Python311\site-packages\django\template\base.py", line 958, in render_annotated
    return self.render(context)
           ^^^^^^^^^^^^^^^^^^^^
  File "C:\Users\gaabs\AppData\Roaming\Python\Python311\site-packages\django\template\loader_tags.py", line 63, in render
    result = block.nodelist.render(context)
             ^^^^^^^^^^^^^^^^^^^^^^^^^^^^^^
  File "C:\Users\gaabs\AppData\Roaming\Python\Python311\site-packages\django\template\base.py", line 1000, in render
    return SafeString("".join([node.render_annotated(context) for node in self]))
                              ^^^^^^^^^^^^^^^^^^^^^^^^^^^^^^^^^^^^^^^^^^^^^^^^^
  File "C:\Users\gaabs\AppData\Roaming\Python\Python311\site-packages\django\template\base.py", line 1000, in <listcomp>
    return SafeString("".join([node.render_annotated(context) for node in self]))
                               ^^^^^^^^^^^^^^^^^^^^^^^^^^^^^^
  File "C:\Users\gaabs\AppData\Roaming\Python\Python311\site-packages\django\template\base.py", line 958, in render_annotated
    return self.render(context)
           ^^^^^^^^^^^^^^^^^^^^
  File "C:\Users\gaabs\AppData\Roaming\Python\Python311\site-packages\django\template\loader_tags.py", line 208, in render
    return template.render(context)
           ^^^^^^^^^^^^^^^^^^^^^^^^
  File "C:\Users\gaabs\AppData\Roaming\Python\Python311\site-packages\django\template\base.py", line 177, in render
    return self._render(context)
           ^^^^^^^^^^^^^^^^^^^^^
  File "C:\Users\gaabs\AppData\Roaming\Python\Python311\site-packages\django\template\base.py", line 167, in _render
    return self.nodelist.render(context)
           ^^^^^^^^^^^^^^^^^^^^^^^^^^^^^
  File "C:\Users\gaabs\AppData\Roaming\Python\Python311\site-packages\django\template\base.py", line 1000, in render
    return SafeString("".join([node.render_annotated(context) for node in self]))
                              ^^^^^^^^^^^^^^^^^^^^^^^^^^^^^^^^^^^^^^^^^^^^^^^^^
  File "C:\Users\gaabs\AppData\Roaming\Python\Python311\site-packages\django\template\base.py", line 1000, in <listcomp>
    return SafeString("".join([node.render_annotated(context) for node in self]))
                               ^^^^^^^^^^^^^^^^^^^^^^^^^^^^^^
  File "C:\Users\gaabs\AppData\Roaming\Python\Python311\site-packages\django\template\base.py", line 958, in render_annotated
    return self.render(context)
           ^^^^^^^^^^^^^^^^^^^^
  File "C:\Users\gaabs\AppData\Roaming\Python\Python311\site-packages\django\template\defaulttags.py", line 472, in render
    url = reverse(view_name, args=args, kwargs=kwargs, current_app=current_app)
          ^^^^^^^^^^^^^^^^^^^^^^^^^^^^^^^^^^^^^^^^^^^^^^^^^^^^^^^^^^^^^^^^^^^^^
  File "C:\Users\gaabs\AppData\Roaming\Python\Python311\site-packages\django\urls\base.py", line 88, in reverse
    return resolver._reverse_with_prefix(view, prefix, *args, **kwargs)
           ^^^^^^^^^^^^^^^^^^^^^^^^^^^^^^^^^^^^^^^^^^^^^^^^^^^^^^^^^^^^
  File "C:\Users\gaabs\AppData\Roaming\Python\Python311\site-packages\django\urls\resolvers.py", line 802, in _reverse_with_prefix
    raise NoReverseMatch(msg)
django.urls.exceptions.NoReverseMatch: Reverse for 'student_dashboard' with arguments '(None,)' not found. 1 pattern(s) tried: ['student_dasbhoard/(?P<id>[0-9]+)/\\Z']
"GET / HTTP/1.1" 500 9856
File C:\Users\gaabs\Dropbox\all_e-learing\e-learning\e_learning\templates\home_page_partials\offcanvas.html previous mtime: 1721730211.993237, current mtime: 1721730228.814375
C:\Users\gaabs\Dropbox\all_e-learing\e-learning\e_learning\templates\home_page_partials\offcanvas.html notified as changed. Signal results: [(<function template_changed at 0x0000025AE4A75260>, True), (<function translation_file_changed at 0x0000025AE5A059E0>, None)].
Internal Server Error: /
Traceback (most recent call last):
  File "C:\Users\gaabs\AppData\Roaming\Python\Python311\site-packages\django\core\handlers\exception.py", line 55, in inner
    response = get_response(request)
               ^^^^^^^^^^^^^^^^^^^^^
  File "C:\Users\gaabs\AppData\Roaming\Python\Python311\site-packages\django\core\handlers\base.py", line 197, in _get_response
    response = wrapped_callback(request, *callback_args, **callback_kwargs)
               ^^^^^^^^^^^^^^^^^^^^^^^^^^^^^^^^^^^^^^^^^^^^^^^^^^^^^^^^^^^^
  File "C:\Users\gaabs\Dropbox\all_e-learing\e-learning\e_learning\home_page_app\views.py", line 6, in home_view
    return render(request, "home_page_app/index.html")
           ^^^^^^^^^^^^^^^^^^^^^^^^^^^^^^^^^^^^^^^^^^^
  File "C:\Users\gaabs\AppData\Roaming\Python\Python311\site-packages\django\shortcuts.py", line 24, in render
    content = loader.render_to_string(template_name, context, request, using=using)
              ^^^^^^^^^^^^^^^^^^^^^^^^^^^^^^^^^^^^^^^^^^^^^^^^^^^^^^^^^^^^^^^^^^^^^
  File "C:\Users\gaabs\AppData\Roaming\Python\Python311\site-packages\django\template\loader.py", line 62, in render_to_string
    return template.render(context, request)
           ^^^^^^^^^^^^^^^^^^^^^^^^^^^^^^^^^
  File "C:\Users\gaabs\AppData\Roaming\Python\Python311\site-packages\django\template\backends\django.py", line 62, in render
    return self.template.render(context)
           ^^^^^^^^^^^^^^^^^^^^^^^^^^^^^
  File "C:\Users\gaabs\AppData\Roaming\Python\Python311\site-packages\django\template\base.py", line 175, in render
    return self._render(context)
           ^^^^^^^^^^^^^^^^^^^^^
  File "C:\Users\gaabs\AppData\Roaming\Python\Python311\site-packages\django\template\base.py", line 167, in _render
    return self.nodelist.render(context)
           ^^^^^^^^^^^^^^^^^^^^^^^^^^^^^
  File "C:\Users\gaabs\AppData\Roaming\Python\Python311\site-packages\django\template\base.py", line 1000, in render
    return SafeString("".join([node.render_annotated(context) for node in self]))
                              ^^^^^^^^^^^^^^^^^^^^^^^^^^^^^^^^^^^^^^^^^^^^^^^^^
  File "C:\Users\gaabs\AppData\Roaming\Python\Python311\site-packages\django\template\base.py", line 1000, in <listcomp>
    return SafeString("".join([node.render_annotated(context) for node in self]))
                               ^^^^^^^^^^^^^^^^^^^^^^^^^^^^^^
  File "C:\Users\gaabs\AppData\Roaming\Python\Python311\site-packages\django\template\base.py", line 958, in render_annotated
    return self.render(context)
           ^^^^^^^^^^^^^^^^^^^^
  File "C:\Users\gaabs\AppData\Roaming\Python\Python311\site-packages\django\template\loader_tags.py", line 157, in render
    return compiled_parent._render(context)
           ^^^^^^^^^^^^^^^^^^^^^^^^^^^^^^^^
  File "C:\Users\gaabs\AppData\Roaming\Python\Python311\site-packages\django\template\base.py", line 167, in _render
    return self.nodelist.render(context)
           ^^^^^^^^^^^^^^^^^^^^^^^^^^^^^
  File "C:\Users\gaabs\AppData\Roaming\Python\Python311\site-packages\django\template\base.py", line 1000, in render
    return SafeString("".join([node.render_annotated(context) for node in self]))
                              ^^^^^^^^^^^^^^^^^^^^^^^^^^^^^^^^^^^^^^^^^^^^^^^^^
  File "C:\Users\gaabs\AppData\Roaming\Python\Python311\site-packages\django\template\base.py", line 1000, in <listcomp>
    return SafeString("".join([node.render_annotated(context) for node in self]))
                               ^^^^^^^^^^^^^^^^^^^^^^^^^^^^^^
  File "C:\Users\gaabs\AppData\Roaming\Python\Python311\site-packages\django\template\base.py", line 958, in render_annotated
    return self.render(context)
           ^^^^^^^^^^^^^^^^^^^^
  File "C:\Users\gaabs\AppData\Roaming\Python\Python311\site-packages\django\template\loader_tags.py", line 63, in render
    result = block.nodelist.render(context)
             ^^^^^^^^^^^^^^^^^^^^^^^^^^^^^^
  File "C:\Users\gaabs\AppData\Roaming\Python\Python311\site-packages\django\template\base.py", line 1000, in render
    return SafeString("".join([node.render_annotated(context) for node in self]))
                              ^^^^^^^^^^^^^^^^^^^^^^^^^^^^^^^^^^^^^^^^^^^^^^^^^
  File "C:\Users\gaabs\AppData\Roaming\Python\Python311\site-packages\django\template\base.py", line 1000, in <listcomp>
    return SafeString("".join([node.render_annotated(context) for node in self]))
                               ^^^^^^^^^^^^^^^^^^^^^^^^^^^^^^
  File "C:\Users\gaabs\AppData\Roaming\Python\Python311\site-packages\django\template\base.py", line 958, in render_annotated
    return self.render(context)
           ^^^^^^^^^^^^^^^^^^^^
  File "C:\Users\gaabs\AppData\Roaming\Python\Python311\site-packages\django\template\loader_tags.py", line 63, in render
    result = block.nodelist.render(context)
             ^^^^^^^^^^^^^^^^^^^^^^^^^^^^^^
  File "C:\Users\gaabs\AppData\Roaming\Python\Python311\site-packages\django\template\base.py", line 1000, in render
    return SafeString("".join([node.render_annotated(context) for node in self]))
                              ^^^^^^^^^^^^^^^^^^^^^^^^^^^^^^^^^^^^^^^^^^^^^^^^^
  File "C:\Users\gaabs\AppData\Roaming\Python\Python311\site-packages\django\template\base.py", line 1000, in <listcomp>
    return SafeString("".join([node.render_annotated(context) for node in self]))
                               ^^^^^^^^^^^^^^^^^^^^^^^^^^^^^^
  File "C:\Users\gaabs\AppData\Roaming\Python\Python311\site-packages\django\template\base.py", line 958, in render_annotated
    return self.render(context)
           ^^^^^^^^^^^^^^^^^^^^
  File "C:\Users\gaabs\AppData\Roaming\Python\Python311\site-packages\django\template\loader_tags.py", line 208, in render
    return template.render(context)
           ^^^^^^^^^^^^^^^^^^^^^^^^
  File "C:\Users\gaabs\AppData\Roaming\Python\Python311\site-packages\django\template\base.py", line 177, in render
    return self._render(context)
           ^^^^^^^^^^^^^^^^^^^^^
  File "C:\Users\gaabs\AppData\Roaming\Python\Python311\site-packages\django\template\base.py", line 167, in _render
    return self.nodelist.render(context)
           ^^^^^^^^^^^^^^^^^^^^^^^^^^^^^
  File "C:\Users\gaabs\AppData\Roaming\Python\Python311\site-packages\django\template\base.py", line 1000, in render
    return SafeString("".join([node.render_annotated(context) for node in self]))
                              ^^^^^^^^^^^^^^^^^^^^^^^^^^^^^^^^^^^^^^^^^^^^^^^^^
  File "C:\Users\gaabs\AppData\Roaming\Python\Python311\site-packages\django\template\base.py", line 1000, in <listcomp>
    return SafeString("".join([node.render_annotated(context) for node in self]))
                               ^^^^^^^^^^^^^^^^^^^^^^^^^^^^^^
  File "C:\Users\gaabs\AppData\Roaming\Python\Python311\site-packages\django\template\base.py", line 958, in render_annotated
    return self.render(context)
           ^^^^^^^^^^^^^^^^^^^^
  File "C:\Users\gaabs\AppData\Roaming\Python\Python311\site-packages\django\template\defaulttags.py", line 472, in render
    url = reverse(view_name, args=args, kwargs=kwargs, current_app=current_app)
          ^^^^^^^^^^^^^^^^^^^^^^^^^^^^^^^^^^^^^^^^^^^^^^^^^^^^^^^^^^^^^^^^^^^^^
  File "C:\Users\gaabs\AppData\Roaming\Python\Python311\site-packages\django\urls\base.py", line 88, in reverse
    return resolver._reverse_with_prefix(view, prefix, *args, **kwargs)
           ^^^^^^^^^^^^^^^^^^^^^^^^^^^^^^^^^^^^^^^^^^^^^^^^^^^^^^^^^^^^
  File "C:\Users\gaabs\AppData\Roaming\Python\Python311\site-packages\django\urls\resolvers.py", line 802, in _reverse_with_prefix
    raise NoReverseMatch(msg)
django.urls.exceptions.NoReverseMatch: Reverse for 'student_dashboard' with arguments '(None,)' not found. 1 pattern(s) tried: ['student_dasbhoard/(?P<id>[0-9]+)/\\Z']
"GET / HTTP/1.1" 500 9856
File C:\Users\gaabs\Dropbox\all_e-learing\e-learning\e_learning\templates\home_page_partials\offcanvas.html previous mtime: 1721730228.814375, current mtime: 1721730245.1896038
C:\Users\gaabs\Dropbox\all_e-learing\e-learning\e_learning\templates\home_page_partials\offcanvas.html notified as changed. Signal results: [(<function template_changed at 0x0000025AE4A75260>, True), (<function translation_file_changed at 0x0000025AE5A059E0>, None)].
"GET / HTTP/1.1" 200 203213
File C:\Users\gaabs\Dropbox\all_e-learing\e-learning\e_learning\templates\home_page_partials\offcanvas.html previous mtime: 1721730245.1896038, current mtime: 1721730285.8164308
C:\Users\gaabs\Dropbox\all_e-learing\e-learning\e_learning\templates\home_page_partials\offcanvas.html notified as changed. Signal results: [(<function template_changed at 0x0000025AE4A75260>, True), (<function translation_file_changed at 0x0000025AE5A059E0>, None)].
File C:\Users\gaabs\Dropbox\all_e-learing\e-learning\e_learning\templates\home_page_partials\offcanvas.html previous mtime: 1721730285.8164308, current mtime: 1721730288.9144716
C:\Users\gaabs\Dropbox\all_e-learing\e-learning\e_learning\templates\home_page_partials\offcanvas.html notified as changed. Signal results: [(<function template_changed at 0x0000025AE4A75260>, True), (<function translation_file_changed at 0x0000025AE5A059E0>, None)].
File C:\Users\gaabs\Dropbox\all_e-learing\e-learning\e_learning\templates\home_page_partials\offcanvas.html previous mtime: 1721730288.9144716, current mtime: 1721730296.364838
C:\Users\gaabs\Dropbox\all_e-learing\e-learning\e_learning\templates\home_page_partials\offcanvas.html notified as changed. Signal results: [(<function template_changed at 0x0000025AE4A75260>, True), (<function translation_file_changed at 0x0000025AE5A059E0>, None)].
File C:\Users\gaabs\Dropbox\all_e-learing\e-learning\e_learning\templates\home_page_partials\offcanvas.html previous mtime: 1721730296.364838, current mtime: 1721730300.7651174
C:\Users\gaabs\Dropbox\all_e-learing\e-learning\e_learning\templates\home_page_partials\offcanvas.html notified as changed. Signal results: [(<function template_changed at 0x0000025AE4A75260>, True), (<function translation_file_changed at 0x0000025AE5A059E0>, None)].
"GET / HTTP/1.1" 200 204387
File C:\Users\gaabs\Dropbox\all_e-learing\e-learning\e_learning\templates\home_page_partials\offcanvas.html previous mtime: 1721730300.7651174, current mtime: 1721730341.5005863
C:\Users\gaabs\Dropbox\all_e-learing\e-learning\e_learning\templates\home_page_partials\offcanvas.html notified as changed. Signal results: [(<function template_changed at 0x0000025AE4A75260>, True), (<function translation_file_changed at 0x0000025AE5A059E0>, None)].
File C:\Users\gaabs\Dropbox\all_e-learing\e-learning\e_learning\templates\home_page_partials\offcanvas.html previous mtime: 1721730341.5005863, current mtime: 1721730345.3871086
C:\Users\gaabs\Dropbox\all_e-learing\e-learning\e_learning\templates\home_page_partials\offcanvas.html notified as changed. Signal results: [(<function template_changed at 0x0000025AE4A75260>, True), (<function translation_file_changed at 0x0000025AE5A059E0>, None)].
File C:\Users\gaabs\Dropbox\all_e-learing\e-learning\e_learning\templates\home_page_partials\offcanvas.html previous mtime: 1721730345.3871086, current mtime: 1721730347.332129
C:\Users\gaabs\Dropbox\all_e-learing\e-learning\e_learning\templates\home_page_partials\offcanvas.html notified as changed. Signal results: [(<function template_changed at 0x0000025AE4A75260>, True), (<function translation_file_changed at 0x0000025AE5A059E0>, None)].
File C:\Users\gaabs\Dropbox\all_e-learing\e-learning\e_learning\templates\home_page_partials\offcanvas.html previous mtime: 1721730347.332129, current mtime: 1721730380.9931087
C:\Users\gaabs\Dropbox\all_e-learing\e-learning\e_learning\templates\home_page_partials\offcanvas.html notified as changed. Signal results: [(<function template_changed at 0x0000025AE4A75260>, True), (<function translation_file_changed at 0x0000025AE5A059E0>, None)].
"GET / HTTP/1.1" 200 204353
- Broken pipe from ('127.0.0.1', 51453)

"GET /static/home_page_app/css/vendor/edumall-icon.cea6a8519d8a.css HTTP/1.1" 200 662
"GET /static/home_page_app/css/plugins/aos.72429fd5ad7d.css HTTP/1.1" 200 2196
- Broken pipe from ('127.0.0.1', 51459)

- Broken pipe from ('127.0.0.1', 51461)

- Broken pipe from ('127.0.0.1', 51463)

- Broken pipe from ('127.0.0.1', 51464)

- Broken pipe from ('127.0.0.1', 51466)

- Broken pipe from ('127.0.0.1', 51467)

File C:\Users\gaabs\Dropbox\all_e-learing\e-learning\e_learning\templates\home_page_partials\offcanvas.html previous mtime: 1721730380.9931087, current mtime: 1721730445.0127
C:\Users\gaabs\Dropbox\all_e-learing\e-learning\e_learning\templates\home_page_partials\offcanvas.html notified as changed. Signal results: [(<function template_changed at 0x0000025AE4A75260>, True), (<function translation_file_changed at 0x0000025AE5A059E0>, None)].
File C:\Users\gaabs\Dropbox\all_e-learing\e-learning\e_learning\templates\home_page_partials\offcanvas.html previous mtime: 1721730445.0127, current mtime: 1721730448.079038
C:\Users\gaabs\Dropbox\all_e-learing\e-learning\e_learning\templates\home_page_partials\offcanvas.html notified as changed. Signal results: [(<function template_changed at 0x0000025AE4A75260>, True), (<function translation_file_changed at 0x0000025AE5A059E0>, None)].
File C:\Users\gaabs\Dropbox\all_e-learing\e-learning\e_learning\templates\home_page_partials\offcanvas.html previous mtime: 1721730448.079038, current mtime: 1721730450.8237305
C:\Users\gaabs\Dropbox\all_e-learing\e-learning\e_learning\templates\home_page_partials\offcanvas.html notified as changed. Signal results: [(<function template_changed at 0x0000025AE4A75260>, True), (<function translation_file_changed at 0x0000025AE5A059E0>, None)].
"GET / HTTP/1.1" 200 204364
File C:\Users\gaabs\Dropbox\all_e-learing\e-learning\e_learning\templates\home_page_partials\offcanvas.html previous mtime: 1721730450.8237305, current mtime: 1721730476.8065834
C:\Users\gaabs\Dropbox\all_e-learing\e-learning\e_learning\templates\home_page_partials\offcanvas.html notified as changed. Signal results: [(<function template_changed at 0x0000025AE4A75260>, True), (<function translation_file_changed at 0x0000025AE5A059E0>, None)].
File C:\Users\gaabs\Dropbox\all_e-learing\e-learning\e_learning\templates\home_page_partials\offcanvas.html previous mtime: 1721730476.8065834, current mtime: 1721730478.0106072
C:\Users\gaabs\Dropbox\all_e-learing\e-learning\e_learning\templates\home_page_partials\offcanvas.html notified as changed. Signal results: [(<function template_changed at 0x0000025AE4A75260>, True), (<function translation_file_changed at 0x0000025AE5A059E0>, None)].
File C:\Users\gaabs\Dropbox\all_e-learing\e-learning\e_learning\templates\home_page_partials\offcanvas.html previous mtime: 1721730478.0106072, current mtime: 1721730480.6931052
C:\Users\gaabs\Dropbox\all_e-learing\e-learning\e_learning\templates\home_page_partials\offcanvas.html notified as changed. Signal results: [(<function template_changed at 0x0000025AE4A75260>, True), (<function translation_file_changed at 0x0000025AE5A059E0>, None)].
File C:\Users\gaabs\Dropbox\all_e-learing\e-learning\e_learning\templates\home_page_partials\offcanvas.html previous mtime: 1721730480.6931052, current mtime: 1721730483.578438
C:\Users\gaabs\Dropbox\all_e-learing\e-learning\e_learning\templates\home_page_partials\offcanvas.html notified as changed. Signal results: [(<function template_changed at 0x0000025AE4A75260>, True), (<function translation_file_changed at 0x0000025AE5A059E0>, None)].
File C:\Users\gaabs\Dropbox\all_e-learing\e-learning\e_learning\templates\home_page_partials\offcanvas.html previous mtime: 1721730483.578438, current mtime: 1721730487.0557125
C:\Users\gaabs\Dropbox\all_e-learing\e-learning\e_learning\templates\home_page_partials\offcanvas.html notified as changed. Signal results: [(<function template_changed at 0x0000025AE4A75260>, True), (<function translation_file_changed at 0x0000025AE5A059E0>, None)].
File C:\Users\gaabs\Dropbox\all_e-learing\e-learning\e_learning\templates\home_page_partials\offcanvas.html previous mtime: 1721730487.0557125, current mtime: 1721730488.502885
C:\Users\gaabs\Dropbox\all_e-learing\e-learning\e_learning\templates\home_page_partials\offcanvas.html notified as changed. Signal results: [(<function template_changed at 0x0000025AE4A75260>, True), (<function translation_file_changed at 0x0000025AE5A059E0>, None)].
File C:\Users\gaabs\Dropbox\all_e-learing\e-learning\e_learning\templates\home_page_partials\offcanvas.html previous mtime: 1721730488.502885, current mtime: 1721730489.5817008
C:\Users\gaabs\Dropbox\all_e-learing\e-learning\e_learning\templates\home_page_partials\offcanvas.html notified as changed. Signal results: [(<function template_changed at 0x0000025AE4A75260>, True), (<function translation_file_changed at 0x0000025AE5A059E0>, None)].
File C:\Users\gaabs\Dropbox\all_e-learing\e-learning\e_learning\templates\home_page_partials\offcanvas.html previous mtime: 1721730489.5817008, current mtime: 1721730496.2469823
C:\Users\gaabs\Dropbox\all_e-learing\e-learning\e_learning\templates\home_page_partials\offcanvas.html notified as changed. Signal results: [(<function template_changed at 0x0000025AE4A75260>, True), (<function translation_file_changed at 0x0000025AE5A059E0>, None)].
File C:\Users\gaabs\Dropbox\all_e-learing\e-learning\e_learning\templates\home_page_partials\offcanvas.html previous mtime: 1721730496.2469823, current mtime: 1721730500.4415507
C:\Users\gaabs\Dropbox\all_e-learing\e-learning\e_learning\templates\home_page_partials\offcanvas.html notified as changed. Signal results: [(<function template_changed at 0x0000025AE4A75260>, True), (<function translation_file_changed at 0x0000025AE5A059E0>, None)].
"GET / HTTP/1.1" 200 203213
File C:\Users\gaabs\Dropbox\all_e-learing\e-learning\e_learning\templates\home_page_partials\offcanvas.html previous mtime: 1721730500.4415507, current mtime: 1721730525.6956732
C:\Users\gaabs\Dropbox\all_e-learing\e-learning\e_learning\templates\home_page_partials\offcanvas.html notified as changed. Signal results: [(<function template_changed at 0x0000025AE4A75260>, True), (<function translation_file_changed at 0x0000025AE5A059E0>, None)].
"GET /student_dasbhoard/1/ HTTP/1.1" 200 15959
"GET /static/home_page_app/fonts/edumi/Edumalldb55.84b677e97222.ttf?9ajmsy HTTP/1.1" 200 5150
"GET /course_list/ HTTP/1.1" 200 98327
"GET /static/home_page_app/fonts/webfonts/fa-regular-400.b91d376b8d76.woff2 HTTP/1.1" 200 13224
"GET /about/ HTTP/1.1" 200 106143
"GET /static/home_page_app/images/faqs-image.c653057dca9a.png HTTP/1.1" 200 72874
- Broken pipe from ('127.0.0.1', 51566)

"GET /static/home_page_app/images/team/team-member-09.c6a2fdeb8845.jpg HTTP/1.1" 200 13726
- Broken pipe from ('127.0.0.1', 51568)

"GET /static/home_page_app/images/team/team-member-11.fea07d1dc6c1.jpg HTTP/1.1" 200 13548
- Broken pipe from ('127.0.0.1', 51571)

- Broken pipe from ('127.0.0.1', 51572)

"GET /static/home_page_app/images/team/team-member-07.cabbc13d982b.jpg HTTP/1.1" 200 14812
- Broken pipe from ('127.0.0.1', 51574)

- Broken pipe from ('127.0.0.1', 51565)

- Broken pipe from ('127.0.0.1', 51575)

"GET / HTTP/1.1" 200 203213
